00:02:33 : RCon admin #0: (Global) NO PVP WITHIN 200m OF TRADER SAFE ZONES excluding ATMS's. Vehicles left in trader zones will be moved to the vehicle pound
﻿00:28:33 : RCon admin #0: (Global) BASES MUST BE MAINTAINED VIA THE PLOT POLE AND SAFES USED EVERY 7 DAYS OR THEY MAY BE DELETED!!
﻿00:32:33 : RCon admin #0: (Global) NO PVP WITHIN 200m OF TRADER SAFE ZONES excluding ATMS's. Vehicles left in trader zones will be moved to the vehicle pound
﻿00:58:33 : RCon admin #0: (Global) BASES MUST BE MAINTAINED VIA THE PLOT POLE AND SAFES USED EVERY 7 DAYS OR THEY MAY BE DELETED!!
﻿01:02:33 : RCon admin #0: (Global) NO PVP WITHIN 200m OF TRADER SAFE ZONES excluding ATMS's. Vehicles left in trader zones will be moved to the vehicle pound
﻿01:03:33 : RCon admin #0: (Global) Server will restart in 10 minutes
﻿01:08:33 : RCon admin #0: (Global) Server will restart in 5 minutes: Prepare to Logout
﻿01:10:33 : RCon admin #0: (Global) The Server is about to restart. LOG OUT NOW OR YOUR GEAR MAY BE LOST!!
﻿01:11:33 : RCon admin #0: (Global) YOU SHOULD BE LOGGED OUT BY NOW! IF YOU ARENT YOU WILL BE AUTO KICKED AND YOUR GEAR MAY BE LOST! NO REFUNDS!
﻿01:14:06 : Rcon client logging in
﻿01:14:06 : RCon admin #0 (78.31.67.100:51599) logged in
﻿01:29:07 : RCon admin #0: (Global) BASES MUST BE MAINTAINED VIA THE PLOT POLE AND SAFES USED EVERY 7 DAYS OR THEY MAY BE DELETED!!
﻿01:33:07 : RCon admin #0: (Global) NO PVP WITHIN 200m OF TRADER SAFE ZONES excluding ATMS's. Vehicles left in trader zones will be moved to the vehicle pound
﻿01:59:07 : RCon admin #0: (Global) BASES MUST BE MAINTAINED VIA THE PLOT POLE AND SAFES USED EVERY 7 DAYS OR THEY MAY BE DELETED!!
﻿02:03:07 : RCon admin #0: (Global) NO PVP WITHIN 200m OF TRADER SAFE ZONES excluding ATMS's. Vehicles left in trader zones will be moved to the vehicle pound
﻿02:29:07 : RCon admin #0: (Global) BASES MUST BE MAINTAINED VIA THE PLOT POLE AND SAFES USED EVERY 7 DAYS OR THEY MAY BE DELETED!!
﻿02:33:07 : RCon admin #0: (Global) NO PVP WITHIN 200m OF TRADER SAFE ZONES excluding ATMS's. Vehicles left in trader zones will be moved to the vehicle pound
﻿02:59:07 : RCon admin #0: (Global) BASES MUST BE MAINTAINED VIA THE PLOT POLE AND SAFES USED EVERY 7 DAYS OR THEY MAY BE DELETED!!
﻿03:03:07 : RCon admin #0: (Global) NO PVP WITHIN 200m OF TRADER SAFE ZONES excluding ATMS's. Vehicles left in trader zones will be moved to the vehicle pound
﻿03:04:07 : RCon admin #0: (Global) Server will restart in 10 minutes
﻿03:09:07 : RCon admin #0: (Global) Server will restart in 5 minutes: Prepare to Logout
﻿03:11:07 : RCon admin #0: (Global) The Server is about to restart. LOG OUT NOW OR YOUR GEAR MAY BE LOST!!
﻿03:12:07 : RCon admin #0: (Global) YOU SHOULD BE LOGGED OUT BY NOW! IF YOU ARENT YOU WILL BE AUTO KICKED AND YOUR GEAR MAY BE LOST! NO REFUNDS!
﻿03:14:40 : Rcon client logging in
﻿03:14:40 : RCon admin #0 (78.31.67.100:62328) logged in
﻿03:29:41 : RCon admin #0: (Global) BASES MUST BE MAINTAINED VIA THE PLOT POLE AND SAFES USED EVERY 7 DAYS OR THEY MAY BE DELETED!!
﻿03:33:41 : RCon admin #0: (Global) NO PVP WITHIN 200m OF TRADER SAFE ZONES excluding ATMS's. Vehicles left in trader zones will be moved to the vehicle pound
﻿03:59:41 : RCon admin #0: (Global) BASES MUST BE MAINTAINED VIA THE PLOT POLE AND SAFES USED EVERY 7 DAYS OR THEY MAY BE DELETED!!
﻿04:03:41 : RCon admin #0: (Global) NO PVP WITHIN 200m OF TRADER SAFE ZONES excluding ATMS's. Vehicles left in trader zones will be moved to the vehicle pound
﻿04:29:41 : RCon admin #0: (Global) BASES MUST BE MAINTAINED VIA THE PLOT POLE AND SAFES USED EVERY 7 DAYS OR THEY MAY BE DELETED!!
﻿04:33:41 : RCon admin #0: (Global) NO PVP WITHIN 200m OF TRADER SAFE ZONES excluding ATMS's. Vehicles left in trader zones will be moved to the vehicle pound
﻿04:59:41 : RCon admin #0: (Global) BASES MUST BE MAINTAINED VIA THE PLOT POLE AND SAFES USED EVERY 7 DAYS OR THEY MAY BE DELETED!!
﻿05:03:41 : RCon admin #0: (Global) NO PVP WITHIN 200m OF TRADER SAFE ZONES excluding ATMS's. Vehicles left in trader zones will be moved to the vehicle pound
﻿05:04:41 : RCon admin #0: (Global) Server will restart in 10 minutes
﻿05:09:41 : RCon admin #0: (Global) Server will restart in 5 minutes: Prepare to Logout
﻿05:11:41 : RCon admin #0: (Global) The Server is about to restart. LOG OUT NOW OR YOUR GEAR MAY BE LOST!!
﻿05:12:41 : RCon admin #0: (Global) YOU SHOULD BE LOGGED OUT BY NOW! IF YOU ARENT YOU WILL BE AUTO KICKED AND YOUR GEAR MAY BE LOST! NO REFUNDS!
﻿05:15:14 : Rcon client logging in
﻿05:15:14 : RCon admin #0 (78.31.67.100:56353) logged in
﻿05:30:15 : RCon admin #0: (Global) BASES MUST BE MAINTAINED VIA THE PLOT POLE AND SAFES USED EVERY 7 DAYS OR THEY MAY BE DELETED!!
﻿05:34:15 : RCon admin #0: (Global) NO PVP WITHIN 200m OF TRADER SAFE ZONES excluding ATMS's. Vehicles left in trader zones will be moved to the vehicle pound
﻿06:00:15 : RCon admin #0: (Global) BASES MUST BE MAINTAINED VIA THE PLOT POLE AND SAFES USED EVERY 7 DAYS OR THEY MAY BE DELETED!!
﻿06:04:15 : RCon admin #0: (Global) NO PVP WITHIN 200m OF TRADER SAFE ZONES excluding ATMS's. Vehicles left in trader zones will be moved to the vehicle pound
﻿06:30:15 : RCon admin #0: (Global) BASES MUST BE MAINTAINED VIA THE PLOT POLE AND SAFES USED EVERY 7 DAYS OR THEY MAY BE DELETED!!
﻿06:34:15 : RCon admin #0: (Global) NO PVP WITHIN 200m OF TRADER SAFE ZONES excluding ATMS's. Vehicles left in trader zones will be moved to the vehicle pound
﻿07:00:15 : RCon admin #0: (Global) BASES MUST BE MAINTAINED VIA THE PLOT POLE AND SAFES USED EVERY 7 DAYS OR THEY MAY BE DELETED!!
﻿07:04:15 : RCon admin #0: (Global) NO PVP WITHIN 200m OF TRADER SAFE ZONES excluding ATMS's. Vehicles left in trader zones will be moved to the vehicle pound
﻿07:05:15 : RCon admin #0: (Global) Server will restart in 10 minutes
﻿07:10:15 : RCon admin #0: (Global) Server will restart in 5 minutes: Prepare to Logout
﻿07:12:15 : RCon admin #0: (Global) The Server is about to restart. LOG OUT NOW OR YOUR GEAR MAY BE LOST!!
﻿07:13:15 : RCon admin #0: (Global) YOU SHOULD BE LOGGED OUT BY NOW! IF YOU ARENT YOU WILL BE AUTO KICKED AND YOUR GEAR MAY BE LOST! NO REFUNDS!
﻿07:15:48 : Rcon client logging in
﻿07:15:48 : RCon admin #0 (78.31.67.100:58634) logged in
﻿07:30:48 : RCon admin #0: (Global) BASES MUST BE MAINTAINED VIA THE PLOT POLE AND SAFES USED EVERY 7 DAYS OR THEY MAY BE DELETED!!
﻿07:34:48 : RCon admin #0: (Global) NO PVP WITHIN 200m OF TRADER SAFE ZONES excluding ATMS's. Vehicles left in trader zones will be moved to the vehicle pound
﻿08:00:48 : RCon admin #0: (Global) BASES MUST BE MAINTAINED VIA THE PLOT POLE AND SAFES USED EVERY 7 DAYS OR THEY MAY BE DELETED!!
﻿08:04:48 : RCon admin #0: (Global) NO PVP WITHIN 200m OF TRADER SAFE ZONES excluding ATMS's. Vehicles left in trader zones will be moved to the vehicle pound
﻿08:30:48 : RCon admin #0: (Global) BASES MUST BE MAINTAINED VIA THE PLOT POLE AND SAFES USED EVERY 7 DAYS OR THEY MAY BE DELETED!!
﻿08:34:48 : RCon admin #0: (Global) NO PVP WITHIN 200m OF TRADER SAFE ZONES excluding ATMS's. Vehicles left in trader zones will be moved to the vehicle pound
﻿09:00:48 : RCon admin #0: (Global) BASES MUST BE MAINTAINED VIA THE PLOT POLE AND SAFES USED EVERY 7 DAYS OR THEY MAY BE DELETED!!
﻿09:04:49 : RCon admin #0: (Global) NO PVP WITHIN 200m OF TRADER SAFE ZONES excluding ATMS's. Vehicles left in trader zones will be moved to the vehicle pound
﻿09:05:48 : RCon admin #0: (Global) Server will restart in 10 minutes
﻿09:10:48 : RCon admin #0: (Global) Server will restart in 5 minutes: Prepare to Logout
﻿09:12:49 : RCon admin #0: (Global) The Server is about to restart. LOG OUT NOW OR YOUR GEAR MAY BE LOST!!
﻿09:13:48 : RCon admin #0: (Global) YOU SHOULD BE LOGGED OUT BY NOW! IF YOU ARENT YOU WILL BE AUTO KICKED AND YOUR GEAR MAY BE LOST! NO REFUNDS!
﻿09:16:22 : Rcon client logging in
﻿09:16:22 : RCon admin #0 (78.31.67.100:58111) logged in
﻿09:31:23 : RCon admin #0: (Global) BASES MUST BE MAINTAINED VIA THE PLOT POLE AND SAFES USED EVERY 7 DAYS OR THEY MAY BE DELETED!!
﻿09:35:23 : RCon admin #0: (Global) NO PVP WITHIN 200m OF TRADER SAFE ZONES excluding ATMS's. Vehicles left in trader zones will be moved to the vehicle pound
﻿10:01:22 : RCon admin #0: (Global) BASES MUST BE MAINTAINED VIA THE PLOT POLE AND SAFES USED EVERY 7 DAYS OR THEY MAY BE DELETED!!
﻿10:05:23 : RCon admin #0: (Global) NO PVP WITHIN 200m OF TRADER SAFE ZONES excluding ATMS's. Vehicles left in trader zones will be moved to the vehicle pound
﻿10:31:23 : RCon admin #0: (Global) BASES MUST BE MAINTAINED VIA THE PLOT POLE AND SAFES USED EVERY 7 DAYS OR THEY MAY BE DELETED!!
﻿10:35:23 : RCon admin #0: (Global) NO PVP WITHIN 200m OF TRADER SAFE ZONES excluding ATMS's. Vehicles left in trader zones will be moved to the vehicle pound
﻿11:01:22 : RCon admin #0: (Global) BASES MUST BE MAINTAINED VIA THE PLOT POLE AND SAFES USED EVERY 7 DAYS OR THEY MAY BE DELETED!!
﻿11:05:23 : RCon admin #0: (Global) NO PVP WITHIN 200m OF TRADER SAFE ZONES excluding ATMS's. Vehicles left in trader zones will be moved to the vehicle pound
﻿11:06:23 : RCon admin #0: (Global) Server will restart in 10 minutes
﻿11:11:23 : RCon admin #0: (Global) Server will restart in 5 minutes: Prepare to Logout
﻿11:13:23 : RCon admin #0: (Global) The Server is about to restart. LOG OUT NOW OR YOUR GEAR MAY BE LOST!!
﻿11:14:23 : RCon admin #0: (Global) YOU SHOULD BE LOGGED OUT BY NOW! IF YOU ARENT YOU WILL BE AUTO KICKED AND YOUR GEAR MAY BE LOST! NO REFUNDS!
﻿11:16:56 : Rcon client logging in
﻿11:16:56 : RCon admin #0 (78.31.67.100:60287) logged in
﻿11:31:57 : RCon admin #0: (Global) BASES MUST BE MAINTAINED VIA THE PLOT POLE AND SAFES USED EVERY 7 DAYS OR THEY MAY BE DELETED!!
﻿11:35:56 : RCon admin #0: (Global) NO PVP WITHIN 200m OF TRADER SAFE ZONES excluding ATMS's. Vehicles left in trader zones will be moved to the vehicle pound
﻿12:01:56 : RCon admin #0: (Global) BASES MUST BE MAINTAINED VIA THE PLOT POLE AND SAFES USED EVERY 7 DAYS OR THEY MAY BE DELETED!!
﻿12:05:56 : RCon admin #0: (Global) NO PVP WITHIN 200m OF TRADER SAFE ZONES excluding ATMS's. Vehicles left in trader zones will be moved to the vehicle pound
﻿12:31:56 : RCon admin #0: (Global) BASES MUST BE MAINTAINED VIA THE PLOT POLE AND SAFES USED EVERY 7 DAYS OR THEY MAY BE DELETED!!
﻿12:35:56 : RCon admin #0: (Global) NO PVP WITHIN 200m OF TRADER SAFE ZONES excluding ATMS's. Vehicles left in trader zones will be moved to the vehicle pound
﻿13:01:56 : RCon admin #0: (Global) BASES MUST BE MAINTAINED VIA THE PLOT POLE AND SAFES USED EVERY 7 DAYS OR THEY MAY BE DELETED!!
﻿13:05:57 : RCon admin #0: (Global) NO PVP WITHIN 200m OF TRADER SAFE ZONES excluding ATMS's. Vehicles left in trader zones will be moved to the vehicle pound
﻿13:06:56 : RCon admin #0: (Global) Server will restart in 10 minutes
﻿13:11:56 : RCon admin #0: (Global) Server will restart in 5 minutes: Prepare to Logout
﻿13:13:56 : RCon admin #0: (Global) The Server is about to restart. LOG OUT NOW OR YOUR GEAR MAY BE LOST!!
﻿13:14:57 : RCon admin #0: (Global) YOU SHOULD BE LOGGED OUT BY NOW! IF YOU ARENT YOU WILL BE AUTO KICKED AND YOUR GEAR MAY BE LOST! NO REFUNDS!
﻿13:17:30 : Rcon client logging in
﻿13:17:30 : RCon admin #0 (78.31.67.100:58639) logged in
﻿13:32:31 : RCon admin #0: (Global) BASES MUST BE MAINTAINED VIA THE PLOT POLE AND SAFES USED EVERY 7 DAYS OR THEY MAY BE DELETED!!
﻿13:36:31 : RCon admin #0: (Global) NO PVP WITHIN 200m OF TRADER SAFE ZONES excluding ATMS's. Vehicles left in trader zones will be moved to the vehicle pound
﻿14:02:31 : RCon admin #0: (Global) BASES MUST BE MAINTAINED VIA THE PLOT POLE AND SAFES USED EVERY 7 DAYS OR THEY MAY BE DELETED!!
﻿14:06:31 : RCon admin #0: (Global) NO PVP WITHIN 200m OF TRADER SAFE ZONES excluding ATMS's. Vehicles left in trader zones will be moved to the vehicle pound
﻿14:32:30 : RCon admin #0: (Global) BASES MUST BE MAINTAINED VIA THE PLOT POLE AND SAFES USED EVERY 7 DAYS OR THEY MAY BE DELETED!!
﻿14:36:31 : RCon admin #0: (Global) NO PVP WITHIN 200m OF TRADER SAFE ZONES excluding ATMS's. Vehicles left in trader zones will be moved to the vehicle pound
﻿15:02:30 : RCon admin #0: (Global) BASES MUST BE MAINTAINED VIA THE PLOT POLE AND SAFES USED EVERY 7 DAYS OR THEY MAY BE DELETED!!
﻿15:06:31 : RCon admin #0: (Global) NO PVP WITHIN 200m OF TRADER SAFE ZONES excluding ATMS's. Vehicles left in trader zones will be moved to the vehicle pound
﻿15:07:31 : RCon admin #0: (Global) Server will restart in 10 minutes
﻿15:12:31 : RCon admin #0: (Global) Server will restart in 5 minutes: Prepare to Logout
﻿15:14:31 : RCon admin #0: (Global) The Server is about to restart. LOG OUT NOW OR YOUR GEAR MAY BE LOST!!
﻿15:15:31 : RCon admin #0: (Global) YOU SHOULD BE LOGGED OUT BY NOW! IF YOU ARENT YOU WILL BE AUTO KICKED AND YOUR GEAR MAY BE LOST! NO REFUNDS!
﻿15:18:04 : Rcon client logging in
﻿15:18:04 : RCon admin #0 (78.31.67.100:55302) logged in
﻿15:33:05 : RCon admin #0: (Global) BASES MUST BE MAINTAINED VIA THE PLOT POLE AND SAFES USED EVERY 7 DAYS OR THEY MAY BE DELETED!!
﻿15:37:05 : RCon admin #0: (Global) NO PVP WITHIN 200m OF TRADER SAFE ZONES excluding ATMS's. Vehicles left in trader zones will be moved to the vehicle pound
﻿16:03:05 : RCon admin #0: (Global) BASES MUST BE MAINTAINED VIA THE PLOT POLE AND SAFES USED EVERY 7 DAYS OR THEY MAY BE DELETED!!
﻿16:07:05 : RCon admin #0: (Global) NO PVP WITHIN 200m OF TRADER SAFE ZONES excluding ATMS's. Vehicles left in trader zones will be moved to the vehicle pound
﻿16:33:05 : RCon admin #0: (Global) BASES MUST BE MAINTAINED VIA THE PLOT POLE AND SAFES USED EVERY 7 DAYS OR THEY MAY BE DELETED!!
﻿16:37:05 : RCon admin #0: (Global) NO PVP WITHIN 200m OF TRADER SAFE ZONES excluding ATMS's. Vehicles left in trader zones will be moved to the vehicle pound
﻿17:03:05 : RCon admin #0: (Global) BASES MUST BE MAINTAINED VIA THE PLOT POLE AND SAFES USED EVERY 7 DAYS OR THEY MAY BE DELETED!!
﻿17:07:05 : RCon admin #0: (Global) NO PVP WITHIN 200m OF TRADER SAFE ZONES excluding ATMS's. Vehicles left in trader zones will be moved to the vehicle pound
﻿17:08:05 : RCon admin #0: (Global) Server will restart in 10 minutes
﻿17:13:05 : RCon admin #0: (Global) Server will restart in 5 minutes: Prepare to Logout
﻿17:15:05 : RCon admin #0: (Global) The Server is about to restart. LOG OUT NOW OR YOUR GEAR MAY BE LOST!!
﻿17:16:05 : RCon admin #0: (Global) YOU SHOULD BE LOGGED OUT BY NOW! IF YOU ARENT YOU WILL BE AUTO KICKED AND YOUR GEAR MAY BE LOST! NO REFUNDS!
﻿17:18:38 : Rcon client logging in
﻿17:18:38 : RCon admin #0 (78.31.67.100:50899) logged in
﻿17:33:39 : RCon admin #0: (Global) BASES MUST BE MAINTAINED VIA THE PLOT POLE AND SAFES USED EVERY 7 DAYS OR THEY MAY BE DELETED!!
﻿17:37:39 : RCon admin #0: (Global) NO PVP WITHIN 200m OF TRADER SAFE ZONES excluding ATMS's. Vehicles left in trader zones will be moved to the vehicle pound
﻿18:03:39 : RCon admin #0: (Global) BASES MUST BE MAINTAINED VIA THE PLOT POLE AND SAFES USED EVERY 7 DAYS OR THEY MAY BE DELETED!!
﻿18:07:39 : RCon admin #0: (Global) NO PVP WITHIN 200m OF TRADER SAFE ZONES excluding ATMS's. Vehicles left in trader zones will be moved to the vehicle pound
﻿18:22:29 : Lost Connection!
﻿18:22:29 : Closing socket & exiting!
﻿20:59:30 : Rcon client logging in
﻿20:59:30 : RCon admin #0 (78.31.67.100:50467) logged in
﻿21:00:01 : Player #0 Ziltoid (5.80.3.54:2304) connected
﻿21:00:02 : Player #0 Ziltoid - GUID: bc07c7c39c76cf95a7a434d686d9df66 (unverified)
﻿21:00:03 : Verified GUID (bc07c7c39c76cf95a7a434d686d9df66) of player #0 Ziltoid
﻿21:00:03 : Player #0 Ziltoid - Legacy GUID: 977383e15b6c706cac44ca953ba440c7
﻿21:11:04 : Lost Connection!
﻿21:11:04 : Closing socket & exiting!
﻿21:22:25 : Rcon client logging in
﻿21:22:25 : RCon admin #0 (78.31.67.100:51437) logged in
﻿21:22:31 : Player #0 Ziltoid (5.80.3.54:2304) connected
﻿21:22:32 : Player #0 Ziltoid - GUID: bc07c7c39c76cf95a7a434d686d9df66 (unverified)
﻿21:22:32 : Verified GUID (bc07c7c39c76cf95a7a434d686d9df66) of player #0 Ziltoid
﻿21:22:33 : Player #0 Ziltoid - Legacy GUID: 977383e15b6c706cac44ca953ba440c7
﻿21:27:13 : Lost Connection!
﻿21:27:13 : Closing socket & exiting!
﻿21:34:23 : Rcon client logging in
﻿21:34:23 : RCon admin #0 (78.31.67.100:59681) logged in
﻿21:40:55 : Lost Connection!
﻿21:40:55 : Closing socket & exiting!
﻿21:41:38 : Rcon client logging in
﻿21:41:38 : RCon admin #0 (78.31.67.100:54264) logged in
﻿21:49:26 : Lost Connection!
﻿21:49:26 : Closing socket & exiting!
﻿21:59:11 : Rcon client logging in
﻿21:59:11 : RCon admin #0 (78.31.67.100:49519) logged in
﻿22:01:35 : Lost Connection!
﻿22:01:35 : Closing socket & exiting!
﻿22:02:17 : Rcon client logging in
﻿22:02:17 : RCon admin #0 (78.31.67.100:49517) logged in
﻿22:05:56 : Lost Connection!
﻿22:05:56 : Closing socket & exiting!
﻿22:06:43 : Rcon client logging in
﻿22:06:43 : RCon admin #0 (78.31.67.100:65529) logged in
﻿22:09:25 : Lost Connection!
﻿22:09:25 : Closing socket & exiting!
﻿22:11:27 : Rcon client logging in
﻿22:11:27 : RCon admin #0 (78.31.67.100:63795) logged in
﻿22:26:28 : RCon admin #0: (Global) BASES MUST BE MAINTAINED VIA THE PLOT POLE AND SAFES USED EVERY 7 DAYS OR THEY MAY BE DELETED!!
﻿22:30:27 : RCon admin #0: (Global) NO PVP WITHIN 200m OF TRADER SAFE ZONES excluding ATMS's. Vehicles left in trader zones will be moved to the vehicle pound
﻿22:56:28 : RCon admin #0: (Global) BASES MUST BE MAINTAINED VIA THE PLOT POLE AND SAFES USED EVERY 7 DAYS OR THEY MAY BE DELETED!!
﻿23:00:28 : RCon admin #0: (Global) NO PVP WITHIN 200m OF TRADER SAFE ZONES excluding ATMS's. Vehicles left in trader zones will be moved to the vehicle pound
﻿23:26:28 : RCon admin #0: (Global) BASES MUST BE MAINTAINED VIA THE PLOT POLE AND SAFES USED EVERY 7 DAYS OR THEY MAY BE DELETED!!
﻿23:30:27 : RCon admin #0: (Global) NO PVP WITHIN 200m OF TRADER SAFE ZONES excluding ATMS's. Vehicles left in trader zones will be moved to the vehicle pound
﻿23:56:28 : RCon admin #0: (Global) BASES MUST BE MAINTAINED VIA THE PLOT POLE AND SAFES USED EVERY 7 DAYS OR THEY MAY BE DELETED!!
