00:01:18 : RCon admin #2 (88.89.200.214:58350) logged in
﻿00:19:51 : RCon admin #0: (Global) BASES MUST BE MAINTAINED VIA THE PLOT POLE AND SAFES USED EVERY 7 DAYS OR THEY MAY BE DELETED!!
﻿00:20:07 : RCon admin #2: (Global) Turmoil: Admin!
﻿00:23:51 : RCon admin #0: (Global) NO PVP WITHIN 200m OF TRADER SAFE ZONES excluding ATMS's. Vehicles left in trader zones will be moved to the vehicle pound
﻿00:49:51 : RCon admin #0: (Global) BASES MUST BE MAINTAINED VIA THE PLOT POLE AND SAFES USED EVERY 7 DAYS OR THEY MAY BE DELETED!!
﻿00:53:51 : RCon admin #0: (Global) NO PVP WITHIN 200m OF TRADER SAFE ZONES excluding ATMS's. Vehicles left in trader zones will be moved to the vehicle pound
﻿01:19:51 : RCon admin #0: (Global) BASES MUST BE MAINTAINED VIA THE PLOT POLE AND SAFES USED EVERY 7 DAYS OR THEY MAY BE DELETED!!
﻿01:23:51 : RCon admin #0: (Global) NO PVP WITHIN 200m OF TRADER SAFE ZONES excluding ATMS's. Vehicles left in trader zones will be moved to the vehicle pound
﻿01:24:51 : RCon admin #0: (Global) Server will restart in 10 minutes
﻿01:29:51 : RCon admin #0: (Global) Server will restart in 5 minutes: Prepare to Logout
﻿01:31:51 : RCon admin #0: (Global) The Server is about to restart. LOG OUT NOW OR YOUR GEAR MAY BE LOST!!
﻿01:32:51 : RCon admin #0: (Global) YOU SHOULD BE LOGGED OUT BY NOW! IF YOU ARENT YOU WILL BE AUTO KICKED AND YOUR GEAR MAY BE LOST! NO REFUNDS!
﻿01:35:24 : Rcon client logging in
﻿01:35:24 : RCon admin #2 (78.31.67.100:63634) logged in
﻿01:50:24 : RCon admin #2: (Global) BASES MUST BE MAINTAINED VIA THE PLOT POLE AND SAFES USED EVERY 7 DAYS OR THEY MAY BE DELETED!!
﻿01:54:25 : RCon admin #2: (Global) NO PVP WITHIN 200m OF TRADER SAFE ZONES excluding ATMS's. Vehicles left in trader zones will be moved to the vehicle pound
﻿02:20:24 : RCon admin #2: (Global) BASES MUST BE MAINTAINED VIA THE PLOT POLE AND SAFES USED EVERY 7 DAYS OR THEY MAY BE DELETED!!
﻿02:24:25 : RCon admin #2: (Global) NO PVP WITHIN 200m OF TRADER SAFE ZONES excluding ATMS's. Vehicles left in trader zones will be moved to the vehicle pound
﻿02:50:24 : RCon admin #2: (Global) BASES MUST BE MAINTAINED VIA THE PLOT POLE AND SAFES USED EVERY 7 DAYS OR THEY MAY BE DELETED!!
﻿02:54:24 : RCon admin #2: (Global) NO PVP WITHIN 200m OF TRADER SAFE ZONES excluding ATMS's. Vehicles left in trader zones will be moved to the vehicle pound
﻿03:20:25 : RCon admin #2: (Global) BASES MUST BE MAINTAINED VIA THE PLOT POLE AND SAFES USED EVERY 7 DAYS OR THEY MAY BE DELETED!!
﻿03:24:24 : RCon admin #2: (Global) NO PVP WITHIN 200m OF TRADER SAFE ZONES excluding ATMS's. Vehicles left in trader zones will be moved to the vehicle pound
﻿03:25:25 : RCon admin #2: (Global) Server will restart in 10 minutes
﻿03:30:25 : RCon admin #2: (Global) Server will restart in 5 minutes: Prepare to Logout
﻿03:32:25 : RCon admin #2: (Global) The Server is about to restart. LOG OUT NOW OR YOUR GEAR MAY BE LOST!!
﻿03:33:25 : RCon admin #2: (Global) YOU SHOULD BE LOGGED OUT BY NOW! IF YOU ARENT YOU WILL BE AUTO KICKED AND YOUR GEAR MAY BE LOST! NO REFUNDS!
﻿03:35:58 : Rcon client logging in
﻿03:35:58 : RCon admin #2 (78.31.67.100:58225) logged in
﻿03:50:59 : RCon admin #2: (Global) BASES MUST BE MAINTAINED VIA THE PLOT POLE AND SAFES USED EVERY 7 DAYS OR THEY MAY BE DELETED!!
﻿03:54:59 : RCon admin #2: (Global) NO PVP WITHIN 200m OF TRADER SAFE ZONES excluding ATMS's. Vehicles left in trader zones will be moved to the vehicle pound
﻿04:20:59 : RCon admin #2: (Global) BASES MUST BE MAINTAINED VIA THE PLOT POLE AND SAFES USED EVERY 7 DAYS OR THEY MAY BE DELETED!!
﻿04:24:59 : RCon admin #2: (Global) NO PVP WITHIN 200m OF TRADER SAFE ZONES excluding ATMS's. Vehicles left in trader zones will be moved to the vehicle pound
﻿04:50:59 : RCon admin #2: (Global) BASES MUST BE MAINTAINED VIA THE PLOT POLE AND SAFES USED EVERY 7 DAYS OR THEY MAY BE DELETED!!
﻿04:54:59 : RCon admin #2: (Global) NO PVP WITHIN 200m OF TRADER SAFE ZONES excluding ATMS's. Vehicles left in trader zones will be moved to the vehicle pound
﻿05:20:59 : RCon admin #2: (Global) BASES MUST BE MAINTAINED VIA THE PLOT POLE AND SAFES USED EVERY 7 DAYS OR THEY MAY BE DELETED!!
﻿05:24:59 : RCon admin #2: (Global) NO PVP WITHIN 200m OF TRADER SAFE ZONES excluding ATMS's. Vehicles left in trader zones will be moved to the vehicle pound
﻿05:25:59 : RCon admin #2: (Global) Server will restart in 10 minutes
﻿05:30:59 : RCon admin #2: (Global) Server will restart in 5 minutes: Prepare to Logout
﻿05:32:59 : RCon admin #2: (Global) The Server is about to restart. LOG OUT NOW OR YOUR GEAR MAY BE LOST!!
﻿05:33:59 : RCon admin #2: (Global) YOU SHOULD BE LOGGED OUT BY NOW! IF YOU ARENT YOU WILL BE AUTO KICKED AND YOUR GEAR MAY BE LOST! NO REFUNDS!
﻿05:36:32 : Rcon client logging in
﻿05:36:32 : RCon admin #2 (78.31.67.100:64171) logged in
﻿05:51:33 : RCon admin #2: (Global) BASES MUST BE MAINTAINED VIA THE PLOT POLE AND SAFES USED EVERY 7 DAYS OR THEY MAY BE DELETED!!
﻿05:55:33 : RCon admin #2: (Global) NO PVP WITHIN 200m OF TRADER SAFE ZONES excluding ATMS's. Vehicles left in trader zones will be moved to the vehicle pound
﻿06:21:33 : RCon admin #2: (Global) BASES MUST BE MAINTAINED VIA THE PLOT POLE AND SAFES USED EVERY 7 DAYS OR THEY MAY BE DELETED!!
﻿06:25:33 : RCon admin #2: (Global) NO PVP WITHIN 200m OF TRADER SAFE ZONES excluding ATMS's. Vehicles left in trader zones will be moved to the vehicle pound
﻿06:51:33 : RCon admin #2: (Global) BASES MUST BE MAINTAINED VIA THE PLOT POLE AND SAFES USED EVERY 7 DAYS OR THEY MAY BE DELETED!!
﻿06:55:33 : RCon admin #2: (Global) NO PVP WITHIN 200m OF TRADER SAFE ZONES excluding ATMS's. Vehicles left in trader zones will be moved to the vehicle pound
﻿07:21:33 : RCon admin #2: (Global) BASES MUST BE MAINTAINED VIA THE PLOT POLE AND SAFES USED EVERY 7 DAYS OR THEY MAY BE DELETED!!
﻿07:25:33 : RCon admin #2: (Global) NO PVP WITHIN 200m OF TRADER SAFE ZONES excluding ATMS's. Vehicles left in trader zones will be moved to the vehicle pound
﻿07:26:33 : RCon admin #2: (Global) Server will restart in 10 minutes
﻿07:31:33 : RCon admin #2: (Global) Server will restart in 5 minutes: Prepare to Logout
﻿07:33:33 : RCon admin #2: (Global) The Server is about to restart. LOG OUT NOW OR YOUR GEAR MAY BE LOST!!
﻿07:34:33 : RCon admin #2: (Global) YOU SHOULD BE LOGGED OUT BY NOW! IF YOU ARENT YOU WILL BE AUTO KICKED AND YOUR GEAR MAY BE LOST! NO REFUNDS!
﻿07:37:06 : Rcon client logging in
﻿07:37:06 : RCon admin #2 (78.31.67.100:65150) logged in
﻿07:52:07 : RCon admin #2: (Global) BASES MUST BE MAINTAINED VIA THE PLOT POLE AND SAFES USED EVERY 7 DAYS OR THEY MAY BE DELETED!!
﻿07:56:07 : RCon admin #2: (Global) NO PVP WITHIN 200m OF TRADER SAFE ZONES excluding ATMS's. Vehicles left in trader zones will be moved to the vehicle pound
﻿08:22:07 : RCon admin #2: (Global) BASES MUST BE MAINTAINED VIA THE PLOT POLE AND SAFES USED EVERY 7 DAYS OR THEY MAY BE DELETED!!
﻿08:26:07 : RCon admin #2: (Global) NO PVP WITHIN 200m OF TRADER SAFE ZONES excluding ATMS's. Vehicles left in trader zones will be moved to the vehicle pound
﻿08:52:07 : RCon admin #2: (Global) BASES MUST BE MAINTAINED VIA THE PLOT POLE AND SAFES USED EVERY 7 DAYS OR THEY MAY BE DELETED!!
﻿08:56:07 : RCon admin #2: (Global) NO PVP WITHIN 200m OF TRADER SAFE ZONES excluding ATMS's. Vehicles left in trader zones will be moved to the vehicle pound
﻿09:22:07 : RCon admin #2: (Global) BASES MUST BE MAINTAINED VIA THE PLOT POLE AND SAFES USED EVERY 7 DAYS OR THEY MAY BE DELETED!!
﻿09:26:07 : RCon admin #2: (Global) NO PVP WITHIN 200m OF TRADER SAFE ZONES excluding ATMS's. Vehicles left in trader zones will be moved to the vehicle pound
﻿09:27:07 : RCon admin #2: (Global) Server will restart in 10 minutes
﻿09:32:07 : RCon admin #2: (Global) Server will restart in 5 minutes: Prepare to Logout
﻿09:34:07 : RCon admin #2: (Global) The Server is about to restart. LOG OUT NOW OR YOUR GEAR MAY BE LOST!!
﻿09:35:07 : RCon admin #2: (Global) YOU SHOULD BE LOGGED OUT BY NOW! IF YOU ARENT YOU WILL BE AUTO KICKED AND YOUR GEAR MAY BE LOST! NO REFUNDS!
﻿09:37:40 : Rcon client logging in
﻿09:37:40 : RCon admin #1 (78.31.67.100:65242) logged in
﻿09:37:50 : RCon admin #2 (86.131.103.232:64953) logged in
﻿09:52:41 : RCon admin #1: (Global) BASES MUST BE MAINTAINED VIA THE PLOT POLE AND SAFES USED EVERY 7 DAYS OR THEY MAY BE DELETED!!
﻿09:56:41 : RCon admin #1: (Global) NO PVP WITHIN 200m OF TRADER SAFE ZONES excluding ATMS's. Vehicles left in trader zones will be moved to the vehicle pound
﻿10:22:41 : RCon admin #1: (Global) BASES MUST BE MAINTAINED VIA THE PLOT POLE AND SAFES USED EVERY 7 DAYS OR THEY MAY BE DELETED!!
﻿10:26:41 : RCon admin #1: (Global) NO PVP WITHIN 200m OF TRADER SAFE ZONES excluding ATMS's. Vehicles left in trader zones will be moved to the vehicle pound
﻿10:52:41 : RCon admin #1: (Global) BASES MUST BE MAINTAINED VIA THE PLOT POLE AND SAFES USED EVERY 7 DAYS OR THEY MAY BE DELETED!!
﻿10:56:41 : RCon admin #1: (Global) NO PVP WITHIN 200m OF TRADER SAFE ZONES excluding ATMS's. Vehicles left in trader zones will be moved to the vehicle pound
﻿11:22:41 : RCon admin #1: (Global) BASES MUST BE MAINTAINED VIA THE PLOT POLE AND SAFES USED EVERY 7 DAYS OR THEY MAY BE DELETED!!
﻿11:26:41 : RCon admin #1: (Global) NO PVP WITHIN 200m OF TRADER SAFE ZONES excluding ATMS's. Vehicles left in trader zones will be moved to the vehicle pound
﻿11:27:41 : RCon admin #1: (Global) Server will restart in 10 minutes
﻿11:32:41 : RCon admin #1: (Global) Server will restart in 5 minutes: Prepare to Logout
﻿11:34:41 : RCon admin #1: (Global) The Server is about to restart. LOG OUT NOW OR YOUR GEAR MAY BE LOST!!
﻿11:35:41 : RCon admin #1: (Global) YOU SHOULD BE LOGGED OUT BY NOW! IF YOU ARENT YOU WILL BE AUTO KICKED AND YOUR GEAR MAY BE LOST! NO REFUNDS!
﻿11:38:14 : Rcon client logging in
﻿11:38:14 : RCon admin #2 (78.31.67.100:55373) logged in
﻿11:43:09 : Player #0 Turmoil (88.89.200.214:2304) connected
﻿11:43:10 : Player #0 Turmoil - GUID: 078d3175e22fad797d9a152aaaa83806 (unverified)
﻿11:43:11 : Verified GUID (078d3175e22fad797d9a152aaaa83806) of player #0 Turmoil
﻿11:43:11 : Player #0 Turmoil - Legacy GUID: 153330a3c1eb9ccf7092e322ab07ebb0
﻿11:45:04 : RCon admin #1: (Global) Turmoil: Turmoil
﻿11:45:25 : RCon admin #1: (To Turmoil) Turmoil: stop hacking
﻿11:48:35 : RCon admin #0: (Global) WARGASM: yes stop hacking
﻿11:53:15 : RCon admin #2: (Global) BASES MUST BE MAINTAINED VIA THE PLOT POLE AND SAFES USED EVERY 7 DAYS OR THEY MAY BE DELETED!!
﻿11:54:25 : Player #0 Turmoil disconnected
﻿11:56:04 : Player #0 Turmoil (88.89.200.214:2304) connected
﻿11:56:05 : Player #0 Turmoil - GUID: 078d3175e22fad797d9a152aaaa83806 (unverified)
﻿11:56:05 : Verified GUID (078d3175e22fad797d9a152aaaa83806) of player #0 Turmoil
﻿11:56:06 : Player #0 Turmoil - Legacy GUID: 153330a3c1eb9ccf7092e322ab07ebb0
﻿11:57:15 : RCon admin #2: (Global) NO PVP WITHIN 200m OF TRADER SAFE ZONES excluding ATMS's. Vehicles left in trader zones will be moved to the vehicle pound
﻿12:23:15 : RCon admin #2: (Global) BASES MUST BE MAINTAINED VIA THE PLOT POLE AND SAFES USED EVERY 7 DAYS OR THEY MAY BE DELETED!!
﻿12:27:15 : RCon admin #2: (Global) NO PVP WITHIN 200m OF TRADER SAFE ZONES excluding ATMS's. Vehicles left in trader zones will be moved to the vehicle pound
﻿12:34:23 : Player #1 AngriArnoldi (217.245.236.146:2339) connected
﻿12:34:24 : Player #1 AngriArnoldi disconnected
﻿12:53:15 : RCon admin #2: (Global) BASES MUST BE MAINTAINED VIA THE PLOT POLE AND SAFES USED EVERY 7 DAYS OR THEY MAY BE DELETED!!
﻿12:57:15 : RCon admin #2: (Global) NO PVP WITHIN 200m OF TRADER SAFE ZONES excluding ATMS's. Vehicles left in trader zones will be moved to the vehicle pound
﻿13:23:15 : RCon admin #2: (Global) BASES MUST BE MAINTAINED VIA THE PLOT POLE AND SAFES USED EVERY 7 DAYS OR THEY MAY BE DELETED!!
﻿13:27:15 : RCon admin #2: (Global) NO PVP WITHIN 200m OF TRADER SAFE ZONES excluding ATMS's. Vehicles left in trader zones will be moved to the vehicle pound
﻿13:28:15 : RCon admin #2: (Global) Server will restart in 10 minutes
﻿13:33:15 : RCon admin #2: (Global) Server will restart in 5 minutes: Prepare to Logout
﻿13:35:15 : RCon admin #2: (Global) The Server is about to restart. LOG OUT NOW OR YOUR GEAR MAY BE LOST!!
﻿13:35:48 : Player #0 Turmoil disconnected
﻿13:36:15 : RCon admin #2: (Global) YOU SHOULD BE LOGGED OUT BY NOW! IF YOU ARENT YOU WILL BE AUTO KICKED AND YOUR GEAR MAY BE LOST! NO REFUNDS!
﻿13:38:48 : Rcon client logging in
﻿13:38:48 : RCon admin #2 (78.31.67.100:49569) logged in
﻿13:39:37 : Player #0 Turmoil (88.89.200.214:2304) connected
﻿13:39:38 : Player #0 Turmoil - GUID: 078d3175e22fad797d9a152aaaa83806 (unverified)
﻿13:39:38 : Verified GUID (078d3175e22fad797d9a152aaaa83806) of player #0 Turmoil
﻿13:39:38 : Player #0 Turmoil - Legacy GUID: 153330a3c1eb9ccf7092e322ab07ebb0
﻿13:53:49 : RCon admin #2: (Global) BASES MUST BE MAINTAINED VIA THE PLOT POLE AND SAFES USED EVERY 7 DAYS OR THEY MAY BE DELETED!!
﻿13:57:49 : RCon admin #2: (Global) NO PVP WITHIN 200m OF TRADER SAFE ZONES excluding ATMS's. Vehicles left in trader zones will be moved to the vehicle pound
﻿14:23:49 : RCon admin #2: (Global) BASES MUST BE MAINTAINED VIA THE PLOT POLE AND SAFES USED EVERY 7 DAYS OR THEY MAY BE DELETED!!
﻿14:26:43 : Player #0 Turmoil disconnected
﻿14:27:49 : RCon admin #2: (Global) NO PVP WITHIN 200m OF TRADER SAFE ZONES excluding ATMS's. Vehicles left in trader zones will be moved to the vehicle pound
﻿14:51:33 : Player #0 mike (151.230.54.51:6302) connected
﻿14:51:34 : Player #0 mike - GUID: 93d988519a4c5b52e0c416623f0dd3ef (unverified)
﻿14:51:34 : Verified GUID (93d988519a4c5b52e0c416623f0dd3ef) of player #0 mike
﻿14:51:35 : Player #0 mike - Legacy GUID: b95f97cd67ac9f2768fd756c159f44b9
﻿14:53:49 : RCon admin #2: (Global) BASES MUST BE MAINTAINED VIA THE PLOT POLE AND SAFES USED EVERY 7 DAYS OR THEY MAY BE DELETED!!
﻿14:57:49 : RCon admin #2: (Global) NO PVP WITHIN 200m OF TRADER SAFE ZONES excluding ATMS's. Vehicles left in trader zones will be moved to the vehicle pound
﻿15:18:41 : Player #1 Turmoil (88.89.200.214:2304) connected
﻿15:18:42 : Player #1 Turmoil - GUID: 078d3175e22fad797d9a152aaaa83806 (unverified)
﻿15:18:43 : Verified GUID (078d3175e22fad797d9a152aaaa83806) of player #1 Turmoil
﻿15:18:44 : Player #1 Turmoil - Legacy GUID: 153330a3c1eb9ccf7092e322ab07ebb0
﻿15:21:03 : Player #0 mike disconnected
﻿15:23:49 : RCon admin #2: (Global) BASES MUST BE MAINTAINED VIA THE PLOT POLE AND SAFES USED EVERY 7 DAYS OR THEY MAY BE DELETED!!
﻿15:27:49 : RCon admin #2: (Global) NO PVP WITHIN 200m OF TRADER SAFE ZONES excluding ATMS's. Vehicles left in trader zones will be moved to the vehicle pound
﻿15:28:49 : RCon admin #2: (Global) Server will restart in 10 minutes
﻿15:33:49 : RCon admin #2: (Global) Server will restart in 5 minutes: Prepare to Logout
﻿15:34:48 : Player #1 Turmoil disconnected
﻿15:35:49 : RCon admin #2: (Global) The Server is about to restart. LOG OUT NOW OR YOUR GEAR MAY BE LOST!!
﻿15:36:49 : RCon admin #2: (Global) YOU SHOULD BE LOGGED OUT BY NOW! IF YOU ARENT YOU WILL BE AUTO KICKED AND YOUR GEAR MAY BE LOST! NO REFUNDS!
﻿15:39:22 : Rcon client logging in
﻿15:39:22 : RCon admin #2 (78.31.67.100:54484) logged in
﻿15:51:05 : Player #0 Turmoil (88.89.200.214:2304) connected
﻿15:51:06 : Player #0 Turmoil - GUID: 078d3175e22fad797d9a152aaaa83806 (unverified)
﻿15:51:06 : Verified GUID (078d3175e22fad797d9a152aaaa83806) of player #0 Turmoil
﻿15:51:07 : Player #0 Turmoil - Legacy GUID: 153330a3c1eb9ccf7092e322ab07ebb0
﻿15:53:49 : Lost Connection!
﻿15:53:49 : Closing socket & exiting!
﻿15:54:37 : Rcon client logging in
﻿15:54:37 : RCon admin #2 (78.31.67.100:63904) logged in
﻿16:09:38 : RCon admin #2: (Global) BASES MUST BE MAINTAINED VIA THE PLOT POLE AND SAFES USED EVERY 7 DAYS OR THEY MAY BE DELETED!!
﻿16:13:38 : RCon admin #2: (Global) NO PVP WITHIN 200m OF TRADER SAFE ZONES excluding ATMS's. Vehicles left in trader zones will be moved to the vehicle pound
﻿16:17:42 : Player #0 Turmoil disconnected
﻿16:39:38 : RCon admin #2: (Global) BASES MUST BE MAINTAINED VIA THE PLOT POLE AND SAFES USED EVERY 7 DAYS OR THEY MAY BE DELETED!!
﻿16:43:38 : RCon admin #2: (Global) NO PVP WITHIN 200m OF TRADER SAFE ZONES excluding ATMS's. Vehicles left in trader zones will be moved to the vehicle pound
﻿17:09:38 : RCon admin #2: (Global) BASES MUST BE MAINTAINED VIA THE PLOT POLE AND SAFES USED EVERY 7 DAYS OR THEY MAY BE DELETED!!
﻿17:13:38 : RCon admin #2: (Global) NO PVP WITHIN 200m OF TRADER SAFE ZONES excluding ATMS's. Vehicles left in trader zones will be moved to the vehicle pound
﻿17:27:09 : Player #0 Jon (86.5.190.42:6302) connected
﻿17:27:10 : Player #0 Jon - GUID: 4e6bebd223126b74d148ee512033f08c (unverified)
﻿17:27:11 : Verified GUID (4e6bebd223126b74d148ee512033f08c) of player #0 Jon
﻿17:27:11 : Player #0 Jon - Legacy GUID: 87405365810d60225bdbb7cbced983e2
﻿17:30:40 : Player #1 Turmoil (88.89.200.214:2304) connected
﻿17:30:41 : Player #1 Turmoil - GUID: 078d3175e22fad797d9a152aaaa83806 (unverified)
﻿17:30:42 : Verified GUID (078d3175e22fad797d9a152aaaa83806) of player #1 Turmoil
﻿17:30:43 : Player #1 Turmoil - Legacy GUID: 153330a3c1eb9ccf7092e322ab07ebb0
﻿17:39:38 : RCon admin #2: (Global) BASES MUST BE MAINTAINED VIA THE PLOT POLE AND SAFES USED EVERY 7 DAYS OR THEY MAY BE DELETED!!
﻿17:43:38 : RCon admin #2: (Global) NO PVP WITHIN 200m OF TRADER SAFE ZONES excluding ATMS's. Vehicles left in trader zones will be moved to the vehicle pound
﻿17:44:38 : RCon admin #2: (Global) Server will restart in 10 minutes
﻿17:48:22 : Player #0 Jon disconnected
﻿17:48:40 : Player #0 Carl (75.189.1.50:2304) connected
﻿17:48:42 : Player #0 Carl - GUID: d5034c8be02a2167201197fdfec2b2ad (unverified)
﻿17:48:42 : Verified GUID (d5034c8be02a2167201197fdfec2b2ad) of player #0 Carl
﻿17:48:43 : Player #0 Carl - Legacy GUID: 92b074cc04dd0313b570445deff66b92
﻿17:48:43 : Player #0 Carl disconnected
﻿17:49:38 : RCon admin #2: (Global) Server will restart in 5 minutes: Prepare to Logout
﻿17:49:42 : Player #1 Turmoil disconnected
﻿17:51:38 : RCon admin #2: (Global) The Server is about to restart. LOG OUT NOW OR YOUR GEAR MAY BE LOST!!
﻿17:52:38 : RCon admin #2: (Global) YOU SHOULD BE LOGGED OUT BY NOW! IF YOU ARENT YOU WILL BE AUTO KICKED AND YOUR GEAR MAY BE LOST! NO REFUNDS!
﻿17:55:11 : Rcon client logging in
﻿17:55:11 : RCon admin #2 (78.31.67.100:52688) logged in
﻿18:10:12 : RCon admin #2: (Global) BASES MUST BE MAINTAINED VIA THE PLOT POLE AND SAFES USED EVERY 7 DAYS OR THEY MAY BE DELETED!!
﻿18:14:12 : RCon admin #2: (Global) NO PVP WITHIN 200m OF TRADER SAFE ZONES excluding ATMS's. Vehicles left in trader zones will be moved to the vehicle pound
﻿18:40:12 : RCon admin #2: (Global) BASES MUST BE MAINTAINED VIA THE PLOT POLE AND SAFES USED EVERY 7 DAYS OR THEY MAY BE DELETED!!
﻿18:44:12 : RCon admin #2: (Global) NO PVP WITHIN 200m OF TRADER SAFE ZONES excluding ATMS's. Vehicles left in trader zones will be moved to the vehicle pound
﻿19:10:12 : RCon admin #2: (Global) BASES MUST BE MAINTAINED VIA THE PLOT POLE AND SAFES USED EVERY 7 DAYS OR THEY MAY BE DELETED!!
﻿19:14:12 : RCon admin #2: (Global) NO PVP WITHIN 200m OF TRADER SAFE ZONES excluding ATMS's. Vehicles left in trader zones will be moved to the vehicle pound
﻿19:40:12 : RCon admin #2: (Global) BASES MUST BE MAINTAINED VIA THE PLOT POLE AND SAFES USED EVERY 7 DAYS OR THEY MAY BE DELETED!!
﻿19:44:12 : RCon admin #2: (Global) NO PVP WITHIN 200m OF TRADER SAFE ZONES excluding ATMS's. Vehicles left in trader zones will be moved to the vehicle pound
﻿19:45:12 : RCon admin #2: (Global) Server will restart in 10 minutes
﻿19:50:12 : RCon admin #2: (Global) Server will restart in 5 minutes: Prepare to Logout
﻿19:52:12 : RCon admin #2: (Global) The Server is about to restart. LOG OUT NOW OR YOUR GEAR MAY BE LOST!!
﻿19:53:12 : RCon admin #2: (Global) YOU SHOULD BE LOGGED OUT BY NOW! IF YOU ARENT YOU WILL BE AUTO KICKED AND YOUR GEAR MAY BE LOST! NO REFUNDS!
﻿19:55:45 : Rcon client logging in
﻿19:55:45 : RCon admin #2 (78.31.67.100:54984) logged in
﻿20:02:37 : RCon admin #3 (86.131.103.232:61078) logged in
﻿20:10:46 : RCon admin #2: (Global) BASES MUST BE MAINTAINED VIA THE PLOT POLE AND SAFES USED EVERY 7 DAYS OR THEY MAY BE DELETED!!
﻿20:11:00 : Player #0 Turmoil (88.89.200.214:2304) connected
﻿20:11:01 : Player #0 Turmoil - GUID: 078d3175e22fad797d9a152aaaa83806 (unverified)
﻿20:11:02 : Verified GUID (078d3175e22fad797d9a152aaaa83806) of player #0 Turmoil
﻿20:11:02 : Player #0 Turmoil - Legacy GUID: 153330a3c1eb9ccf7092e322ab07ebb0
﻿20:12:14 : Player #1 Freedom (173.85.75.49:2304) connected
﻿20:12:15 : Player #1 Freedom - GUID: 32974eed83d84dab3c6a86016f1a1d12 (unverified)
﻿20:12:15 : Verified GUID (32974eed83d84dab3c6a86016f1a1d12) of player #1 Freedom
﻿20:12:16 : Player #1 Freedom disconnected
﻿20:14:28 : Player #0 Turmoil disconnected
﻿20:14:45 : RCon admin #2: (Global) NO PVP WITHIN 200m OF TRADER SAFE ZONES excluding ATMS's. Vehicles left in trader zones will be moved to the vehicle pound
﻿20:21:05 : Player #0 Freedom (173.85.75.49:2304) connected
﻿20:21:06 : Player #0 Freedom - GUID: 32974eed83d84dab3c6a86016f1a1d12 (unverified)
﻿20:21:06 : Verified GUID (32974eed83d84dab3c6a86016f1a1d12) of player #0 Freedom
﻿20:21:07 : Player #0 Freedom disconnected
﻿20:29:15 : Player #0 Freedom (173.85.75.49:2304) connected
﻿20:29:16 : Player #0 Freedom - GUID: 32974eed83d84dab3c6a86016f1a1d12 (unverified)
﻿20:29:16 : Verified GUID (32974eed83d84dab3c6a86016f1a1d12) of player #0 Freedom
﻿20:29:17 : Player #0 Freedom disconnected
﻿20:40:45 : RCon admin #2: (Global) BASES MUST BE MAINTAINED VIA THE PLOT POLE AND SAFES USED EVERY 7 DAYS OR THEY MAY BE DELETED!!
﻿20:44:45 : RCon admin #2: (Global) NO PVP WITHIN 200m OF TRADER SAFE ZONES excluding ATMS's. Vehicles left in trader zones will be moved to the vehicle pound
﻿20:55:39 : Player #0 Freedom (173.85.75.49:2304) connected
﻿20:55:41 : Player #0 Freedom - GUID: 32974eed83d84dab3c6a86016f1a1d12 (unverified)
﻿20:55:41 : Verified GUID (32974eed83d84dab3c6a86016f1a1d12) of player #0 Freedom
﻿20:55:42 : Player #0 Freedom - Legacy GUID: 97a8c85ef5bf1164b1deba8cac447118
﻿20:55:42 : Player #0 Freedom disconnected
﻿21:02:23 : Player #0 Freedom (173.85.75.49:2304) connected
﻿21:02:24 : Player #0 Freedom - GUID: 32974eed83d84dab3c6a86016f1a1d12 (unverified)
﻿21:02:24 : Verified GUID (32974eed83d84dab3c6a86016f1a1d12) of player #0 Freedom
﻿21:02:25 : Player #0 Freedom disconnected
﻿21:06:23 : Player #0 Freedom (173.85.75.49:2304) connected
﻿21:06:24 : Player #0 Freedom - GUID: 32974eed83d84dab3c6a86016f1a1d12 (unverified)
﻿21:06:24 : Verified GUID (32974eed83d84dab3c6a86016f1a1d12) of player #0 Freedom
﻿21:06:25 : Player #0 Freedom - Legacy GUID: 97a8c85ef5bf1164b1deba8cac447118
﻿21:06:25 : Player #0 Freedom disconnected
﻿21:10:45 : RCon admin #2: (Global) BASES MUST BE MAINTAINED VIA THE PLOT POLE AND SAFES USED EVERY 7 DAYS OR THEY MAY BE DELETED!!
﻿21:14:46 : RCon admin #2: (Global) NO PVP WITHIN 200m OF TRADER SAFE ZONES excluding ATMS's. Vehicles left in trader zones will be moved to the vehicle pound
﻿21:15:29 : Player #0 Freedom (173.85.75.49:2304) connected
﻿21:15:30 : Player #0 Freedom - GUID: 32974eed83d84dab3c6a86016f1a1d12 (unverified)
﻿21:15:30 : Verified GUID (32974eed83d84dab3c6a86016f1a1d12) of player #0 Freedom
﻿21:15:31 : Player #0 Freedom - Legacy GUID: 97a8c85ef5bf1164b1deba8cac447118
﻿21:15:31 : Player #0 Freedom disconnected
﻿21:19:26 : Player #0 Freedom (173.85.75.49:2304) connected
﻿21:19:27 : Player #0 Freedom - GUID: 32974eed83d84dab3c6a86016f1a1d12 (unverified)
﻿21:19:28 : Verified GUID (32974eed83d84dab3c6a86016f1a1d12) of player #0 Freedom
﻿21:19:28 : Player #0 Freedom - Legacy GUID: 97a8c85ef5bf1164b1deba8cac447118
﻿21:19:29 : Player #0 Freedom disconnected
﻿21:23:27 : Player #0 Freedom (173.85.75.49:2304) connected
﻿21:23:28 : Player #0 Freedom - GUID: 32974eed83d84dab3c6a86016f1a1d12 (unverified)
﻿21:23:29 : Verified GUID (32974eed83d84dab3c6a86016f1a1d12) of player #0 Freedom
﻿21:23:29 : Player #0 Freedom - Legacy GUID: 97a8c85ef5bf1164b1deba8cac447118
﻿21:23:30 : Player #0 Freedom disconnected
﻿21:28:48 : Player #0 Freedom (173.85.75.49:2304) connected
﻿21:28:49 : Player #0 Freedom - GUID: 32974eed83d84dab3c6a86016f1a1d12 (unverified)
﻿21:28:49 : Verified GUID (32974eed83d84dab3c6a86016f1a1d12) of player #0 Freedom
﻿21:28:50 : Player #0 Freedom - Legacy GUID: 97a8c85ef5bf1164b1deba8cac447118
﻿21:28:50 : Player #0 Freedom disconnected
﻿21:33:04 : Player #0 Freedom (173.85.75.49:2304) connected
﻿21:33:05 : Player #0 Freedom - GUID: 32974eed83d84dab3c6a86016f1a1d12 (unverified)
﻿21:33:05 : Verified GUID (32974eed83d84dab3c6a86016f1a1d12) of player #0 Freedom
﻿21:33:06 : Player #0 Freedom disconnected
﻿21:39:31 : Player #0 Freedom (173.85.75.49:2304) connected
﻿21:39:32 : Player #0 Freedom - GUID: 32974eed83d84dab3c6a86016f1a1d12 (unverified)
﻿21:39:33 : Verified GUID (32974eed83d84dab3c6a86016f1a1d12) of player #0 Freedom
﻿21:39:33 : Player #0 Freedom - Legacy GUID: 97a8c85ef5bf1164b1deba8cac447118
﻿21:39:40 : Player #0 Freedom disconnected
﻿21:40:45 : RCon admin #2: (Global) BASES MUST BE MAINTAINED VIA THE PLOT POLE AND SAFES USED EVERY 7 DAYS OR THEY MAY BE DELETED!!
﻿21:41:15 : Player #0 Freedom (173.85.75.49:2304) connected
﻿21:41:17 : Player #0 Freedom - GUID: 32974eed83d84dab3c6a86016f1a1d12 (unverified)
﻿21:41:17 : Verified GUID (32974eed83d84dab3c6a86016f1a1d12) of player #0 Freedom
﻿21:41:18 : Player #0 Freedom - Legacy GUID: 97a8c85ef5bf1164b1deba8cac447118
﻿21:43:54 : Player #0 Freedom disconnected
﻿21:44:45 : RCon admin #2: (Global) NO PVP WITHIN 200m OF TRADER SAFE ZONES excluding ATMS's. Vehicles left in trader zones will be moved to the vehicle pound
﻿21:45:45 : RCon admin #2: (Global) Server will restart in 10 minutes
﻿21:50:45 : RCon admin #2: (Global) Server will restart in 5 minutes: Prepare to Logout
﻿21:52:45 : RCon admin #2: (Global) The Server is about to restart. LOG OUT NOW OR YOUR GEAR MAY BE LOST!!
﻿21:53:45 : RCon admin #2: (Global) YOU SHOULD BE LOGGED OUT BY NOW! IF YOU ARENT YOU WILL BE AUTO KICKED AND YOUR GEAR MAY BE LOST! NO REFUNDS!
﻿21:56:19 : Rcon client logging in
﻿21:56:19 : RCon admin #1 (78.31.67.100:57661) logged in
﻿21:56:29 : RCon admin #2 (88.89.200.214:53175) logged in
﻿21:57:45 : Player #0 Freedom (173.85.75.49:2304) connected
﻿21:58:01 : Player #0 Freedom disconnected
﻿22:00:47 : Player #0 Freedom (173.85.75.49:2304) connected
﻿22:00:50 : Player #0 Freedom disconnected
﻿22:03:12 : Player #0 Freedom (173.85.75.49:2304) connected
﻿22:03:14 : Player #0 Freedom disconnected
﻿22:10:36 : Player #0 Freedom (173.85.75.49:2304) connected
﻿22:10:39 : Player #0 Freedom - GUID: 32974eed83d84dab3c6a86016f1a1d12 (unverified)
﻿22:10:39 : Verified GUID (32974eed83d84dab3c6a86016f1a1d12) of player #0 Freedom
﻿22:10:41 : Player #0 Freedom - Legacy GUID: 97a8c85ef5bf1164b1deba8cac447118
﻿22:11:20 : RCon admin #1: (Global) BASES MUST BE MAINTAINED VIA THE PLOT POLE AND SAFES USED EVERY 7 DAYS OR THEY MAY BE DELETED!!
﻿22:11:21 : Player #0 Freedom disconnected
﻿22:15:20 : RCon admin #1: (Global) NO PVP WITHIN 200m OF TRADER SAFE ZONES excluding ATMS's. Vehicles left in trader zones will be moved to the vehicle pound
﻿22:41:20 : RCon admin #1: (Global) BASES MUST BE MAINTAINED VIA THE PLOT POLE AND SAFES USED EVERY 7 DAYS OR THEY MAY BE DELETED!!
﻿22:44:04 : Player #0 Freedom (173.85.75.49:2304) connected
﻿22:44:06 : Player #0 Freedom - GUID: 32974eed83d84dab3c6a86016f1a1d12 (unverified)
﻿22:44:06 : Verified GUID (32974eed83d84dab3c6a86016f1a1d12) of player #0 Freedom
﻿22:44:06 : Player #0 Freedom disconnected
﻿22:45:20 : RCon admin #1: (Global) NO PVP WITHIN 200m OF TRADER SAFE ZONES excluding ATMS's. Vehicles left in trader zones will be moved to the vehicle pound
﻿22:46:35 : Player #0 Freedom (173.85.75.49:2304) connected
﻿22:46:36 : Player #0 Freedom - GUID: 32974eed83d84dab3c6a86016f1a1d12 (unverified)
﻿22:46:36 : Verified GUID (32974eed83d84dab3c6a86016f1a1d12) of player #0 Freedom
﻿22:46:37 : Player #0 Freedom - Legacy GUID: 97a8c85ef5bf1164b1deba8cac447118
﻿22:46:37 : Player #0 Freedom disconnected
﻿22:50:45 : Player #0 Freedom (173.85.75.49:2304) connected
﻿22:50:46 : Player #0 Freedom - GUID: 32974eed83d84dab3c6a86016f1a1d12 (unverified)
﻿22:50:47 : Verified GUID (32974eed83d84dab3c6a86016f1a1d12) of player #0 Freedom
﻿22:50:47 : Player #0 Freedom - Legacy GUID: 97a8c85ef5bf1164b1deba8cac447118
﻿22:50:48 : Player #0 Freedom disconnected
﻿22:51:26 : Player #0 Freedom (173.85.75.49:2304) connected
﻿22:51:27 : Player #0 Freedom - GUID: 32974eed83d84dab3c6a86016f1a1d12 (unverified)
﻿22:51:27 : Verified GUID (32974eed83d84dab3c6a86016f1a1d12) of player #0 Freedom
﻿22:51:28 : Player #0 Freedom - Legacy GUID: 97a8c85ef5bf1164b1deba8cac447118
﻿22:51:28 : Player #0 Freedom disconnected
﻿22:55:55 : Player #0 Freedom (173.85.75.49:2304) connected
﻿22:55:56 : Player #0 Freedom - GUID: 32974eed83d84dab3c6a86016f1a1d12 (unverified)
﻿22:55:56 : Verified GUID (32974eed83d84dab3c6a86016f1a1d12) of player #0 Freedom
﻿22:55:57 : Player #0 Freedom - Legacy GUID: 97a8c85ef5bf1164b1deba8cac447118
﻿22:55:58 : Player #0 Freedom disconnected
﻿22:56:09 : Player #0 Freedom (173.85.75.49:2304) connected
﻿22:56:10 : Player #0 Freedom - GUID: 32974eed83d84dab3c6a86016f1a1d12 (unverified)
﻿22:56:10 : Verified GUID (32974eed83d84dab3c6a86016f1a1d12) of player #0 Freedom
﻿22:56:11 : Player #0 Freedom disconnected
﻿22:57:49 : Player #0 Freedom (173.85.75.49:2304) connected
﻿22:57:50 : Player #0 Freedom - GUID: 32974eed83d84dab3c6a86016f1a1d12 (unverified)
﻿22:57:50 : Verified GUID (32974eed83d84dab3c6a86016f1a1d12) of player #0 Freedom
﻿22:57:51 : Player #0 Freedom - Legacy GUID: 97a8c85ef5bf1164b1deba8cac447118
﻿22:57:51 : Player #0 Freedom disconnected
﻿22:59:07 : Player #0 Freedom (173.85.75.49:2304) connected
﻿22:59:08 : Player #0 Freedom - GUID: 32974eed83d84dab3c6a86016f1a1d12 (unverified)
﻿22:59:09 : Player #0 Freedom - Legacy GUID: 97a8c85ef5bf1164b1deba8cac447118
﻿22:59:11 : Verified GUID (32974eed83d84dab3c6a86016f1a1d12) of player #0 Freedom
﻿22:59:14 : Player #0 Freedom disconnected
﻿23:01:34 : Player #0 Freedom (173.85.75.49:2304) connected
﻿23:01:36 : Player #0 Freedom - GUID: 32974eed83d84dab3c6a86016f1a1d12 (unverified)
﻿23:01:37 : Verified GUID (32974eed83d84dab3c6a86016f1a1d12) of player #0 Freedom
﻿23:01:37 : Player #0 Freedom disconnected
﻿23:03:34 : Player #0 Freedom (173.85.75.49:2304) connected
﻿23:03:35 : Player #0 Freedom - GUID: 32974eed83d84dab3c6a86016f1a1d12 (unverified)
﻿23:03:36 : Verified GUID (32974eed83d84dab3c6a86016f1a1d12) of player #0 Freedom
﻿23:03:36 : Player #0 Freedom - Legacy GUID: 97a8c85ef5bf1164b1deba8cac447118
﻿23:03:37 : Player #0 Freedom disconnected
﻿23:04:56 : Player #0 Freedom (173.85.75.49:2304) connected
﻿23:04:57 : Player #0 Freedom - GUID: 32974eed83d84dab3c6a86016f1a1d12 (unverified)
﻿23:04:58 : Verified GUID (32974eed83d84dab3c6a86016f1a1d12) of player #0 Freedom
﻿23:04:58 : Player #0 Freedom - Legacy GUID: 97a8c85ef5bf1164b1deba8cac447118
﻿23:04:59 : Player #0 Freedom disconnected
﻿23:06:41 : Player #0 Freedom (173.85.75.49:2304) connected
﻿23:06:42 : Player #0 Freedom - GUID: 32974eed83d84dab3c6a86016f1a1d12 (unverified)
﻿23:06:43 : Verified GUID (32974eed83d84dab3c6a86016f1a1d12) of player #0 Freedom
﻿23:06:43 : Player #0 Freedom - Legacy GUID: 97a8c85ef5bf1164b1deba8cac447118
﻿23:06:44 : Player #0 Freedom disconnected
﻿23:11:20 : RCon admin #1: (Global) BASES MUST BE MAINTAINED VIA THE PLOT POLE AND SAFES USED EVERY 7 DAYS OR THEY MAY BE DELETED!!
﻿23:12:00 : Player #0 Freedom (173.85.75.49:2304) connected
﻿23:12:01 : Player #0 Freedom - GUID: 32974eed83d84dab3c6a86016f1a1d12 (unverified)
﻿23:12:01 : Verified GUID (32974eed83d84dab3c6a86016f1a1d12) of player #0 Freedom
﻿23:12:02 : Player #0 Freedom disconnected
﻿23:12:21 : Player #0 Freedom (173.85.75.49:2304) connected
﻿23:12:22 : Player #0 Freedom - GUID: 32974eed83d84dab3c6a86016f1a1d12 (unverified)
﻿23:12:23 : Verified GUID (32974eed83d84dab3c6a86016f1a1d12) of player #0 Freedom
﻿23:12:23 : Player #0 Freedom - Legacy GUID: 97a8c85ef5bf1164b1deba8cac447118
﻿23:12:24 : Player #0 Freedom disconnected
﻿23:15:20 : RCon admin #1: (Global) NO PVP WITHIN 200m OF TRADER SAFE ZONES excluding ATMS's. Vehicles left in trader zones will be moved to the vehicle pound
﻿23:22:16 : Player #0 Freedom (173.85.75.49:2304) connected
﻿23:22:17 : Player #0 Freedom - GUID: 32974eed83d84dab3c6a86016f1a1d12 (unverified)
﻿23:22:18 : Verified GUID (32974eed83d84dab3c6a86016f1a1d12) of player #0 Freedom
﻿23:22:18 : Player #0 Freedom - Legacy GUID: 97a8c85ef5bf1164b1deba8cac447118
﻿23:22:19 : Player #0 Freedom disconnected
﻿23:26:28 : Player #0 Freedom (173.85.75.49:2304) connected
﻿23:26:29 : Player #0 Freedom - GUID: 32974eed83d84dab3c6a86016f1a1d12 (unverified)
﻿23:26:29 : Verified GUID (32974eed83d84dab3c6a86016f1a1d12) of player #0 Freedom
﻿23:26:30 : Player #0 Freedom - Legacy GUID: 97a8c85ef5bf1164b1deba8cac447118
﻿23:26:30 : Player #0 Freedom disconnected
﻿23:30:01 : Player #0 Freedom (173.85.75.49:2304) connected
﻿23:30:03 : Player #0 Freedom - GUID: 32974eed83d84dab3c6a86016f1a1d12 (unverified)
﻿23:30:04 : Player #0 Freedom - Legacy GUID: 97a8c85ef5bf1164b1deba8cac447118
﻿23:30:04 : Verified GUID (32974eed83d84dab3c6a86016f1a1d12) of player #0 Freedom
﻿23:30:06 : Player #0 Freedom disconnected
﻿23:35:13 : Player #0 Freedom (173.85.75.49:2304) connected
﻿23:35:14 : Player #0 Freedom - GUID: 32974eed83d84dab3c6a86016f1a1d12 (unverified)
﻿23:35:14 : Verified GUID (32974eed83d84dab3c6a86016f1a1d12) of player #0 Freedom
﻿23:35:15 : Player #0 Freedom - Legacy GUID: 97a8c85ef5bf1164b1deba8cac447118
﻿23:35:17 : Player #0 Freedom disconnected
﻿23:38:02 : Player #0 Freedom (173.85.75.49:2304) connected
﻿23:38:03 : Player #0 Freedom - GUID: 32974eed83d84dab3c6a86016f1a1d12 (unverified)
﻿23:38:04 : Verified GUID (32974eed83d84dab3c6a86016f1a1d12) of player #0 Freedom
﻿23:38:04 : Player #0 Freedom - Legacy GUID: 97a8c85ef5bf1164b1deba8cac447118
﻿23:38:05 : Player #0 Freedom disconnected
﻿23:40:54 : Player #0 Freedom (173.85.75.49:2304) connected
﻿23:40:55 : Player #0 Freedom - GUID: 32974eed83d84dab3c6a86016f1a1d12 (unverified)
﻿23:40:56 : Verified GUID (32974eed83d84dab3c6a86016f1a1d12) of player #0 Freedom
﻿23:40:56 : Player #0 Freedom - Legacy GUID: 97a8c85ef5bf1164b1deba8cac447118
﻿23:40:56 : Player #0 Freedom disconnected
﻿23:41:20 : RCon admin #1: (Global) BASES MUST BE MAINTAINED VIA THE PLOT POLE AND SAFES USED EVERY 7 DAYS OR THEY MAY BE DELETED!!
﻿23:45:20 : RCon admin #1: (Global) NO PVP WITHIN 200m OF TRADER SAFE ZONES excluding ATMS's. Vehicles left in trader zones will be moved to the vehicle pound
﻿23:46:20 : RCon admin #1: (Global) Server will restart in 10 minutes
﻿23:46:39 : Player #0 Freedom (173.85.75.49:2304) connected
﻿23:46:40 : Player #0 Freedom - GUID: 32974eed83d84dab3c6a86016f1a1d12 (unverified)
﻿23:46:41 : Verified GUID (32974eed83d84dab3c6a86016f1a1d12) of player #0 Freedom
﻿23:46:41 : Player #0 Freedom - Legacy GUID: 97a8c85ef5bf1164b1deba8cac447118
﻿23:46:42 : Player #0 Freedom disconnected
﻿23:49:12 : Player #0 Freedom (173.85.75.49:2304) connected
﻿23:49:14 : Player #0 Freedom - GUID: 32974eed83d84dab3c6a86016f1a1d12 (unverified)
﻿23:49:14 : Verified GUID (32974eed83d84dab3c6a86016f1a1d12) of player #0 Freedom
﻿23:49:15 : Player #0 Freedom - Legacy GUID: 97a8c85ef5bf1164b1deba8cac447118
﻿23:49:15 : Player #0 Freedom disconnected
﻿23:51:01 : Player #0 Freedom (173.85.75.49:2304) connected
﻿23:51:02 : Player #0 Freedom - GUID: 32974eed83d84dab3c6a86016f1a1d12 (unverified)
﻿23:51:03 : Verified GUID (32974eed83d84dab3c6a86016f1a1d12) of player #0 Freedom
﻿23:51:03 : Player #0 Freedom - Legacy GUID: 97a8c85ef5bf1164b1deba8cac447118
﻿23:51:04 : Player #0 Freedom disconnected
﻿23:51:20 : RCon admin #1: (Global) Server will restart in 5 minutes: Prepare to Logout
﻿23:53:20 : RCon admin #1: (Global) The Server is about to restart. LOG OUT NOW OR YOUR GEAR MAY BE LOST!!
﻿23:54:20 : RCon admin #1: (Global) YOU SHOULD BE LOGGED OUT BY NOW! IF YOU ARENT YOU WILL BE AUTO KICKED AND YOUR GEAR MAY BE LOST! NO REFUNDS!
﻿23:56:53 : Rcon client logging in
﻿23:56:53 : RCon admin #0 (78.31.67.100:53810) logged in
﻿23:57:08 : RCon admin #1 (86.131.103.232:62552) logged in
﻿23:57:48 : Player #0 Freedom (173.85.75.49:2304) connected
﻿23:57:50 : Player #0 Freedom - GUID: 32974eed83d84dab3c6a86016f1a1d12 (unverified)
﻿23:57:50 : Verified GUID (32974eed83d84dab3c6a86016f1a1d12) of player #0 Freedom
﻿23:57:51 : Player #0 Freedom - Legacy GUID: 97a8c85ef5bf1164b1deba8cac447118
﻿23:57:51 : Player #0 Freedom disconnected
