00:18:57 : RCon admin #0: (Global) BASES MUST BE MAINTAINED VIA THE PLOT POLE AND SAFES USED EVERY 7 DAYS OR THEY MAY BE DELETED!!
﻿00:22:58 : RCon admin #0: (Global) NO PVP WITHIN 200m OF TRADER SAFE ZONES excluding ATMS's. Vehicles left in trader zones will be moved to the vehicle pound
﻿00:48:58 : RCon admin #0: (Global) BASES MUST BE MAINTAINED VIA THE PLOT POLE AND SAFES USED EVERY 7 DAYS OR THEY MAY BE DELETED!!
﻿00:52:57 : RCon admin #0: (Global) NO PVP WITHIN 200m OF TRADER SAFE ZONES excluding ATMS's. Vehicles left in trader zones will be moved to the vehicle pound
﻿01:18:57 : RCon admin #0: (Global) BASES MUST BE MAINTAINED VIA THE PLOT POLE AND SAFES USED EVERY 7 DAYS OR THEY MAY BE DELETED!!
﻿01:22:58 : RCon admin #0: (Global) NO PVP WITHIN 200m OF TRADER SAFE ZONES excluding ATMS's. Vehicles left in trader zones will be moved to the vehicle pound
﻿01:23:58 : RCon admin #0: (Global) Server will restart in 10 minutes
﻿01:28:58 : RCon admin #0: (Global) Server will restart in 5 minutes: Prepare to Logout
﻿01:30:58 : RCon admin #0: (Global) The Server is about to restart. LOG OUT NOW OR YOUR GEAR MAY BE LOST!!
﻿01:31:58 : RCon admin #0: (Global) YOU SHOULD BE LOGGED OUT BY NOW! IF YOU ARENT YOU WILL BE AUTO KICKED AND YOUR GEAR MAY BE LOST! NO REFUNDS!
﻿01:34:31 : Rcon client logging in
﻿01:34:31 : RCon admin #0 (78.31.67.100:58915) logged in
﻿01:49:32 : RCon admin #0: (Global) BASES MUST BE MAINTAINED VIA THE PLOT POLE AND SAFES USED EVERY 7 DAYS OR THEY MAY BE DELETED!!
﻿01:53:32 : RCon admin #0: (Global) NO PVP WITHIN 200m OF TRADER SAFE ZONES excluding ATMS's. Vehicles left in trader zones will be moved to the vehicle pound
﻿02:19:32 : RCon admin #0: (Global) BASES MUST BE MAINTAINED VIA THE PLOT POLE AND SAFES USED EVERY 7 DAYS OR THEY MAY BE DELETED!!
﻿02:23:32 : RCon admin #0: (Global) NO PVP WITHIN 200m OF TRADER SAFE ZONES excluding ATMS's. Vehicles left in trader zones will be moved to the vehicle pound
﻿02:49:32 : RCon admin #0: (Global) BASES MUST BE MAINTAINED VIA THE PLOT POLE AND SAFES USED EVERY 7 DAYS OR THEY MAY BE DELETED!!
﻿02:53:32 : RCon admin #0: (Global) NO PVP WITHIN 200m OF TRADER SAFE ZONES excluding ATMS's. Vehicles left in trader zones will be moved to the vehicle pound
﻿03:19:32 : RCon admin #0: (Global) BASES MUST BE MAINTAINED VIA THE PLOT POLE AND SAFES USED EVERY 7 DAYS OR THEY MAY BE DELETED!!
﻿03:23:32 : RCon admin #0: (Global) NO PVP WITHIN 200m OF TRADER SAFE ZONES excluding ATMS's. Vehicles left in trader zones will be moved to the vehicle pound
﻿03:24:32 : RCon admin #0: (Global) Server will restart in 10 minutes
﻿03:29:32 : RCon admin #0: (Global) Server will restart in 5 minutes: Prepare to Logout
﻿03:31:32 : RCon admin #0: (Global) The Server is about to restart. LOG OUT NOW OR YOUR GEAR MAY BE LOST!!
﻿03:32:32 : RCon admin #0: (Global) YOU SHOULD BE LOGGED OUT BY NOW! IF YOU ARENT YOU WILL BE AUTO KICKED AND YOUR GEAR MAY BE LOST! NO REFUNDS!
﻿03:35:05 : Rcon client logging in
﻿03:35:05 : RCon admin #0 (78.31.67.100:59408) logged in
﻿03:50:06 : RCon admin #0: (Global) BASES MUST BE MAINTAINED VIA THE PLOT POLE AND SAFES USED EVERY 7 DAYS OR THEY MAY BE DELETED!!
﻿03:54:06 : RCon admin #0: (Global) NO PVP WITHIN 200m OF TRADER SAFE ZONES excluding ATMS's. Vehicles left in trader zones will be moved to the vehicle pound
﻿04:20:06 : RCon admin #0: (Global) BASES MUST BE MAINTAINED VIA THE PLOT POLE AND SAFES USED EVERY 7 DAYS OR THEY MAY BE DELETED!!
﻿04:24:06 : RCon admin #0: (Global) NO PVP WITHIN 200m OF TRADER SAFE ZONES excluding ATMS's. Vehicles left in trader zones will be moved to the vehicle pound
﻿04:50:06 : RCon admin #0: (Global) BASES MUST BE MAINTAINED VIA THE PLOT POLE AND SAFES USED EVERY 7 DAYS OR THEY MAY BE DELETED!!
﻿04:54:06 : RCon admin #0: (Global) NO PVP WITHIN 200m OF TRADER SAFE ZONES excluding ATMS's. Vehicles left in trader zones will be moved to the vehicle pound
﻿05:20:06 : RCon admin #0: (Global) BASES MUST BE MAINTAINED VIA THE PLOT POLE AND SAFES USED EVERY 7 DAYS OR THEY MAY BE DELETED!!
﻿05:24:06 : RCon admin #0: (Global) NO PVP WITHIN 200m OF TRADER SAFE ZONES excluding ATMS's. Vehicles left in trader zones will be moved to the vehicle pound
﻿05:25:06 : RCon admin #0: (Global) Server will restart in 10 minutes
﻿05:30:06 : RCon admin #0: (Global) Server will restart in 5 minutes: Prepare to Logout
﻿05:32:06 : RCon admin #0: (Global) The Server is about to restart. LOG OUT NOW OR YOUR GEAR MAY BE LOST!!
﻿05:33:06 : RCon admin #0: (Global) YOU SHOULD BE LOGGED OUT BY NOW! IF YOU ARENT YOU WILL BE AUTO KICKED AND YOUR GEAR MAY BE LOST! NO REFUNDS!
﻿05:35:39 : Rcon client logging in
﻿05:35:39 : RCon admin #0 (78.31.67.100:59120) logged in
﻿05:50:39 : RCon admin #0: (Global) BASES MUST BE MAINTAINED VIA THE PLOT POLE AND SAFES USED EVERY 7 DAYS OR THEY MAY BE DELETED!!
﻿05:54:39 : RCon admin #0: (Global) NO PVP WITHIN 200m OF TRADER SAFE ZONES excluding ATMS's. Vehicles left in trader zones will be moved to the vehicle pound
﻿06:20:39 : RCon admin #0: (Global) BASES MUST BE MAINTAINED VIA THE PLOT POLE AND SAFES USED EVERY 7 DAYS OR THEY MAY BE DELETED!!
﻿06:24:39 : RCon admin #0: (Global) NO PVP WITHIN 200m OF TRADER SAFE ZONES excluding ATMS's. Vehicles left in trader zones will be moved to the vehicle pound
﻿06:50:39 : RCon admin #0: (Global) BASES MUST BE MAINTAINED VIA THE PLOT POLE AND SAFES USED EVERY 7 DAYS OR THEY MAY BE DELETED!!
﻿06:54:39 : RCon admin #0: (Global) NO PVP WITHIN 200m OF TRADER SAFE ZONES excluding ATMS's. Vehicles left in trader zones will be moved to the vehicle pound
﻿07:14:36 : Player #0 [UKN] Wargasm (86.131.103.232:2304) connected
﻿07:14:37 : Player #0 [UKN] Wargasm - GUID: bc07c7c39c76cf95a7a434d686d9df66 (unverified)
﻿07:14:37 : Verified GUID (bc07c7c39c76cf95a7a434d686d9df66) of player #0 [UKN] Wargasm
﻿07:14:37 : Player #0 [UKN] Wargasm - Legacy GUID: 977383e15b6c706cac44ca953ba440c7
﻿07:20:39 : RCon admin #0: (Global) BASES MUST BE MAINTAINED VIA THE PLOT POLE AND SAFES USED EVERY 7 DAYS OR THEY MAY BE DELETED!!
﻿07:24:39 : RCon admin #0: (Global) NO PVP WITHIN 200m OF TRADER SAFE ZONES excluding ATMS's. Vehicles left in trader zones will be moved to the vehicle pound
﻿07:25:39 : RCon admin #0: (Global) Server will restart in 10 minutes
﻿07:30:39 : RCon admin #0: (Global) Server will restart in 5 minutes: Prepare to Logout
﻿07:32:39 : RCon admin #0: (Global) The Server is about to restart. LOG OUT NOW OR YOUR GEAR MAY BE LOST!!
﻿07:33:39 : RCon admin #0: (Global) YOU SHOULD BE LOGGED OUT BY NOW! IF YOU ARENT YOU WILL BE AUTO KICKED AND YOUR GEAR MAY BE LOST! NO REFUNDS!
﻿07:36:13 : Rcon client logging in
﻿07:36:13 : RCon admin #0 (78.31.67.100:49404) logged in
﻿07:51:14 : RCon admin #0: (Global) BASES MUST BE MAINTAINED VIA THE PLOT POLE AND SAFES USED EVERY 7 DAYS OR THEY MAY BE DELETED!!
﻿07:55:14 : RCon admin #0: (Global) NO PVP WITHIN 200m OF TRADER SAFE ZONES excluding ATMS's. Vehicles left in trader zones will be moved to the vehicle pound
﻿08:21:13 : RCon admin #0: (Global) BASES MUST BE MAINTAINED VIA THE PLOT POLE AND SAFES USED EVERY 7 DAYS OR THEY MAY BE DELETED!!
﻿08:25:14 : RCon admin #0: (Global) NO PVP WITHIN 200m OF TRADER SAFE ZONES excluding ATMS's. Vehicles left in trader zones will be moved to the vehicle pound
﻿08:51:13 : RCon admin #0: (Global) BASES MUST BE MAINTAINED VIA THE PLOT POLE AND SAFES USED EVERY 7 DAYS OR THEY MAY BE DELETED!!
﻿08:55:14 : RCon admin #0: (Global) NO PVP WITHIN 200m OF TRADER SAFE ZONES excluding ATMS's. Vehicles left in trader zones will be moved to the vehicle pound
﻿09:21:14 : RCon admin #0: (Global) BASES MUST BE MAINTAINED VIA THE PLOT POLE AND SAFES USED EVERY 7 DAYS OR THEY MAY BE DELETED!!
﻿09:25:13 : RCon admin #0: (Global) NO PVP WITHIN 200m OF TRADER SAFE ZONES excluding ATMS's. Vehicles left in trader zones will be moved to the vehicle pound
﻿09:26:13 : RCon admin #0: (Global) Server will restart in 10 minutes
﻿09:31:14 : RCon admin #0: (Global) Server will restart in 5 minutes: Prepare to Logout
﻿09:33:14 : RCon admin #0: (Global) The Server is about to restart. LOG OUT NOW OR YOUR GEAR MAY BE LOST!!
﻿09:34:14 : RCon admin #0: (Global) YOU SHOULD BE LOGGED OUT BY NOW! IF YOU ARENT YOU WILL BE AUTO KICKED AND YOUR GEAR MAY BE LOST! NO REFUNDS!
﻿09:36:47 : Rcon client logging in
﻿09:36:47 : RCon admin #0 (78.31.67.100:49302) logged in
﻿09:51:48 : RCon admin #0: (Global) BASES MUST BE MAINTAINED VIA THE PLOT POLE AND SAFES USED EVERY 7 DAYS OR THEY MAY BE DELETED!!
﻿09:55:48 : RCon admin #0: (Global) NO PVP WITHIN 200m OF TRADER SAFE ZONES excluding ATMS's. Vehicles left in trader zones will be moved to the vehicle pound
﻿10:21:48 : RCon admin #0: (Global) BASES MUST BE MAINTAINED VIA THE PLOT POLE AND SAFES USED EVERY 7 DAYS OR THEY MAY BE DELETED!!
﻿10:25:48 : RCon admin #0: (Global) NO PVP WITHIN 200m OF TRADER SAFE ZONES excluding ATMS's. Vehicles left in trader zones will be moved to the vehicle pound
﻿10:42:59 : Player #0 [UKN] Wargasm (86.131.103.232:2304) connected
﻿10:43:00 : Player #0 [UKN] Wargasm - GUID: bc07c7c39c76cf95a7a434d686d9df66 (unverified)
﻿10:43:01 : Verified GUID (bc07c7c39c76cf95a7a434d686d9df66) of player #0 [UKN] Wargasm
﻿10:43:01 : Player #0 [UKN] Wargasm - Legacy GUID: 977383e15b6c706cac44ca953ba440c7
﻿10:51:48 : RCon admin #0: (Global) BASES MUST BE MAINTAINED VIA THE PLOT POLE AND SAFES USED EVERY 7 DAYS OR THEY MAY BE DELETED!!
﻿10:55:48 : RCon admin #0: (Global) NO PVP WITHIN 200m OF TRADER SAFE ZONES excluding ATMS's. Vehicles left in trader zones will be moved to the vehicle pound
﻿11:21:48 : RCon admin #0: (Global) BASES MUST BE MAINTAINED VIA THE PLOT POLE AND SAFES USED EVERY 7 DAYS OR THEY MAY BE DELETED!!
﻿11:25:48 : RCon admin #0: (Global) NO PVP WITHIN 200m OF TRADER SAFE ZONES excluding ATMS's. Vehicles left in trader zones will be moved to the vehicle pound
﻿11:26:48 : RCon admin #0: (Global) Server will restart in 10 minutes
﻿11:31:48 : RCon admin #0: (Global) Server will restart in 5 minutes: Prepare to Logout
﻿11:33:48 : RCon admin #0: (Global) The Server is about to restart. LOG OUT NOW OR YOUR GEAR MAY BE LOST!!
﻿11:34:48 : RCon admin #0: (Global) YOU SHOULD BE LOGGED OUT BY NOW! IF YOU ARENT YOU WILL BE AUTO KICKED AND YOUR GEAR MAY BE LOST! NO REFUNDS!
﻿11:37:21 : Rcon client logging in
﻿11:37:21 : RCon admin #0 (78.31.67.100:56748) logged in
﻿11:52:22 : RCon admin #0: (Global) BASES MUST BE MAINTAINED VIA THE PLOT POLE AND SAFES USED EVERY 7 DAYS OR THEY MAY BE DELETED!!
﻿11:56:22 : RCon admin #0: (Global) NO PVP WITHIN 200m OF TRADER SAFE ZONES excluding ATMS's. Vehicles left in trader zones will be moved to the vehicle pound
﻿12:07:33 : Lost Connection!
﻿12:07:33 : Closing socket & exiting!
﻿12:09:29 : Rcon client logging in
﻿12:09:29 : RCon admin #0 (78.31.67.100:64028) logged in
﻿12:09:45 : Player #0 HighFlyer (86.131.103.232:2304) connected
﻿12:09:46 : Player #0 HighFlyer - GUID: dea2d42442b9f7baf6c9441b3cdd4c28 (unverified)
﻿12:09:47 : Verified GUID (dea2d42442b9f7baf6c9441b3cdd4c28) of player #0 HighFlyer
﻿12:09:47 : Player #0 HighFlyer - Legacy GUID: 4fb7677ee2815a3907adb63d8d1637f4
﻿12:11:53 : Lost Connection!
﻿12:11:53 : Closing socket & exiting!
﻿12:14:35 : Rcon client logging in
﻿12:14:35 : RCon admin #0 (78.31.67.100:54844) logged in
﻿12:14:40 : Player #0 HighFlyer (86.131.103.232:2304) connected
﻿12:14:41 : Player #0 HighFlyer - GUID: dea2d42442b9f7baf6c9441b3cdd4c28 (unverified)
﻿12:14:41 : Verified GUID (dea2d42442b9f7baf6c9441b3cdd4c28) of player #0 HighFlyer
﻿12:14:42 : Player #0 HighFlyer - Legacy GUID: 4fb7677ee2815a3907adb63d8d1637f4
﻿12:17:23 : Rcon client logging in
﻿12:17:23 : RCon admin #0 (78.31.67.100:54845) logged in
﻿12:28:14 : Lost Connection!
﻿12:28:14 : Closing socket & exiting!
﻿12:32:06 : Rcon client logging in
﻿12:32:06 : RCon admin #0 (78.31.67.100:62889) logged in
﻿12:34:58 : Player #0 HighFlyer (86.131.103.232:2304) connected
﻿12:34:59 : Player #0 HighFlyer - GUID: dea2d42442b9f7baf6c9441b3cdd4c28 (unverified)
﻿12:35:00 : Verified GUID (dea2d42442b9f7baf6c9441b3cdd4c28) of player #0 HighFlyer
﻿12:35:00 : Player #0 HighFlyer - Legacy GUID: 4fb7677ee2815a3907adb63d8d1637f4
﻿12:38:25 : Lost Connection!
﻿12:38:25 : Closing socket & exiting!
﻿12:39:30 : Rcon client logging in
﻿12:39:30 : RCon admin #0 (78.31.67.100:62891) logged in
﻿12:40:31 : Player #0 HighFlyer (86.131.103.232:2304) connected
﻿12:40:32 : Player #0 HighFlyer - GUID: dea2d42442b9f7baf6c9441b3cdd4c28 (unverified)
﻿12:40:33 : Verified GUID (dea2d42442b9f7baf6c9441b3cdd4c28) of player #0 HighFlyer
﻿12:40:33 : Player #0 HighFlyer - Legacy GUID: 4fb7677ee2815a3907adb63d8d1637f4
﻿12:48:45 : Lost Connection!
﻿12:48:45 : Closing socket & exiting!
﻿12:51:39 : Rcon client logging in
﻿12:51:39 : RCon admin #0 (78.31.67.100:64621) logged in
﻿12:53:07 : Player #0 HighFlyer (86.131.103.232:2304) connected
﻿12:53:08 : Player #0 HighFlyer - GUID: dea2d42442b9f7baf6c9441b3cdd4c28 (unverified)
﻿12:53:09 : Verified GUID (dea2d42442b9f7baf6c9441b3cdd4c28) of player #0 HighFlyer
﻿12:53:09 : Player #0 HighFlyer - Legacy GUID: 4fb7677ee2815a3907adb63d8d1637f4
﻿12:58:35 : Lost Connection!
﻿12:58:35 : Closing socket & exiting!
﻿12:59:54 : Rcon client logging in
﻿12:59:54 : RCon admin #0 (78.31.67.100:64623) logged in
﻿12:59:55 : Player #0 HighFlyer (86.131.103.232:2304) connected
﻿12:59:56 : Player #0 HighFlyer - GUID: dea2d42442b9f7baf6c9441b3cdd4c28 (unverified)
﻿12:59:56 : Verified GUID (dea2d42442b9f7baf6c9441b3cdd4c28) of player #0 HighFlyer
﻿12:59:57 : Player #0 HighFlyer - Legacy GUID: 4fb7677ee2815a3907adb63d8d1637f4
﻿13:03:54 : Lost Connection!
﻿13:03:54 : Closing socket & exiting!
﻿13:12:16 : Rcon client logging in
﻿13:12:16 : RCon admin #0 (78.31.67.100:54335) logged in
﻿13:19:11 : Player #0 HighFlyer (86.131.103.232:2304) connected
﻿13:19:13 : Player #0 HighFlyer - GUID: dea2d42442b9f7baf6c9441b3cdd4c28 (unverified)
﻿13:19:13 : Verified GUID (dea2d42442b9f7baf6c9441b3cdd4c28) of player #0 HighFlyer
﻿13:19:13 : Player #0 HighFlyer - Legacy GUID: 4fb7677ee2815a3907adb63d8d1637f4
﻿13:22:31 : Lost Connection!
﻿13:22:31 : Closing socket & exiting!
﻿13:23:43 : Rcon client logging in
﻿13:23:43 : RCon admin #0 (78.31.67.100:59303) logged in
﻿13:24:17 : Player #0 HighFlyer (86.131.103.232:2304) connected
﻿13:24:18 : Player #0 HighFlyer - GUID: dea2d42442b9f7baf6c9441b3cdd4c28 (unverified)
﻿13:24:19 : Verified GUID (dea2d42442b9f7baf6c9441b3cdd4c28) of player #0 HighFlyer
﻿13:24:19 : Player #0 HighFlyer - Legacy GUID: 4fb7677ee2815a3907adb63d8d1637f4
﻿13:26:01 : Lost Connection!
﻿13:26:01 : Closing socket & exiting!
﻿13:27:54 : Rcon client logging in
﻿13:27:54 : RCon admin #0 (78.31.67.100:60139) logged in
﻿13:40:57 : Lost Connection!
﻿13:40:57 : Closing socket & exiting!
﻿13:54:24 : Rcon client logging in
﻿13:54:24 : RCon admin #0 (78.31.67.100:60207) logged in
﻿13:57:41 : Lost Connection!
﻿13:57:41 : Closing socket & exiting!
﻿13:58:20 : Rcon client logging in
﻿13:58:20 : RCon admin #0 (78.31.67.100:60208) logged in
﻿14:01:55 : Player #0 HighFlyer (86.131.103.232:2304) connected
﻿14:01:56 : Player #0 HighFlyer - GUID: dea2d42442b9f7baf6c9441b3cdd4c28 (unverified)
﻿14:01:56 : Verified GUID (dea2d42442b9f7baf6c9441b3cdd4c28) of player #0 HighFlyer
﻿14:01:57 : Player #0 HighFlyer - Legacy GUID: 4fb7677ee2815a3907adb63d8d1637f4
﻿14:12:50 : Rcon client logging in
﻿14:12:50 : RCon admin #0 (78.31.67.100:56832) logged in
﻿14:13:16 : Player #0 HighFlyer (86.131.103.232:2304) connected
﻿14:13:17 : Player #0 HighFlyer - GUID: dea2d42442b9f7baf6c9441b3cdd4c28 (unverified)
﻿14:13:17 : Verified GUID (dea2d42442b9f7baf6c9441b3cdd4c28) of player #0 HighFlyer
﻿14:13:18 : Player #0 HighFlyer - Legacy GUID: 4fb7677ee2815a3907adb63d8d1637f4
﻿14:19:23 : Player #1 [UKN] Wargasm (86.131.103.232:1024) connected
﻿14:19:24 : Player #1 [UKN] Wargasm - GUID: bc07c7c39c76cf95a7a434d686d9df66 (unverified)
﻿14:19:24 : Verified GUID (bc07c7c39c76cf95a7a434d686d9df66) of player #1 [UKN] Wargasm
﻿14:19:25 : Player #1 [UKN] Wargasm - Legacy GUID: 977383e15b6c706cac44ca953ba440c7
﻿14:27:50 : RCon admin #0: (Global) BASES MUST BE MAINTAINED VIA THE PLOT POLE AND SAFES USED EVERY 7 DAYS OR THEY MAY BE DELETED!!
﻿14:31:50 : RCon admin #0: (Global) NO PVP WITHIN 200m OF TRADER SAFE ZONES excluding ATMS's. Vehicles left in trader zones will be moved to the vehicle pound
﻿14:57:50 : RCon admin #0: (Global) BASES MUST BE MAINTAINED VIA THE PLOT POLE AND SAFES USED EVERY 7 DAYS OR THEY MAY BE DELETED!!
﻿15:01:50 : RCon admin #0: (Global) NO PVP WITHIN 200m OF TRADER SAFE ZONES excluding ATMS's. Vehicles left in trader zones will be moved to the vehicle pound
﻿15:20:50 : Player #1 [UKN] Wargasm disconnected
﻿15:24:17 : Player #1 [UKN] Wargasm (86.131.103.232:1024) connected
﻿15:24:17 : Player #1 [UKN] Wargasm - GUID: bc07c7c39c76cf95a7a434d686d9df66 (unverified)
﻿15:24:18 : Verified GUID (bc07c7c39c76cf95a7a434d686d9df66) of player #1 [UKN] Wargasm
﻿15:24:19 : Player #1 [UKN] Wargasm - Legacy GUID: 977383e15b6c706cac44ca953ba440c7
﻿15:27:50 : RCon admin #0: (Global) BASES MUST BE MAINTAINED VIA THE PLOT POLE AND SAFES USED EVERY 7 DAYS OR THEY MAY BE DELETED!!
﻿15:31:50 : RCon admin #0: (Global) NO PVP WITHIN 200m OF TRADER SAFE ZONES excluding ATMS's. Vehicles left in trader zones will be moved to the vehicle pound
﻿15:57:50 : RCon admin #0: (Global) BASES MUST BE MAINTAINED VIA THE PLOT POLE AND SAFES USED EVERY 7 DAYS OR THEY MAY BE DELETED!!
﻿16:01:50 : RCon admin #0: (Global) NO PVP WITHIN 200m OF TRADER SAFE ZONES excluding ATMS's. Vehicles left in trader zones will be moved to the vehicle pound
﻿16:02:50 : RCon admin #0: (Global) Server will restart in 10 minutes
﻿16:07:50 : RCon admin #0: (Global) Server will restart in 5 minutes: Prepare to Logout
﻿16:09:50 : RCon admin #0: (Global) The Server is about to restart. LOG OUT NOW OR YOUR GEAR MAY BE LOST!!
﻿16:10:50 : RCon admin #0: (Global) YOU SHOULD BE LOGGED OUT BY NOW! IF YOU ARENT YOU WILL BE AUTO KICKED AND YOUR GEAR MAY BE LOST! NO REFUNDS!
﻿16:13:24 : Rcon client logging in
﻿16:13:24 : RCon admin #0 (78.31.67.100:58238) logged in
﻿16:28:25 : RCon admin #0: (Global) BASES MUST BE MAINTAINED VIA THE PLOT POLE AND SAFES USED EVERY 7 DAYS OR THEY MAY BE DELETED!!
﻿16:32:25 : RCon admin #0: (Global) NO PVP WITHIN 200m OF TRADER SAFE ZONES excluding ATMS's. Vehicles left in trader zones will be moved to the vehicle pound
﻿16:53:03 : Player #0 [UKN] Wargasm (86.131.103.232:2304) connected
﻿16:53:04 : Player #0 [UKN] Wargasm - GUID: bc07c7c39c76cf95a7a434d686d9df66 (unverified)
﻿16:53:05 : Verified GUID (bc07c7c39c76cf95a7a434d686d9df66) of player #0 [UKN] Wargasm
﻿16:53:05 : Player #0 [UKN] Wargasm - Legacy GUID: 977383e15b6c706cac44ca953ba440c7
﻿16:58:25 : RCon admin #0: (Global) BASES MUST BE MAINTAINED VIA THE PLOT POLE AND SAFES USED EVERY 7 DAYS OR THEY MAY BE DELETED!!
﻿17:02:25 : RCon admin #0: (Global) NO PVP WITHIN 200m OF TRADER SAFE ZONES excluding ATMS's. Vehicles left in trader zones will be moved to the vehicle pound
﻿17:05:20 : Lost Connection!
﻿17:05:20 : Closing socket & exiting!
﻿17:18:34 : Rcon client logging in
﻿17:18:34 : RCon admin #0 (78.31.67.100:61819) logged in
﻿17:33:35 : RCon admin #0: (Global) BASES MUST BE MAINTAINED VIA THE PLOT POLE AND SAFES USED EVERY 7 DAYS OR THEY MAY BE DELETED!!
﻿17:37:35 : RCon admin #0: (Global) NO PVP WITHIN 200m OF TRADER SAFE ZONES excluding ATMS's. Vehicles left in trader zones will be moved to the vehicle pound
﻿17:52:52 : Player #0 [UKN] Wargasm (86.131.103.232:2304) connected
﻿17:52:53 : Player #0 [UKN] Wargasm - GUID: bc07c7c39c76cf95a7a434d686d9df66 (unverified)
﻿17:52:53 : Verified GUID (bc07c7c39c76cf95a7a434d686d9df66) of player #0 [UKN] Wargasm
﻿17:52:54 : Player #0 [UKN] Wargasm - Legacy GUID: 977383e15b6c706cac44ca953ba440c7
﻿18:03:35 : RCon admin #0: (Global) BASES MUST BE MAINTAINED VIA THE PLOT POLE AND SAFES USED EVERY 7 DAYS OR THEY MAY BE DELETED!!
﻿18:07:35 : RCon admin #0: (Global) NO PVP WITHIN 200m OF TRADER SAFE ZONES excluding ATMS's. Vehicles left in trader zones will be moved to the vehicle pound
﻿18:29:46 : Lost Connection!
﻿18:29:46 : Closing socket & exiting!
﻿18:30:41 : Rcon client logging in
﻿18:30:41 : RCon admin #0 (78.31.67.100:61421) logged in
﻿18:45:41 : RCon admin #0: (Global) BASES MUST BE MAINTAINED VIA THE PLOT POLE AND SAFES USED EVERY 7 DAYS OR THEY MAY BE DELETED!!
﻿18:49:41 : RCon admin #0: (Global) NO PVP WITHIN 200m OF TRADER SAFE ZONES excluding ATMS's. Vehicles left in trader zones will be moved to the vehicle pound
﻿19:15:41 : RCon admin #0: (Global) BASES MUST BE MAINTAINED VIA THE PLOT POLE AND SAFES USED EVERY 7 DAYS OR THEY MAY BE DELETED!!
﻿19:19:42 : RCon admin #0: (Global) NO PVP WITHIN 200m OF TRADER SAFE ZONES excluding ATMS's. Vehicles left in trader zones will be moved to the vehicle pound
﻿19:45:41 : RCon admin #0: (Global) BASES MUST BE MAINTAINED VIA THE PLOT POLE AND SAFES USED EVERY 7 DAYS OR THEY MAY BE DELETED!!
﻿19:49:41 : RCon admin #0: (Global) NO PVP WITHIN 200m OF TRADER SAFE ZONES excluding ATMS's. Vehicles left in trader zones will be moved to the vehicle pound
﻿20:15:42 : RCon admin #0: (Global) BASES MUST BE MAINTAINED VIA THE PLOT POLE AND SAFES USED EVERY 7 DAYS OR THEY MAY BE DELETED!!
﻿20:19:41 : RCon admin #0: (Global) NO PVP WITHIN 200m OF TRADER SAFE ZONES excluding ATMS's. Vehicles left in trader zones will be moved to the vehicle pound
﻿20:20:42 : RCon admin #0: (Global) Server will restart in 10 minutes
﻿20:25:41 : RCon admin #0: (Global) Server will restart in 5 minutes: Prepare to Logout
﻿20:27:42 : RCon admin #0: (Global) The Server is about to restart. LOG OUT NOW OR YOUR GEAR MAY BE LOST!!
﻿20:28:41 : RCon admin #0: (Global) YOU SHOULD BE LOGGED OUT BY NOW! IF YOU ARENT YOU WILL BE AUTO KICKED AND YOUR GEAR MAY BE LOST! NO REFUNDS!
﻿20:31:15 : Rcon client logging in
﻿20:31:15 : RCon admin #0 (78.31.67.100:65341) logged in
﻿20:46:16 : RCon admin #0: (Global) BASES MUST BE MAINTAINED VIA THE PLOT POLE AND SAFES USED EVERY 7 DAYS OR THEY MAY BE DELETED!!
﻿20:50:16 : RCon admin #0: (Global) NO PVP WITHIN 200m OF TRADER SAFE ZONES excluding ATMS's. Vehicles left in trader zones will be moved to the vehicle pound
﻿21:16:16 : RCon admin #0: (Global) BASES MUST BE MAINTAINED VIA THE PLOT POLE AND SAFES USED EVERY 7 DAYS OR THEY MAY BE DELETED!!
﻿21:20:16 : RCon admin #0: (Global) NO PVP WITHIN 200m OF TRADER SAFE ZONES excluding ATMS's. Vehicles left in trader zones will be moved to the vehicle pound
﻿21:46:16 : RCon admin #0: (Global) BASES MUST BE MAINTAINED VIA THE PLOT POLE AND SAFES USED EVERY 7 DAYS OR THEY MAY BE DELETED!!
﻿21:50:16 : RCon admin #0: (Global) NO PVP WITHIN 200m OF TRADER SAFE ZONES excluding ATMS's. Vehicles left in trader zones will be moved to the vehicle pound
﻿22:16:16 : RCon admin #0: (Global) BASES MUST BE MAINTAINED VIA THE PLOT POLE AND SAFES USED EVERY 7 DAYS OR THEY MAY BE DELETED!!
﻿22:16:26 : Player #0 [UKN] Wargasm (86.131.103.232:2304) connected
﻿22:16:27 : Player #0 [UKN] Wargasm - GUID: bc07c7c39c76cf95a7a434d686d9df66 (unverified)
﻿22:16:28 : Verified GUID (bc07c7c39c76cf95a7a434d686d9df66) of player #0 [UKN] Wargasm
﻿22:16:28 : Player #0 [UKN] Wargasm - Legacy GUID: 977383e15b6c706cac44ca953ba440c7
﻿22:20:15 : RCon admin #0: (Global) NO PVP WITHIN 200m OF TRADER SAFE ZONES excluding ATMS's. Vehicles left in trader zones will be moved to the vehicle pound
﻿22:21:16 : RCon admin #0: (Global) Server will restart in 10 minutes
﻿22:22:03 : Player #0 [UKN] Wargasm disconnected
﻿22:26:16 : RCon admin #0: (Global) Server will restart in 5 minutes: Prepare to Logout
﻿22:28:16 : RCon admin #0: (Global) The Server is about to restart. LOG OUT NOW OR YOUR GEAR MAY BE LOST!!
﻿22:29:16 : RCon admin #0: (Global) YOU SHOULD BE LOGGED OUT BY NOW! IF YOU ARENT YOU WILL BE AUTO KICKED AND YOUR GEAR MAY BE LOST! NO REFUNDS!
﻿22:31:49 : Rcon client logging in
﻿22:31:49 : RCon admin #0 (78.31.67.100:52429) logged in
﻿22:31:57 : Player #0 [UKN] Wargasm (86.131.103.232:2304) connected
﻿22:31:58 : Player #0 [UKN] Wargasm - GUID: bc07c7c39c76cf95a7a434d686d9df66 (unverified)
﻿22:31:59 : Verified GUID (bc07c7c39c76cf95a7a434d686d9df66) of player #0 [UKN] Wargasm
﻿22:31:59 : Player #0 [UKN] Wargasm - Legacy GUID: 977383e15b6c706cac44ca953ba440c7
﻿22:46:50 : RCon admin #0: (Global) BASES MUST BE MAINTAINED VIA THE PLOT POLE AND SAFES USED EVERY 7 DAYS OR THEY MAY BE DELETED!!
﻿22:50:50 : RCon admin #0: (Global) NO PVP WITHIN 200m OF TRADER SAFE ZONES excluding ATMS's. Vehicles left in trader zones will be moved to the vehicle pound
﻿23:16:50 : RCon admin #0: (Global) BASES MUST BE MAINTAINED VIA THE PLOT POLE AND SAFES USED EVERY 7 DAYS OR THEY MAY BE DELETED!!
﻿23:20:50 : RCon admin #0: (Global) NO PVP WITHIN 200m OF TRADER SAFE ZONES excluding ATMS's. Vehicles left in trader zones will be moved to the vehicle pound
﻿23:46:50 : RCon admin #0: (Global) BASES MUST BE MAINTAINED VIA THE PLOT POLE AND SAFES USED EVERY 7 DAYS OR THEY MAY BE DELETED!!
﻿23:50:50 : RCon admin #0: (Global) NO PVP WITHIN 200m OF TRADER SAFE ZONES excluding ATMS's. Vehicles left in trader zones will be moved to the vehicle pound
