00:00:28 : RCon admin #0: (Global) NO PVP WITHIN 200m OF TRADER SAFE ZONES excluding ATMS's. Vehicles left in trader zones will be moved to the vehicle pound
﻿00:01:28 : RCon admin #0: (Global) Server will restart in 10 minutes
﻿00:06:28 : RCon admin #0: (Global) Server will restart in 5 minutes: Prepare to Logout
﻿00:08:28 : RCon admin #0: (Global) The Server is about to restart. LOG OUT NOW OR YOUR GEAR MAY BE LOST!!
﻿00:09:28 : RCon admin #0: (Global) YOU SHOULD BE LOGGED OUT BY NOW! IF YOU ARENT YOU WILL BE AUTO KICKED AND YOUR GEAR MAY BE LOST! NO REFUNDS!
﻿00:12:01 : Rcon client logging in
﻿00:12:01 : RCon admin #0 (78.31.67.100:54700) logged in
﻿00:27:02 : RCon admin #0: (Global) BASES MUST BE MAINTAINED VIA THE PLOT POLE AND SAFES USED EVERY 7 DAYS OR THEY MAY BE DELETED!!
﻿00:31:02 : RCon admin #0: (Global) NO PVP WITHIN 200m OF TRADER SAFE ZONES excluding ATMS's. Vehicles left in trader zones will be moved to the vehicle pound
﻿00:57:02 : RCon admin #0: (Global) BASES MUST BE MAINTAINED VIA THE PLOT POLE AND SAFES USED EVERY 7 DAYS OR THEY MAY BE DELETED!!
﻿01:01:02 : RCon admin #0: (Global) NO PVP WITHIN 200m OF TRADER SAFE ZONES excluding ATMS's. Vehicles left in trader zones will be moved to the vehicle pound
﻿01:27:02 : RCon admin #0: (Global) BASES MUST BE MAINTAINED VIA THE PLOT POLE AND SAFES USED EVERY 7 DAYS OR THEY MAY BE DELETED!!
﻿01:31:02 : RCon admin #0: (Global) NO PVP WITHIN 200m OF TRADER SAFE ZONES excluding ATMS's. Vehicles left in trader zones will be moved to the vehicle pound
﻿01:57:02 : RCon admin #0: (Global) BASES MUST BE MAINTAINED VIA THE PLOT POLE AND SAFES USED EVERY 7 DAYS OR THEY MAY BE DELETED!!
﻿02:01:02 : RCon admin #0: (Global) NO PVP WITHIN 200m OF TRADER SAFE ZONES excluding ATMS's. Vehicles left in trader zones will be moved to the vehicle pound
﻿02:02:02 : RCon admin #0: (Global) Server will restart in 10 minutes
﻿02:07:02 : RCon admin #0: (Global) Server will restart in 5 minutes: Prepare to Logout
﻿02:09:02 : RCon admin #0: (Global) The Server is about to restart. LOG OUT NOW OR YOUR GEAR MAY BE LOST!!
﻿02:10:02 : RCon admin #0: (Global) YOU SHOULD BE LOGGED OUT BY NOW! IF YOU ARENT YOU WILL BE AUTO KICKED AND YOUR GEAR MAY BE LOST! NO REFUNDS!
﻿02:12:35 : Rcon client logging in
﻿02:12:35 : RCon admin #0 (78.31.67.100:50792) logged in
﻿02:27:36 : RCon admin #0: (Global) BASES MUST BE MAINTAINED VIA THE PLOT POLE AND SAFES USED EVERY 7 DAYS OR THEY MAY BE DELETED!!
﻿02:31:36 : RCon admin #0: (Global) NO PVP WITHIN 200m OF TRADER SAFE ZONES excluding ATMS's. Vehicles left in trader zones will be moved to the vehicle pound
﻿02:57:36 : RCon admin #0: (Global) BASES MUST BE MAINTAINED VIA THE PLOT POLE AND SAFES USED EVERY 7 DAYS OR THEY MAY BE DELETED!!
﻿03:01:36 : RCon admin #0: (Global) NO PVP WITHIN 200m OF TRADER SAFE ZONES excluding ATMS's. Vehicles left in trader zones will be moved to the vehicle pound
﻿03:27:36 : RCon admin #0: (Global) BASES MUST BE MAINTAINED VIA THE PLOT POLE AND SAFES USED EVERY 7 DAYS OR THEY MAY BE DELETED!!
﻿03:31:36 : RCon admin #0: (Global) NO PVP WITHIN 200m OF TRADER SAFE ZONES excluding ATMS's. Vehicles left in trader zones will be moved to the vehicle pound
﻿03:57:36 : RCon admin #0: (Global) BASES MUST BE MAINTAINED VIA THE PLOT POLE AND SAFES USED EVERY 7 DAYS OR THEY MAY BE DELETED!!
﻿04:01:36 : RCon admin #0: (Global) NO PVP WITHIN 200m OF TRADER SAFE ZONES excluding ATMS's. Vehicles left in trader zones will be moved to the vehicle pound
﻿04:02:36 : RCon admin #0: (Global) Server will restart in 10 minutes
﻿04:07:36 : RCon admin #0: (Global) Server will restart in 5 minutes: Prepare to Logout
﻿04:09:36 : RCon admin #0: (Global) The Server is about to restart. LOG OUT NOW OR YOUR GEAR MAY BE LOST!!
﻿04:10:36 : RCon admin #0: (Global) YOU SHOULD BE LOGGED OUT BY NOW! IF YOU ARENT YOU WILL BE AUTO KICKED AND YOUR GEAR MAY BE LOST! NO REFUNDS!
﻿04:13:09 : Rcon client logging in
﻿04:13:09 : RCon admin #0 (78.31.67.100:61054) logged in
﻿04:28:10 : RCon admin #0: (Global) BASES MUST BE MAINTAINED VIA THE PLOT POLE AND SAFES USED EVERY 7 DAYS OR THEY MAY BE DELETED!!
﻿04:32:09 : RCon admin #0: (Global) NO PVP WITHIN 200m OF TRADER SAFE ZONES excluding ATMS's. Vehicles left in trader zones will be moved to the vehicle pound
﻿04:58:09 : RCon admin #0: (Global) BASES MUST BE MAINTAINED VIA THE PLOT POLE AND SAFES USED EVERY 7 DAYS OR THEY MAY BE DELETED!!
﻿05:02:09 : RCon admin #0: (Global) NO PVP WITHIN 200m OF TRADER SAFE ZONES excluding ATMS's. Vehicles left in trader zones will be moved to the vehicle pound
﻿05:28:09 : RCon admin #0: (Global) BASES MUST BE MAINTAINED VIA THE PLOT POLE AND SAFES USED EVERY 7 DAYS OR THEY MAY BE DELETED!!
﻿05:32:09 : RCon admin #0: (Global) NO PVP WITHIN 200m OF TRADER SAFE ZONES excluding ATMS's. Vehicles left in trader zones will be moved to the vehicle pound
﻿05:58:09 : RCon admin #0: (Global) BASES MUST BE MAINTAINED VIA THE PLOT POLE AND SAFES USED EVERY 7 DAYS OR THEY MAY BE DELETED!!
﻿06:02:10 : RCon admin #0: (Global) NO PVP WITHIN 200m OF TRADER SAFE ZONES excluding ATMS's. Vehicles left in trader zones will be moved to the vehicle pound
﻿06:03:09 : RCon admin #0: (Global) Server will restart in 10 minutes
﻿06:08:10 : RCon admin #0: (Global) Server will restart in 5 minutes: Prepare to Logout
﻿06:10:09 : RCon admin #0: (Global) The Server is about to restart. LOG OUT NOW OR YOUR GEAR MAY BE LOST!!
﻿06:11:10 : RCon admin #0: (Global) YOU SHOULD BE LOGGED OUT BY NOW! IF YOU ARENT YOU WILL BE AUTO KICKED AND YOUR GEAR MAY BE LOST! NO REFUNDS!
﻿06:13:43 : Rcon client logging in
﻿06:13:43 : RCon admin #0 (78.31.67.100:53367) logged in
﻿06:28:44 : RCon admin #0: (Global) BASES MUST BE MAINTAINED VIA THE PLOT POLE AND SAFES USED EVERY 7 DAYS OR THEY MAY BE DELETED!!
﻿06:32:44 : RCon admin #0: (Global) NO PVP WITHIN 200m OF TRADER SAFE ZONES excluding ATMS's. Vehicles left in trader zones will be moved to the vehicle pound
﻿06:58:44 : RCon admin #0: (Global) BASES MUST BE MAINTAINED VIA THE PLOT POLE AND SAFES USED EVERY 7 DAYS OR THEY MAY BE DELETED!!
﻿07:02:44 : RCon admin #0: (Global) NO PVP WITHIN 200m OF TRADER SAFE ZONES excluding ATMS's. Vehicles left in trader zones will be moved to the vehicle pound
﻿07:28:44 : RCon admin #0: (Global) BASES MUST BE MAINTAINED VIA THE PLOT POLE AND SAFES USED EVERY 7 DAYS OR THEY MAY BE DELETED!!
﻿07:32:44 : RCon admin #0: (Global) NO PVP WITHIN 200m OF TRADER SAFE ZONES excluding ATMS's. Vehicles left in trader zones will be moved to the vehicle pound
﻿07:58:44 : RCon admin #0: (Global) BASES MUST BE MAINTAINED VIA THE PLOT POLE AND SAFES USED EVERY 7 DAYS OR THEY MAY BE DELETED!!
﻿08:02:44 : RCon admin #0: (Global) NO PVP WITHIN 200m OF TRADER SAFE ZONES excluding ATMS's. Vehicles left in trader zones will be moved to the vehicle pound
﻿08:03:44 : RCon admin #0: (Global) Server will restart in 10 minutes
﻿08:08:44 : RCon admin #0: (Global) Server will restart in 5 minutes: Prepare to Logout
﻿08:10:44 : RCon admin #0: (Global) The Server is about to restart. LOG OUT NOW OR YOUR GEAR MAY BE LOST!!
﻿08:11:44 : RCon admin #0: (Global) YOU SHOULD BE LOGGED OUT BY NOW! IF YOU ARENT YOU WILL BE AUTO KICKED AND YOUR GEAR MAY BE LOST! NO REFUNDS!
﻿08:14:17 : Rcon client logging in
﻿08:14:17 : RCon admin #0 (78.31.67.100:56580) logged in
﻿08:29:18 : RCon admin #0: (Global) BASES MUST BE MAINTAINED VIA THE PLOT POLE AND SAFES USED EVERY 7 DAYS OR THEY MAY BE DELETED!!
﻿08:33:18 : RCon admin #0: (Global) NO PVP WITHIN 200m OF TRADER SAFE ZONES excluding ATMS's. Vehicles left in trader zones will be moved to the vehicle pound
﻿08:59:18 : RCon admin #0: (Global) BASES MUST BE MAINTAINED VIA THE PLOT POLE AND SAFES USED EVERY 7 DAYS OR THEY MAY BE DELETED!!
﻿09:03:18 : RCon admin #0: (Global) NO PVP WITHIN 200m OF TRADER SAFE ZONES excluding ATMS's. Vehicles left in trader zones will be moved to the vehicle pound
﻿09:29:18 : RCon admin #0: (Global) BASES MUST BE MAINTAINED VIA THE PLOT POLE AND SAFES USED EVERY 7 DAYS OR THEY MAY BE DELETED!!
﻿09:33:18 : RCon admin #0: (Global) NO PVP WITHIN 200m OF TRADER SAFE ZONES excluding ATMS's. Vehicles left in trader zones will be moved to the vehicle pound
﻿09:59:18 : RCon admin #0: (Global) BASES MUST BE MAINTAINED VIA THE PLOT POLE AND SAFES USED EVERY 7 DAYS OR THEY MAY BE DELETED!!
﻿10:03:18 : RCon admin #0: (Global) NO PVP WITHIN 200m OF TRADER SAFE ZONES excluding ATMS's. Vehicles left in trader zones will be moved to the vehicle pound
﻿10:04:18 : RCon admin #0: (Global) Server will restart in 10 minutes
﻿10:09:18 : RCon admin #0: (Global) Server will restart in 5 minutes: Prepare to Logout
﻿10:11:18 : RCon admin #0: (Global) The Server is about to restart. LOG OUT NOW OR YOUR GEAR MAY BE LOST!!
﻿10:12:18 : RCon admin #0: (Global) YOU SHOULD BE LOGGED OUT BY NOW! IF YOU ARENT YOU WILL BE AUTO KICKED AND YOUR GEAR MAY BE LOST! NO REFUNDS!
﻿10:14:51 : Rcon client logging in
﻿10:14:51 : RCon admin #0 (78.31.67.100:52372) logged in
﻿10:29:52 : RCon admin #0: (Global) BASES MUST BE MAINTAINED VIA THE PLOT POLE AND SAFES USED EVERY 7 DAYS OR THEY MAY BE DELETED!!
﻿10:33:52 : RCon admin #0: (Global) NO PVP WITHIN 200m OF TRADER SAFE ZONES excluding ATMS's. Vehicles left in trader zones will be moved to the vehicle pound
﻿10:59:52 : RCon admin #0: (Global) BASES MUST BE MAINTAINED VIA THE PLOT POLE AND SAFES USED EVERY 7 DAYS OR THEY MAY BE DELETED!!
﻿11:03:52 : RCon admin #0: (Global) NO PVP WITHIN 200m OF TRADER SAFE ZONES excluding ATMS's. Vehicles left in trader zones will be moved to the vehicle pound
﻿11:29:52 : RCon admin #0: (Global) BASES MUST BE MAINTAINED VIA THE PLOT POLE AND SAFES USED EVERY 7 DAYS OR THEY MAY BE DELETED!!
﻿11:33:52 : RCon admin #0: (Global) NO PVP WITHIN 200m OF TRADER SAFE ZONES excluding ATMS's. Vehicles left in trader zones will be moved to the vehicle pound
﻿11:59:52 : RCon admin #0: (Global) BASES MUST BE MAINTAINED VIA THE PLOT POLE AND SAFES USED EVERY 7 DAYS OR THEY MAY BE DELETED!!
﻿12:03:52 : RCon admin #0: (Global) NO PVP WITHIN 200m OF TRADER SAFE ZONES excluding ATMS's. Vehicles left in trader zones will be moved to the vehicle pound
﻿12:04:52 : RCon admin #0: (Global) Server will restart in 10 minutes
﻿12:09:52 : RCon admin #0: (Global) Server will restart in 5 minutes: Prepare to Logout
﻿12:11:52 : RCon admin #0: (Global) The Server is about to restart. LOG OUT NOW OR YOUR GEAR MAY BE LOST!!
﻿12:12:52 : RCon admin #0: (Global) YOU SHOULD BE LOGGED OUT BY NOW! IF YOU ARENT YOU WILL BE AUTO KICKED AND YOUR GEAR MAY BE LOST! NO REFUNDS!
﻿12:15:25 : Rcon client logging in
﻿12:15:25 : RCon admin #0 (78.31.67.100:52804) logged in
﻿12:30:26 : RCon admin #0: (Global) BASES MUST BE MAINTAINED VIA THE PLOT POLE AND SAFES USED EVERY 7 DAYS OR THEY MAY BE DELETED!!
﻿12:34:26 : RCon admin #0: (Global) NO PVP WITHIN 200m OF TRADER SAFE ZONES excluding ATMS's. Vehicles left in trader zones will be moved to the vehicle pound
﻿13:00:26 : RCon admin #0: (Global) BASES MUST BE MAINTAINED VIA THE PLOT POLE AND SAFES USED EVERY 7 DAYS OR THEY MAY BE DELETED!!
﻿13:04:26 : RCon admin #0: (Global) NO PVP WITHIN 200m OF TRADER SAFE ZONES excluding ATMS's. Vehicles left in trader zones will be moved to the vehicle pound
﻿13:30:26 : RCon admin #0: (Global) BASES MUST BE MAINTAINED VIA THE PLOT POLE AND SAFES USED EVERY 7 DAYS OR THEY MAY BE DELETED!!
﻿13:34:26 : RCon admin #0: (Global) NO PVP WITHIN 200m OF TRADER SAFE ZONES excluding ATMS's. Vehicles left in trader zones will be moved to the vehicle pound
﻿14:00:26 : RCon admin #0: (Global) BASES MUST BE MAINTAINED VIA THE PLOT POLE AND SAFES USED EVERY 7 DAYS OR THEY MAY BE DELETED!!
﻿14:04:26 : RCon admin #0: (Global) NO PVP WITHIN 200m OF TRADER SAFE ZONES excluding ATMS's. Vehicles left in trader zones will be moved to the vehicle pound
﻿14:05:26 : RCon admin #0: (Global) Server will restart in 10 minutes
﻿14:10:26 : RCon admin #0: (Global) Server will restart in 5 minutes: Prepare to Logout
﻿14:12:26 : RCon admin #0: (Global) The Server is about to restart. LOG OUT NOW OR YOUR GEAR MAY BE LOST!!
﻿14:13:26 : RCon admin #0: (Global) YOU SHOULD BE LOGGED OUT BY NOW! IF YOU ARENT YOU WILL BE AUTO KICKED AND YOUR GEAR MAY BE LOST! NO REFUNDS!
﻿14:15:59 : Rcon client logging in
﻿14:15:59 : RCon admin #0 (78.31.67.100:57142) logged in
﻿14:31:00 : RCon admin #0: (Global) BASES MUST BE MAINTAINED VIA THE PLOT POLE AND SAFES USED EVERY 7 DAYS OR THEY MAY BE DELETED!!
﻿14:35:00 : RCon admin #0: (Global) NO PVP WITHIN 200m OF TRADER SAFE ZONES excluding ATMS's. Vehicles left in trader zones will be moved to the vehicle pound
﻿15:01:00 : RCon admin #0: (Global) BASES MUST BE MAINTAINED VIA THE PLOT POLE AND SAFES USED EVERY 7 DAYS OR THEY MAY BE DELETED!!
﻿15:05:00 : RCon admin #0: (Global) NO PVP WITHIN 200m OF TRADER SAFE ZONES excluding ATMS's. Vehicles left in trader zones will be moved to the vehicle pound
﻿15:10:09 : Lost Connection!
﻿15:10:09 : Closing socket & exiting!
﻿15:47:27 : Rcon client logging in
﻿15:47:27 : RCon admin #0 (78.31.67.100:51552) logged in
﻿15:49:42 : Lost Connection!
﻿15:49:42 : Closing socket & exiting!
﻿15:59:30 : Rcon client logging in
﻿15:59:30 : RCon admin #0 (78.31.67.100:57520) logged in
﻿15:59:31 : Player #0 Ziltoid - GUID: bc07c7c39c76cf95a7a434d686d9df66 (unverified)
﻿15:59:32 : Verified GUID (bc07c7c39c76cf95a7a434d686d9df66) of player #0 Ziltoid
﻿15:59:32 : Player #0 Ziltoid - Legacy GUID: 977383e15b6c706cac44ca953ba440c7
﻿16:14:31 : RCon admin #0: (Global) BASES MUST BE MAINTAINED VIA THE PLOT POLE AND SAFES USED EVERY 7 DAYS OR THEY MAY BE DELETED!!
﻿16:18:31 : RCon admin #0: (Global) NO PVP WITHIN 200m OF TRADER SAFE ZONES excluding ATMS's. Vehicles left in trader zones will be moved to the vehicle pound
﻿16:33:51 : Player #0 Ziltoid disconnected
﻿16:35:40 : Lost Connection!
﻿16:35:40 : Closing socket & exiting!
﻿17:17:08 : Rcon client logging in
﻿17:17:08 : RCon admin #0 (78.31.67.100:56862) logged in
﻿17:17:11 : Player #0 Ziltoid (5.80.3.54:2304) connected
﻿17:17:12 : Player #0 Ziltoid - GUID: bc07c7c39c76cf95a7a434d686d9df66 (unverified)
﻿17:17:12 : Verified GUID (bc07c7c39c76cf95a7a434d686d9df66) of player #0 Ziltoid
﻿17:17:13 : Player #0 Ziltoid - Legacy GUID: 977383e15b6c706cac44ca953ba440c7
﻿17:18:49 : Player #0 Ziltoid disconnected
﻿17:19:51 : Player #0 Ziltoid (5.80.3.54:2304) connected
﻿17:19:52 : Player #0 Ziltoid - GUID: bc07c7c39c76cf95a7a434d686d9df66 (unverified)
﻿17:19:52 : Verified GUID (bc07c7c39c76cf95a7a434d686d9df66) of player #0 Ziltoid
﻿17:19:53 : Player #0 Ziltoid - Legacy GUID: 977383e15b6c706cac44ca953ba440c7
﻿17:32:08 : RCon admin #0: (Global) BASES MUST BE MAINTAINED VIA THE PLOT POLE AND SAFES USED EVERY 7 DAYS OR THEY MAY BE DELETED!!
﻿17:36:08 : RCon admin #0: (Global) NO PVP WITHIN 200m OF TRADER SAFE ZONES excluding ATMS's. Vehicles left in trader zones will be moved to the vehicle pound
﻿17:40:07 : Player #0 Ziltoid disconnected
﻿17:40:18 : Lost Connection!
﻿17:40:18 : Closing socket & exiting!
﻿17:41:24 : Rcon client logging in
﻿17:41:24 : RCon admin #0 (78.31.67.100:59963) logged in
﻿17:41:27 : Player #0 Ziltoid (5.80.3.54:2304) connected
﻿17:41:28 : Player #0 Ziltoid - GUID: bc07c7c39c76cf95a7a434d686d9df66 (unverified)
﻿17:41:29 : Verified GUID (bc07c7c39c76cf95a7a434d686d9df66) of player #0 Ziltoid
﻿17:41:29 : Player #0 Ziltoid - Legacy GUID: 977383e15b6c706cac44ca953ba440c7
﻿17:56:25 : RCon admin #0: (Global) BASES MUST BE MAINTAINED VIA THE PLOT POLE AND SAFES USED EVERY 7 DAYS OR THEY MAY BE DELETED!!
﻿17:59:18 : Player #0 Ziltoid disconnected
﻿17:59:29 : Lost Connection!
﻿17:59:29 : Closing socket & exiting!
﻿18:24:51 : Rcon client logging in
﻿18:24:51 : RCon admin #0 (78.31.67.100:63058) logged in
﻿18:25:14 : Player #0 Ziltoid (5.80.3.54:2304) connected
﻿18:25:15 : Player #0 Ziltoid - GUID: bc07c7c39c76cf95a7a434d686d9df66 (unverified)
﻿18:25:15 : Verified GUID (bc07c7c39c76cf95a7a434d686d9df66) of player #0 Ziltoid
﻿18:25:16 : Player #0 Ziltoid - Legacy GUID: 977383e15b6c706cac44ca953ba440c7
﻿18:38:21 : Lost Connection!
﻿18:38:21 : Closing socket & exiting!
﻿18:39:05 : Rcon client logging in
﻿18:39:05 : RCon admin #0 (78.31.67.100:63717) logged in
﻿18:39:22 : Player #0 Ziltoid (5.80.3.54:2304) connected
﻿18:39:22 : Player #0 Ziltoid - GUID: bc07c7c39c76cf95a7a434d686d9df66 (unverified)
﻿18:39:23 : Verified GUID (bc07c7c39c76cf95a7a434d686d9df66) of player #0 Ziltoid
﻿18:39:23 : Player #0 Ziltoid - Legacy GUID: 977383e15b6c706cac44ca953ba440c7
﻿18:48:58 : Lost Connection!
﻿18:48:58 : Closing socket & exiting!
﻿18:52:50 : Rcon client logging in
﻿18:52:50 : RCon admin #0 (78.31.67.100:60183) logged in
﻿18:53:06 : Player #0 Ziltoid (5.80.3.54:2304) connected
﻿18:53:07 : Player #0 Ziltoid - GUID: bc07c7c39c76cf95a7a434d686d9df66 (unverified)
﻿18:53:08 : Verified GUID (bc07c7c39c76cf95a7a434d686d9df66) of player #0 Ziltoid
﻿18:53:08 : Player #0 Ziltoid - Legacy GUID: 977383e15b6c706cac44ca953ba440c7
﻿18:58:02 : Lost Connection!
﻿18:58:02 : Closing socket & exiting!
﻿18:59:18 : Rcon client logging in
﻿18:59:18 : RCon admin #0 (78.31.67.100:54698) logged in
﻿18:59:22 : Player #0 Ziltoid (5.80.3.54:2304) connected
﻿18:59:23 : Player #0 Ziltoid - GUID: bc07c7c39c76cf95a7a434d686d9df66 (unverified)
﻿18:59:23 : Verified GUID (bc07c7c39c76cf95a7a434d686d9df66) of player #0 Ziltoid
﻿18:59:23 : Player #0 Ziltoid - Legacy GUID: 977383e15b6c706cac44ca953ba440c7
﻿19:13:38 : Lost Connection!
﻿19:13:38 : Closing socket & exiting!
﻿19:14:29 : Rcon client logging in
﻿19:14:29 : RCon admin #0 (78.31.67.100:59064) logged in
﻿19:14:35 : Player #0 Ziltoid (5.80.3.54:2304) connected
﻿19:14:36 : Player #0 Ziltoid - GUID: bc07c7c39c76cf95a7a434d686d9df66 (unverified)
﻿19:14:36 : Verified GUID (bc07c7c39c76cf95a7a434d686d9df66) of player #0 Ziltoid
﻿19:14:37 : Player #0 Ziltoid - Legacy GUID: 977383e15b6c706cac44ca953ba440c7
﻿19:16:08 : Lost Connection!
﻿19:16:08 : Closing socket & exiting!
﻿19:20:24 : Rcon client logging in
﻿19:20:24 : RCon admin #0 (78.31.67.100:60708) logged in
﻿19:26:31 : Rcon client logging in
﻿19:26:31 : RCon admin #0 (78.31.67.100:53790) logged in
﻿19:29:53 : Rcon client logging in
﻿19:29:53 : RCon admin #0 (78.31.67.100:52268) logged in
﻿19:31:37 : Lost Connection!
﻿19:31:37 : Closing socket & exiting!
﻿19:32:24 : Rcon client logging in
﻿19:32:24 : RCon admin #0 (78.31.67.100:52436) logged in
﻿19:38:32 : Player #0 Ziltoid disconnected
﻿19:38:46 : Lost Connection!
﻿19:38:46 : Closing socket & exiting!
﻿19:43:02 : Rcon client logging in
﻿19:43:02 : RCon admin #0 (78.31.67.100:49696) logged in
﻿19:58:02 : RCon admin #0: (Global) BASES MUST BE MAINTAINED VIA THE PLOT POLE AND SAFES USED EVERY 7 DAYS OR THEY MAY BE DELETED!!
﻿20:02:02 : RCon admin #0: (Global) NO PVP WITHIN 200m OF TRADER SAFE ZONES excluding ATMS's. Vehicles left in trader zones will be moved to the vehicle pound
﻿20:28:02 : RCon admin #0: (Global) BASES MUST BE MAINTAINED VIA THE PLOT POLE AND SAFES USED EVERY 7 DAYS OR THEY MAY BE DELETED!!
﻿20:32:03 : RCon admin #0: (Global) NO PVP WITHIN 200m OF TRADER SAFE ZONES excluding ATMS's. Vehicles left in trader zones will be moved to the vehicle pound
﻿20:35:07 : Lost Connection!
﻿20:35:07 : Closing socket & exiting!
﻿20:50:20 : Rcon client logging in
﻿20:50:20 : RCon admin #0 (78.31.67.100:55020) logged in
﻿21:00:18 : Player #0 Ziltoid disconnected
﻿21:00:27 : Lost Connection!
﻿21:00:27 : Closing socket & exiting!
﻿21:04:05 : Rcon client logging in
﻿21:04:05 : RCon admin #0 (78.31.67.100:62148) logged in
﻿21:10:20 : Player #0 Ziltoid (5.80.3.54:2304) connected
﻿21:10:21 : Player #0 Ziltoid - GUID: bc07c7c39c76cf95a7a434d686d9df66 (unverified)
﻿21:10:21 : Verified GUID (bc07c7c39c76cf95a7a434d686d9df66) of player #0 Ziltoid
﻿21:10:22 : Player #0 Ziltoid - Legacy GUID: 977383e15b6c706cac44ca953ba440c7
﻿21:14:10 : Lost Connection!
﻿21:14:10 : Closing socket & exiting!
﻿21:18:12 : Rcon client logging in
﻿21:18:12 : RCon admin #0 (78.31.67.100:50801) logged in
﻿21:20:20 : Lost Connection!
﻿21:20:20 : Closing socket & exiting!
﻿21:21:22 : Rcon client logging in
﻿21:21:22 : RCon admin #0 (78.31.67.100:50803) logged in
﻿21:21:27 : Player #0 Ziltoid (5.80.3.54:2304) connected
﻿21:21:28 : Player #0 Ziltoid - GUID: bc07c7c39c76cf95a7a434d686d9df66 (unverified)
﻿21:21:29 : Verified GUID (bc07c7c39c76cf95a7a434d686d9df66) of player #0 Ziltoid
﻿21:21:29 : Player #0 Ziltoid - Legacy GUID: 977383e15b6c706cac44ca953ba440c7
﻿21:23:25 : Lost Connection!
﻿21:23:25 : Closing socket & exiting!
﻿21:37:03 : Rcon client logging in
﻿21:37:03 : RCon admin #0 (78.31.67.100:53459) logged in
﻿21:37:20 : Player #0 Ziltoid (5.80.3.54:2304) connected
﻿21:37:21 : Player #0 Ziltoid - GUID: bc07c7c39c76cf95a7a434d686d9df66 (unverified)
﻿21:37:22 : Verified GUID (bc07c7c39c76cf95a7a434d686d9df66) of player #0 Ziltoid
﻿21:37:22 : Player #0 Ziltoid - Legacy GUID: 977383e15b6c706cac44ca953ba440c7
﻿21:52:04 : RCon admin #0: (Global) BASES MUST BE MAINTAINED VIA THE PLOT POLE AND SAFES USED EVERY 7 DAYS OR THEY MAY BE DELETED!!
﻿21:52:08 : Lost Connection!
﻿21:52:08 : Closing socket & exiting!
﻿21:53:10 : Rcon client logging in
﻿21:53:10 : RCon admin #0 (78.31.67.100:63334) logged in
﻿21:53:11 : Player #0 Ziltoid - Legacy GUID: 977383e15b6c706cac44ca953ba440c7
﻿21:58:54 : Lost Connection!
﻿21:58:54 : Closing socket & exiting!
﻿21:59:34 : Rcon client logging in
﻿21:59:34 : Verified GUID (bc07c7c39c76cf95a7a434d686d9df66) of player #0 Ziltoid
﻿21:59:34 : RCon admin #0 (78.31.67.100:50171) logged in
﻿21:59:35 : Player #0 Ziltoid - Legacy GUID: 977383e15b6c706cac44ca953ba440c7
﻿22:01:06 : Lost Connection!
﻿22:01:06 : Closing socket & exiting!
﻿22:02:24 : Rcon client logging in
﻿22:02:24 : RCon admin #0 (78.31.67.100:57345) logged in
﻿22:02:28 : Player #0 Ziltoid (5.80.3.54:2304) connected
﻿22:02:29 : Player #0 Ziltoid - GUID: bc07c7c39c76cf95a7a434d686d9df66 (unverified)
﻿22:02:30 : Verified GUID (bc07c7c39c76cf95a7a434d686d9df66) of player #0 Ziltoid
﻿22:02:30 : Player #0 Ziltoid - Legacy GUID: 977383e15b6c706cac44ca953ba440c7
﻿22:11:05 : Lost Connection!
﻿22:11:05 : Closing socket & exiting!
﻿22:12:01 : Rcon client logging in
﻿22:12:01 : RCon admin #0 (78.31.67.100:55859) logged in
﻿22:20:13 : Lost Connection!
﻿22:20:13 : Closing socket & exiting!
﻿22:21:01 : Rcon client logging in
﻿22:21:01 : RCon admin #0 (78.31.67.100:59802) logged in
﻿22:21:03 : Player #0 Ziltoid (5.80.3.54:2304) connected
﻿22:21:04 : Player #0 Ziltoid - GUID: bc07c7c39c76cf95a7a434d686d9df66 (unverified)
﻿22:21:05 : Verified GUID (bc07c7c39c76cf95a7a434d686d9df66) of player #0 Ziltoid
﻿22:21:05 : Player #0 Ziltoid - Legacy GUID: 977383e15b6c706cac44ca953ba440c7
﻿22:30:04 : Lost Connection!
﻿22:30:04 : Closing socket & exiting!
﻿22:31:04 : Rcon client logging in
﻿22:31:05 : RCon admin #0 (78.31.67.100:60495) logged in
﻿22:31:05 : Player #0 Ziltoid - GUID: bc07c7c39c76cf95a7a434d686d9df66 (unverified)
﻿22:31:06 : Verified GUID (bc07c7c39c76cf95a7a434d686d9df66) of player #0 Ziltoid
﻿22:31:06 : Player #0 Ziltoid - Legacy GUID: 977383e15b6c706cac44ca953ba440c7
﻿22:36:28 : Lost Connection!
﻿22:36:28 : Closing socket & exiting!
﻿22:39:48 : Rcon client logging in
﻿22:39:48 : RCon admin #0 (78.31.67.100:56708) logged in
﻿22:39:48 : Player #0 Ziltoid - GUID: bc07c7c39c76cf95a7a434d686d9df66 (unverified)
﻿22:39:49 : Verified GUID (bc07c7c39c76cf95a7a434d686d9df66) of player #0 Ziltoid
﻿22:39:49 : Player #0 Ziltoid - Legacy GUID: 977383e15b6c706cac44ca953ba440c7
﻿22:47:02 : Rcon client logging in
﻿22:47:02 : RCon admin #0 (78.31.67.100:52089) logged in
﻿23:02:03 : RCon admin #0: (Global) BASES MUST BE MAINTAINED VIA THE PLOT POLE AND SAFES USED EVERY 7 DAYS OR THEY MAY BE DELETED!!
﻿23:06:03 : RCon admin #0: (Global) NO PVP WITHIN 200m OF TRADER SAFE ZONES excluding ATMS's. Vehicles left in trader zones will be moved to the vehicle pound
﻿23:32:03 : RCon admin #0: (Global) BASES MUST BE MAINTAINED VIA THE PLOT POLE AND SAFES USED EVERY 7 DAYS OR THEY MAY BE DELETED!!
﻿23:36:03 : RCon admin #0: (Global) NO PVP WITHIN 200m OF TRADER SAFE ZONES excluding ATMS's. Vehicles left in trader zones will be moved to the vehicle pound
