00:16:50 : RCon admin #0: (Global) BASES MUST BE MAINTAINED VIA THE PLOT POLE AND SAFES USED EVERY 7 DAYS OR THEY MAY BE DELETED!!
﻿00:20:50 : RCon admin #0: (Global) NO PVP WITHIN 200m OF TRADER SAFE ZONES excluding ATMS's. Vehicles left in trader zones will be moved to the vehicle pound
﻿00:21:50 : RCon admin #0: (Global) Server will restart in 10 minutes
﻿00:26:50 : RCon admin #0: (Global) Server will restart in 5 minutes: Prepare to Logout
﻿00:28:50 : RCon admin #0: (Global) The Server is about to restart. LOG OUT NOW OR YOUR GEAR MAY BE LOST!!
﻿00:29:50 : RCon admin #0: (Global) YOU SHOULD BE LOGGED OUT BY NOW! IF YOU ARENT YOU WILL BE AUTO KICKED AND YOUR GEAR MAY BE LOST! NO REFUNDS!
﻿00:32:23 : Rcon client logging in
﻿00:32:23 : RCon admin #0 (78.31.67.100:54012) logged in
﻿00:47:24 : RCon admin #0: (Global) BASES MUST BE MAINTAINED VIA THE PLOT POLE AND SAFES USED EVERY 7 DAYS OR THEY MAY BE DELETED!!
﻿00:51:24 : RCon admin #0: (Global) NO PVP WITHIN 200m OF TRADER SAFE ZONES excluding ATMS's. Vehicles left in trader zones will be moved to the vehicle pound
﻿01:17:24 : RCon admin #0: (Global) BASES MUST BE MAINTAINED VIA THE PLOT POLE AND SAFES USED EVERY 7 DAYS OR THEY MAY BE DELETED!!
﻿01:21:24 : RCon admin #0: (Global) NO PVP WITHIN 200m OF TRADER SAFE ZONES excluding ATMS's. Vehicles left in trader zones will be moved to the vehicle pound
﻿01:47:24 : RCon admin #0: (Global) BASES MUST BE MAINTAINED VIA THE PLOT POLE AND SAFES USED EVERY 7 DAYS OR THEY MAY BE DELETED!!
﻿01:51:24 : RCon admin #0: (Global) NO PVP WITHIN 200m OF TRADER SAFE ZONES excluding ATMS's. Vehicles left in trader zones will be moved to the vehicle pound
﻿02:17:24 : RCon admin #0: (Global) BASES MUST BE MAINTAINED VIA THE PLOT POLE AND SAFES USED EVERY 7 DAYS OR THEY MAY BE DELETED!!
﻿02:21:24 : RCon admin #0: (Global) NO PVP WITHIN 200m OF TRADER SAFE ZONES excluding ATMS's. Vehicles left in trader zones will be moved to the vehicle pound
﻿02:22:24 : RCon admin #0: (Global) Server will restart in 10 minutes
﻿02:27:24 : RCon admin #0: (Global) Server will restart in 5 minutes: Prepare to Logout
﻿02:29:24 : RCon admin #0: (Global) The Server is about to restart. LOG OUT NOW OR YOUR GEAR MAY BE LOST!!
﻿02:30:24 : RCon admin #0: (Global) YOU SHOULD BE LOGGED OUT BY NOW! IF YOU ARENT YOU WILL BE AUTO KICKED AND YOUR GEAR MAY BE LOST! NO REFUNDS!
﻿02:32:57 : Rcon client logging in
﻿02:32:57 : RCon admin #0 (78.31.67.100:51353) logged in
﻿02:47:58 : RCon admin #0: (Global) BASES MUST BE MAINTAINED VIA THE PLOT POLE AND SAFES USED EVERY 7 DAYS OR THEY MAY BE DELETED!!
﻿02:51:58 : RCon admin #0: (Global) NO PVP WITHIN 200m OF TRADER SAFE ZONES excluding ATMS's. Vehicles left in trader zones will be moved to the vehicle pound
﻿03:17:57 : RCon admin #0: (Global) BASES MUST BE MAINTAINED VIA THE PLOT POLE AND SAFES USED EVERY 7 DAYS OR THEY MAY BE DELETED!!
﻿03:21:58 : RCon admin #0: (Global) NO PVP WITHIN 200m OF TRADER SAFE ZONES excluding ATMS's. Vehicles left in trader zones will be moved to the vehicle pound
﻿03:47:58 : RCon admin #0: (Global) BASES MUST BE MAINTAINED VIA THE PLOT POLE AND SAFES USED EVERY 7 DAYS OR THEY MAY BE DELETED!!
﻿03:51:58 : RCon admin #0: (Global) NO PVP WITHIN 200m OF TRADER SAFE ZONES excluding ATMS's. Vehicles left in trader zones will be moved to the vehicle pound
﻿04:17:58 : RCon admin #0: (Global) BASES MUST BE MAINTAINED VIA THE PLOT POLE AND SAFES USED EVERY 7 DAYS OR THEY MAY BE DELETED!!
﻿04:21:58 : RCon admin #0: (Global) NO PVP WITHIN 200m OF TRADER SAFE ZONES excluding ATMS's. Vehicles left in trader zones will be moved to the vehicle pound
﻿04:22:58 : RCon admin #0: (Global) Server will restart in 10 minutes
﻿04:27:58 : RCon admin #0: (Global) Server will restart in 5 minutes: Prepare to Logout
﻿04:29:58 : RCon admin #0: (Global) The Server is about to restart. LOG OUT NOW OR YOUR GEAR MAY BE LOST!!
﻿04:30:58 : RCon admin #0: (Global) YOU SHOULD BE LOGGED OUT BY NOW! IF YOU ARENT YOU WILL BE AUTO KICKED AND YOUR GEAR MAY BE LOST! NO REFUNDS!
﻿04:33:31 : Rcon client logging in
﻿04:33:31 : RCon admin #0 (78.31.67.100:60327) logged in
﻿04:48:32 : RCon admin #0: (Global) BASES MUST BE MAINTAINED VIA THE PLOT POLE AND SAFES USED EVERY 7 DAYS OR THEY MAY BE DELETED!!
﻿04:52:32 : RCon admin #0: (Global) NO PVP WITHIN 200m OF TRADER SAFE ZONES excluding ATMS's. Vehicles left in trader zones will be moved to the vehicle pound
﻿05:18:32 : RCon admin #0: (Global) BASES MUST BE MAINTAINED VIA THE PLOT POLE AND SAFES USED EVERY 7 DAYS OR THEY MAY BE DELETED!!
﻿05:22:32 : RCon admin #0: (Global) NO PVP WITHIN 200m OF TRADER SAFE ZONES excluding ATMS's. Vehicles left in trader zones will be moved to the vehicle pound
﻿05:48:32 : RCon admin #0: (Global) BASES MUST BE MAINTAINED VIA THE PLOT POLE AND SAFES USED EVERY 7 DAYS OR THEY MAY BE DELETED!!
﻿05:52:32 : RCon admin #0: (Global) NO PVP WITHIN 200m OF TRADER SAFE ZONES excluding ATMS's. Vehicles left in trader zones will be moved to the vehicle pound
﻿06:18:32 : RCon admin #0: (Global) BASES MUST BE MAINTAINED VIA THE PLOT POLE AND SAFES USED EVERY 7 DAYS OR THEY MAY BE DELETED!!
﻿06:22:32 : RCon admin #0: (Global) NO PVP WITHIN 200m OF TRADER SAFE ZONES excluding ATMS's. Vehicles left in trader zones will be moved to the vehicle pound
﻿06:23:32 : RCon admin #0: (Global) Server will restart in 10 minutes
﻿06:28:32 : RCon admin #0: (Global) Server will restart in 5 minutes: Prepare to Logout
﻿06:30:32 : RCon admin #0: (Global) The Server is about to restart. LOG OUT NOW OR YOUR GEAR MAY BE LOST!!
﻿06:31:32 : RCon admin #0: (Global) YOU SHOULD BE LOGGED OUT BY NOW! IF YOU ARENT YOU WILL BE AUTO KICKED AND YOUR GEAR MAY BE LOST! NO REFUNDS!
﻿06:34:05 : Rcon client logging in
﻿06:34:05 : RCon admin #0 (78.31.67.100:52947) logged in
﻿06:49:06 : RCon admin #0: (Global) BASES MUST BE MAINTAINED VIA THE PLOT POLE AND SAFES USED EVERY 7 DAYS OR THEY MAY BE DELETED!!
﻿06:53:06 : RCon admin #0: (Global) NO PVP WITHIN 200m OF TRADER SAFE ZONES excluding ATMS's. Vehicles left in trader zones will be moved to the vehicle pound
﻿07:19:06 : RCon admin #0: (Global) BASES MUST BE MAINTAINED VIA THE PLOT POLE AND SAFES USED EVERY 7 DAYS OR THEY MAY BE DELETED!!
﻿07:23:06 : RCon admin #0: (Global) NO PVP WITHIN 200m OF TRADER SAFE ZONES excluding ATMS's. Vehicles left in trader zones will be moved to the vehicle pound
﻿07:49:06 : RCon admin #0: (Global) BASES MUST BE MAINTAINED VIA THE PLOT POLE AND SAFES USED EVERY 7 DAYS OR THEY MAY BE DELETED!!
﻿07:53:06 : RCon admin #0: (Global) NO PVP WITHIN 200m OF TRADER SAFE ZONES excluding ATMS's. Vehicles left in trader zones will be moved to the vehicle pound
﻿08:19:06 : RCon admin #0: (Global) BASES MUST BE MAINTAINED VIA THE PLOT POLE AND SAFES USED EVERY 7 DAYS OR THEY MAY BE DELETED!!
﻿08:23:06 : RCon admin #0: (Global) NO PVP WITHIN 200m OF TRADER SAFE ZONES excluding ATMS's. Vehicles left in trader zones will be moved to the vehicle pound
﻿08:24:06 : RCon admin #0: (Global) Server will restart in 10 minutes
﻿08:29:06 : RCon admin #0: (Global) Server will restart in 5 minutes: Prepare to Logout
﻿08:31:06 : RCon admin #0: (Global) The Server is about to restart. LOG OUT NOW OR YOUR GEAR MAY BE LOST!!
﻿08:32:06 : RCon admin #0: (Global) YOU SHOULD BE LOGGED OUT BY NOW! IF YOU ARENT YOU WILL BE AUTO KICKED AND YOUR GEAR MAY BE LOST! NO REFUNDS!
﻿08:34:39 : Rcon client logging in
﻿08:34:39 : RCon admin #0 (78.31.67.100:61889) logged in
﻿08:49:40 : RCon admin #0: (Global) BASES MUST BE MAINTAINED VIA THE PLOT POLE AND SAFES USED EVERY 7 DAYS OR THEY MAY BE DELETED!!
﻿08:53:40 : RCon admin #0: (Global) NO PVP WITHIN 200m OF TRADER SAFE ZONES excluding ATMS's. Vehicles left in trader zones will be moved to the vehicle pound
﻿09:19:40 : RCon admin #0: (Global) BASES MUST BE MAINTAINED VIA THE PLOT POLE AND SAFES USED EVERY 7 DAYS OR THEY MAY BE DELETED!!
﻿09:23:40 : RCon admin #0: (Global) NO PVP WITHIN 200m OF TRADER SAFE ZONES excluding ATMS's. Vehicles left in trader zones will be moved to the vehicle pound
﻿09:37:54 : Player #0 [UKN] Wargasm (86.131.103.232:2304) connected
﻿09:37:55 : Player #0 [UKN] Wargasm - GUID: bc07c7c39c76cf95a7a434d686d9df66 (unverified)
﻿09:37:56 : Verified GUID (bc07c7c39c76cf95a7a434d686d9df66) of player #0 [UKN] Wargasm
﻿09:37:56 : Player #0 [UKN] Wargasm - Legacy GUID: 977383e15b6c706cac44ca953ba440c7
﻿09:49:40 : RCon admin #0: (Global) BASES MUST BE MAINTAINED VIA THE PLOT POLE AND SAFES USED EVERY 7 DAYS OR THEY MAY BE DELETED!!
﻿09:53:40 : RCon admin #0: (Global) NO PVP WITHIN 200m OF TRADER SAFE ZONES excluding ATMS's. Vehicles left in trader zones will be moved to the vehicle pound
﻿10:19:40 : RCon admin #0: (Global) BASES MUST BE MAINTAINED VIA THE PLOT POLE AND SAFES USED EVERY 7 DAYS OR THEY MAY BE DELETED!!
﻿10:23:40 : RCon admin #0: (Global) NO PVP WITHIN 200m OF TRADER SAFE ZONES excluding ATMS's. Vehicles left in trader zones will be moved to the vehicle pound
﻿10:24:40 : RCon admin #0: (Global) Server will restart in 10 minutes
﻿10:29:40 : RCon admin #0: (Global) Server will restart in 5 minutes: Prepare to Logout
﻿10:31:40 : RCon admin #0: (Global) The Server is about to restart. LOG OUT NOW OR YOUR GEAR MAY BE LOST!!
﻿10:32:40 : RCon admin #0: (Global) YOU SHOULD BE LOGGED OUT BY NOW! IF YOU ARENT YOU WILL BE AUTO KICKED AND YOUR GEAR MAY BE LOST! NO REFUNDS!
﻿10:35:13 : Rcon client logging in
﻿10:35:13 : RCon admin #0 (78.31.67.100:51264) logged in
﻿10:50:14 : RCon admin #0: (Global) BASES MUST BE MAINTAINED VIA THE PLOT POLE AND SAFES USED EVERY 7 DAYS OR THEY MAY BE DELETED!!
﻿10:54:14 : RCon admin #0: (Global) NO PVP WITHIN 200m OF TRADER SAFE ZONES excluding ATMS's. Vehicles left in trader zones will be moved to the vehicle pound
﻿11:20:14 : RCon admin #0: (Global) BASES MUST BE MAINTAINED VIA THE PLOT POLE AND SAFES USED EVERY 7 DAYS OR THEY MAY BE DELETED!!
﻿11:24:14 : RCon admin #0: (Global) NO PVP WITHIN 200m OF TRADER SAFE ZONES excluding ATMS's. Vehicles left in trader zones will be moved to the vehicle pound
﻿11:50:14 : RCon admin #0: (Global) BASES MUST BE MAINTAINED VIA THE PLOT POLE AND SAFES USED EVERY 7 DAYS OR THEY MAY BE DELETED!!
﻿11:54:14 : RCon admin #0: (Global) NO PVP WITHIN 200m OF TRADER SAFE ZONES excluding ATMS's. Vehicles left in trader zones will be moved to the vehicle pound
﻿12:20:14 : RCon admin #0: (Global) BASES MUST BE MAINTAINED VIA THE PLOT POLE AND SAFES USED EVERY 7 DAYS OR THEY MAY BE DELETED!!
﻿12:24:14 : RCon admin #0: (Global) NO PVP WITHIN 200m OF TRADER SAFE ZONES excluding ATMS's. Vehicles left in trader zones will be moved to the vehicle pound
﻿12:25:14 : RCon admin #0: (Global) Server will restart in 10 minutes
﻿12:30:14 : RCon admin #0: (Global) Server will restart in 5 minutes: Prepare to Logout
﻿12:32:14 : RCon admin #0: (Global) The Server is about to restart. LOG OUT NOW OR YOUR GEAR MAY BE LOST!!
﻿12:33:14 : RCon admin #0: (Global) YOU SHOULD BE LOGGED OUT BY NOW! IF YOU ARENT YOU WILL BE AUTO KICKED AND YOUR GEAR MAY BE LOST! NO REFUNDS!
﻿12:35:47 : Rcon client logging in
﻿12:35:47 : RCon admin #0 (78.31.67.100:57847) logged in
﻿12:50:48 : RCon admin #0: (Global) BASES MUST BE MAINTAINED VIA THE PLOT POLE AND SAFES USED EVERY 7 DAYS OR THEY MAY BE DELETED!!
﻿12:54:48 : RCon admin #0: (Global) NO PVP WITHIN 200m OF TRADER SAFE ZONES excluding ATMS's. Vehicles left in trader zones will be moved to the vehicle pound
﻿13:20:48 : RCon admin #0: (Global) BASES MUST BE MAINTAINED VIA THE PLOT POLE AND SAFES USED EVERY 7 DAYS OR THEY MAY BE DELETED!!
﻿13:24:48 : RCon admin #0: (Global) NO PVP WITHIN 200m OF TRADER SAFE ZONES excluding ATMS's. Vehicles left in trader zones will be moved to the vehicle pound
﻿13:50:48 : RCon admin #0: (Global) BASES MUST BE MAINTAINED VIA THE PLOT POLE AND SAFES USED EVERY 7 DAYS OR THEY MAY BE DELETED!!
﻿13:54:48 : RCon admin #0: (Global) NO PVP WITHIN 200m OF TRADER SAFE ZONES excluding ATMS's. Vehicles left in trader zones will be moved to the vehicle pound
﻿14:20:48 : RCon admin #0: (Global) BASES MUST BE MAINTAINED VIA THE PLOT POLE AND SAFES USED EVERY 7 DAYS OR THEY MAY BE DELETED!!
﻿14:24:48 : RCon admin #0: (Global) NO PVP WITHIN 200m OF TRADER SAFE ZONES excluding ATMS's. Vehicles left in trader zones will be moved to the vehicle pound
﻿14:25:48 : RCon admin #0: (Global) Server will restart in 10 minutes
﻿14:30:48 : RCon admin #0: (Global) Server will restart in 5 minutes: Prepare to Logout
﻿14:32:48 : RCon admin #0: (Global) The Server is about to restart. LOG OUT NOW OR YOUR GEAR MAY BE LOST!!
﻿14:33:48 : RCon admin #0: (Global) YOU SHOULD BE LOGGED OUT BY NOW! IF YOU ARENT YOU WILL BE AUTO KICKED AND YOUR GEAR MAY BE LOST! NO REFUNDS!
﻿14:36:21 : Rcon client logging in
﻿14:36:21 : RCon admin #0 (78.31.67.100:60139) logged in
﻿14:51:22 : RCon admin #0: (Global) BASES MUST BE MAINTAINED VIA THE PLOT POLE AND SAFES USED EVERY 7 DAYS OR THEY MAY BE DELETED!!
﻿14:55:22 : RCon admin #0: (Global) NO PVP WITHIN 200m OF TRADER SAFE ZONES excluding ATMS's. Vehicles left in trader zones will be moved to the vehicle pound
﻿15:21:22 : RCon admin #0: (Global) BASES MUST BE MAINTAINED VIA THE PLOT POLE AND SAFES USED EVERY 7 DAYS OR THEY MAY BE DELETED!!
﻿15:25:22 : RCon admin #0: (Global) NO PVP WITHIN 200m OF TRADER SAFE ZONES excluding ATMS's. Vehicles left in trader zones will be moved to the vehicle pound
﻿15:51:22 : RCon admin #0: (Global) BASES MUST BE MAINTAINED VIA THE PLOT POLE AND SAFES USED EVERY 7 DAYS OR THEY MAY BE DELETED!!
﻿15:55:22 : RCon admin #0: (Global) NO PVP WITHIN 200m OF TRADER SAFE ZONES excluding ATMS's. Vehicles left in trader zones will be moved to the vehicle pound
﻿16:21:22 : RCon admin #0: (Global) BASES MUST BE MAINTAINED VIA THE PLOT POLE AND SAFES USED EVERY 7 DAYS OR THEY MAY BE DELETED!!
﻿16:25:22 : RCon admin #0: (Global) NO PVP WITHIN 200m OF TRADER SAFE ZONES excluding ATMS's. Vehicles left in trader zones will be moved to the vehicle pound
﻿16:26:22 : RCon admin #0: (Global) Server will restart in 10 minutes
﻿16:31:22 : RCon admin #0: (Global) Server will restart in 5 minutes: Prepare to Logout
﻿16:31:45 : Player #0 [UKN] Wargasm (86.131.103.232:2304) connected
﻿16:31:46 : Player #0 [UKN] Wargasm - GUID: bc07c7c39c76cf95a7a434d686d9df66 (unverified)
﻿16:31:47 : Verified GUID (bc07c7c39c76cf95a7a434d686d9df66) of player #0 [UKN] Wargasm
﻿16:31:47 : Player #0 [UKN] Wargasm - Legacy GUID: 977383e15b6c706cac44ca953ba440c7
﻿16:33:15 : Lost Connection!
﻿16:33:15 : Closing socket & exiting!
﻿16:34:33 : Rcon client logging in
﻿16:34:33 : RCon admin #0 (78.31.67.100:63011) logged in
﻿16:34:34 : Player #0 [UKN] Wargasm (86.131.103.232:2304) connected
﻿16:34:35 : Player #0 [UKN] Wargasm - GUID: bc07c7c39c76cf95a7a434d686d9df66 (unverified)
﻿16:34:35 : Verified GUID (bc07c7c39c76cf95a7a434d686d9df66) of player #0 [UKN] Wargasm
﻿16:34:35 : Player #0 [UKN] Wargasm - Legacy GUID: 977383e15b6c706cac44ca953ba440c7
﻿16:49:34 : RCon admin #0: (Global) BASES MUST BE MAINTAINED VIA THE PLOT POLE AND SAFES USED EVERY 7 DAYS OR THEY MAY BE DELETED!!
﻿16:53:34 : RCon admin #0: (Global) NO PVP WITHIN 200m OF TRADER SAFE ZONES excluding ATMS's. Vehicles left in trader zones will be moved to the vehicle pound
﻿17:15:04 : Player #0 [UKN] Wargasm disconnected
﻿17:19:34 : RCon admin #0: (Global) BASES MUST BE MAINTAINED VIA THE PLOT POLE AND SAFES USED EVERY 7 DAYS OR THEY MAY BE DELETED!!
﻿17:23:34 : RCon admin #0: (Global) NO PVP WITHIN 200m OF TRADER SAFE ZONES excluding ATMS's. Vehicles left in trader zones will be moved to the vehicle pound
﻿17:34:43 : Player #0 [UKN] Wargasm (86.131.103.232:2304) connected
﻿17:34:44 : Player #0 [UKN] Wargasm - GUID: bc07c7c39c76cf95a7a434d686d9df66 (unverified)
﻿17:34:45 : Verified GUID (bc07c7c39c76cf95a7a434d686d9df66) of player #0 [UKN] Wargasm
﻿17:34:45 : Player #0 [UKN] Wargasm - Legacy GUID: 977383e15b6c706cac44ca953ba440c7
﻿17:49:34 : RCon admin #0: (Global) BASES MUST BE MAINTAINED VIA THE PLOT POLE AND SAFES USED EVERY 7 DAYS OR THEY MAY BE DELETED!!
﻿17:53:11 : Player #0 [UKN] Wargasm disconnected
﻿17:53:24 : Lost Connection!
﻿17:53:24 : Closing socket & exiting!
﻿17:59:18 : Rcon client logging in
﻿17:59:18 : RCon admin #0 (78.31.67.100:50999) logged in
﻿17:59:21 : Player #0 [UKN] Wargasm (86.131.103.232:2304) connected
﻿17:59:22 : Player #0 [UKN] Wargasm - GUID: bc07c7c39c76cf95a7a434d686d9df66 (unverified)
﻿17:59:23 : Verified GUID (bc07c7c39c76cf95a7a434d686d9df66) of player #0 [UKN] Wargasm
﻿17:59:23 : Player #0 [UKN] Wargasm - Legacy GUID: 977383e15b6c706cac44ca953ba440c7
﻿18:02:53 : RCon admin #1 (86.131.103.232:55565) logged in
﻿18:14:19 : RCon admin #0: (Global) BASES MUST BE MAINTAINED VIA THE PLOT POLE AND SAFES USED EVERY 7 DAYS OR THEY MAY BE DELETED!!
﻿18:18:19 : RCon admin #0: (Global) NO PVP WITHIN 200m OF TRADER SAFE ZONES excluding ATMS's. Vehicles left in trader zones will be moved to the vehicle pound
﻿18:29:40 : Player #1 Anwender (37.138.84.155:2304) connected
﻿18:29:41 : Player #1 Anwender - GUID: d1088bb2025b43482af3448622b7c1d7 (unverified)
﻿18:29:42 : Verified GUID (d1088bb2025b43482af3448622b7c1d7) of player #1 Anwender
﻿18:29:42 : Player #1 Anwender disconnected
﻿18:44:19 : RCon admin #0: (Global) BASES MUST BE MAINTAINED VIA THE PLOT POLE AND SAFES USED EVERY 7 DAYS OR THEY MAY BE DELETED!!
﻿18:48:19 : RCon admin #0: (Global) NO PVP WITHIN 200m OF TRADER SAFE ZONES excluding ATMS's. Vehicles left in trader zones will be moved to the vehicle pound
﻿19:14:19 : RCon admin #0: (Global) BASES MUST BE MAINTAINED VIA THE PLOT POLE AND SAFES USED EVERY 7 DAYS OR THEY MAY BE DELETED!!
﻿19:18:19 : RCon admin #0: (Global) NO PVP WITHIN 200m OF TRADER SAFE ZONES excluding ATMS's. Vehicles left in trader zones will be moved to the vehicle pound
﻿19:44:19 : RCon admin #0: (Global) BASES MUST BE MAINTAINED VIA THE PLOT POLE AND SAFES USED EVERY 7 DAYS OR THEY MAY BE DELETED!!
﻿19:48:19 : RCon admin #0: (Global) NO PVP WITHIN 200m OF TRADER SAFE ZONES excluding ATMS's. Vehicles left in trader zones will be moved to the vehicle pound
﻿19:49:19 : RCon admin #0: (Global) Server will restart in 10 minutes
﻿19:52:54 : Rcon client logging in
﻿19:52:54 : RCon admin #1 (78.31.67.100:53915) logged in
﻿20:07:55 : RCon admin #1: (Global) BASES MUST BE MAINTAINED VIA THE PLOT POLE AND SAFES USED EVERY 7 DAYS OR THEY MAY BE DELETED!!
﻿20:11:22 : Player #0 [UKN] Wargasm (86.131.103.232:2304) connected
﻿20:11:23 : Player #0 [UKN] Wargasm - GUID: bc07c7c39c76cf95a7a434d686d9df66 (unverified)
﻿20:11:23 : Verified GUID (bc07c7c39c76cf95a7a434d686d9df66) of player #0 [UKN] Wargasm
﻿20:11:24 : Player #0 [UKN] Wargasm - Legacy GUID: 977383e15b6c706cac44ca953ba440c7
﻿20:11:55 : RCon admin #1: (Global) NO PVP WITHIN 200m OF TRADER SAFE ZONES excluding ATMS's. Vehicles left in trader zones will be moved to the vehicle pound
﻿20:37:55 : RCon admin #1: (Global) BASES MUST BE MAINTAINED VIA THE PLOT POLE AND SAFES USED EVERY 7 DAYS OR THEY MAY BE DELETED!!
﻿20:41:55 : RCon admin #1: (Global) NO PVP WITHIN 200m OF TRADER SAFE ZONES excluding ATMS's. Vehicles left in trader zones will be moved to the vehicle pound
﻿20:59:13 : Player #1 HighFlyer (86.131.103.232:1024) connected
﻿20:59:15 : Player #1 HighFlyer - GUID: dea2d42442b9f7baf6c9441b3cdd4c28 (unverified)
﻿20:59:15 : Verified GUID (dea2d42442b9f7baf6c9441b3cdd4c28) of player #1 HighFlyer
﻿20:59:15 : Player #1 HighFlyer - Legacy GUID: 4fb7677ee2815a3907adb63d8d1637f4
﻿21:07:55 : RCon admin #1: (Global) BASES MUST BE MAINTAINED VIA THE PLOT POLE AND SAFES USED EVERY 7 DAYS OR THEY MAY BE DELETED!!
﻿21:11:55 : RCon admin #1: (Global) NO PVP WITHIN 200m OF TRADER SAFE ZONES excluding ATMS's. Vehicles left in trader zones will be moved to the vehicle pound
﻿21:37:55 : RCon admin #1: (Global) BASES MUST BE MAINTAINED VIA THE PLOT POLE AND SAFES USED EVERY 7 DAYS OR THEY MAY BE DELETED!!
﻿21:41:55 : RCon admin #1: (Global) NO PVP WITHIN 200m OF TRADER SAFE ZONES excluding ATMS's. Vehicles left in trader zones will be moved to the vehicle pound
﻿21:42:55 : RCon admin #1: (Global) Server will restart in 10 minutes
﻿21:47:55 : RCon admin #1: (Global) Server will restart in 5 minutes: Prepare to Logout
﻿21:49:55 : RCon admin #1: (Global) The Server is about to restart. LOG OUT NOW OR YOUR GEAR MAY BE LOST!!
﻿21:50:55 : RCon admin #1: (Global) YOU SHOULD BE LOGGED OUT BY NOW! IF YOU ARENT YOU WILL BE AUTO KICKED AND YOUR GEAR MAY BE LOST! NO REFUNDS!
﻿21:53:40 : Rcon client logging in
﻿21:53:40 : RCon admin #1 (78.31.67.100:65252) logged in
﻿22:08:41 : RCon admin #1: (Global) BASES MUST BE MAINTAINED VIA THE PLOT POLE AND SAFES USED EVERY 7 DAYS OR THEY MAY BE DELETED!!
﻿22:12:41 : RCon admin #1: (Global) NO PVP WITHIN 200m OF TRADER SAFE ZONES excluding ATMS's. Vehicles left in trader zones will be moved to the vehicle pound
﻿22:38:41 : RCon admin #1: (Global) BASES MUST BE MAINTAINED VIA THE PLOT POLE AND SAFES USED EVERY 7 DAYS OR THEY MAY BE DELETED!!
﻿22:42:41 : RCon admin #1: (Global) NO PVP WITHIN 200m OF TRADER SAFE ZONES excluding ATMS's. Vehicles left in trader zones will be moved to the vehicle pound
﻿23:01:11 : Player #0 Turmoil (88.89.200.214:2304) connected
﻿23:01:12 : Player #0 Turmoil - GUID: 078d3175e22fad797d9a152aaaa83806 (unverified)
﻿23:01:12 : Verified GUID (078d3175e22fad797d9a152aaaa83806) of player #0 Turmoil
﻿23:01:12 : Player #0 Turmoil - Legacy GUID: 153330a3c1eb9ccf7092e322ab07ebb0
﻿23:08:41 : RCon admin #1: (Global) BASES MUST BE MAINTAINED VIA THE PLOT POLE AND SAFES USED EVERY 7 DAYS OR THEY MAY BE DELETED!!
﻿23:12:41 : RCon admin #1: (Global) NO PVP WITHIN 200m OF TRADER SAFE ZONES excluding ATMS's. Vehicles left in trader zones will be moved to the vehicle pound
﻿23:19:41 : Player #0 Turmoil disconnected
﻿23:20:28 : Lost Connection!
﻿23:20:28 : Closing socket & exiting!
﻿23:21:35 : Login failed : Wrong password!
﻿23:27:54 : Login failed : Wrong password!
﻿23:34:50 : Rcon client logging in
﻿23:34:50 : RCon admin #0 (78.31.67.100:64768) logged in
﻿23:35:13 : RCon admin #1 (86.131.103.232:61774) logged in
﻿23:37:45 : RCon admin #1 (86.131.103.232:53371) logged in
﻿23:39:42 : RCon admin #1 (86.131.103.232:58884) logged in
﻿23:49:51 : RCon admin #0: (Global) BASES MUST BE MAINTAINED VIA THE PLOT POLE AND SAFES USED EVERY 7 DAYS OR THEY MAY BE DELETED!!
﻿23:53:51 : RCon admin #0: (Global) NO PVP WITHIN 200m OF TRADER SAFE ZONES excluding ATMS's. Vehicles left in trader zones will be moved to the vehicle pound
