17:12:44 : Lost Connection!
﻿17:12:44 : Closing socket & exiting!
﻿17:26:05 : Rcon client logging in
﻿17:26:05 : RCon admin #0 (78.31.67.100:52201) logged in
﻿17:26:07 : Player #0 Ziltoid (5.80.3.54:2304) connected
﻿17:26:08 : Player #0 Ziltoid - GUID: bc07c7c39c76cf95a7a434d686d9df66 (unverified)
﻿17:26:08 : Verified GUID (bc07c7c39c76cf95a7a434d686d9df66) of player #0 Ziltoid
﻿17:26:09 : Player #0 Ziltoid - Legacy GUID: 977383e15b6c706cac44ca953ba440c7
﻿17:41:06 : RCon admin #0: (Global) BASES MUST BE MAINTAINED VIA THE PLOT POLE AND SAFES USED EVERY 7 DAYS OR THEY MAY BE DELETED!!
﻿17:45:06 : RCon admin #0: (Global) NO PVP WITHIN 200m OF TRADER SAFE ZONES excluding ATMS's. Vehicles left in trader zones will be moved to the vehicle pound
﻿18:11:06 : RCon admin #0: (Global) BASES MUST BE MAINTAINED VIA THE PLOT POLE AND SAFES USED EVERY 7 DAYS OR THEY MAY BE DELETED!!
﻿18:15:06 : RCon admin #0: (Global) NO PVP WITHIN 200m OF TRADER SAFE ZONES excluding ATMS's. Vehicles left in trader zones will be moved to the vehicle pound
﻿18:41:06 : RCon admin #0: (Global) BASES MUST BE MAINTAINED VIA THE PLOT POLE AND SAFES USED EVERY 7 DAYS OR THEY MAY BE DELETED!!
﻿18:45:06 : RCon admin #0: (Global) NO PVP WITHIN 200m OF TRADER SAFE ZONES excluding ATMS's. Vehicles left in trader zones will be moved to the vehicle pound
﻿19:11:06 : RCon admin #0: (Global) BASES MUST BE MAINTAINED VIA THE PLOT POLE AND SAFES USED EVERY 7 DAYS OR THEY MAY BE DELETED!!
﻿19:15:06 : RCon admin #0: (Global) NO PVP WITHIN 200m OF TRADER SAFE ZONES excluding ATMS's. Vehicles left in trader zones will be moved to the vehicle pound
﻿19:16:06 : RCon admin #0: (Global) Server will restart in 10 minutes
﻿19:21:05 : RCon admin #0: (Global) Server will restart in 5 minutes: Prepare to Logout
﻿19:23:06 : RCon admin #0: (Global) The Server is about to restart. LOG OUT NOW OR YOUR GEAR MAY BE LOST!!
﻿19:24:06 : RCon admin #0: (Global) YOU SHOULD BE LOGGED OUT BY NOW! IF YOU ARENT YOU WILL BE AUTO KICKED AND YOUR GEAR MAY BE LOST! NO REFUNDS!
﻿19:26:39 : Rcon client logging in
﻿19:26:39 : RCon admin #0 (78.31.67.100:51314) logged in
﻿19:41:40 : RCon admin #0: (Global) BASES MUST BE MAINTAINED VIA THE PLOT POLE AND SAFES USED EVERY 7 DAYS OR THEY MAY BE DELETED!!
﻿19:45:40 : RCon admin #0: (Global) NO PVP WITHIN 200m OF TRADER SAFE ZONES excluding ATMS's. Vehicles left in trader zones will be moved to the vehicle pound
﻿20:11:40 : RCon admin #0: (Global) BASES MUST BE MAINTAINED VIA THE PLOT POLE AND SAFES USED EVERY 7 DAYS OR THEY MAY BE DELETED!!
﻿20:15:40 : RCon admin #0: (Global) NO PVP WITHIN 200m OF TRADER SAFE ZONES excluding ATMS's. Vehicles left in trader zones will be moved to the vehicle pound
﻿20:41:40 : RCon admin #0: (Global) BASES MUST BE MAINTAINED VIA THE PLOT POLE AND SAFES USED EVERY 7 DAYS OR THEY MAY BE DELETED!!
﻿20:45:40 : RCon admin #0: (Global) NO PVP WITHIN 200m OF TRADER SAFE ZONES excluding ATMS's. Vehicles left in trader zones will be moved to the vehicle pound
﻿21:11:40 : RCon admin #0: (Global) BASES MUST BE MAINTAINED VIA THE PLOT POLE AND SAFES USED EVERY 7 DAYS OR THEY MAY BE DELETED!!
﻿21:15:40 : RCon admin #0: (Global) NO PVP WITHIN 200m OF TRADER SAFE ZONES excluding ATMS's. Vehicles left in trader zones will be moved to the vehicle pound
﻿21:16:40 : RCon admin #0: (Global) Server will restart in 10 minutes
﻿21:21:40 : RCon admin #0: (Global) Server will restart in 5 minutes: Prepare to Logout
﻿21:23:40 : RCon admin #0: (Global) The Server is about to restart. LOG OUT NOW OR YOUR GEAR MAY BE LOST!!
﻿21:24:40 : RCon admin #0: (Global) YOU SHOULD BE LOGGED OUT BY NOW! IF YOU ARENT YOU WILL BE AUTO KICKED AND YOUR GEAR MAY BE LOST! NO REFUNDS!
﻿21:27:13 : Rcon client logging in
﻿21:27:13 : RCon admin #0 (78.31.67.100:50044) logged in
﻿21:42:14 : RCon admin #0: (Global) BASES MUST BE MAINTAINED VIA THE PLOT POLE AND SAFES USED EVERY 7 DAYS OR THEY MAY BE DELETED!!
﻿21:46:14 : RCon admin #0: (Global) NO PVP WITHIN 200m OF TRADER SAFE ZONES excluding ATMS's. Vehicles left in trader zones will be moved to the vehicle pound
﻿22:12:14 : RCon admin #0: (Global) BASES MUST BE MAINTAINED VIA THE PLOT POLE AND SAFES USED EVERY 7 DAYS OR THEY MAY BE DELETED!!
﻿22:16:14 : RCon admin #0: (Global) NO PVP WITHIN 200m OF TRADER SAFE ZONES excluding ATMS's. Vehicles left in trader zones will be moved to the vehicle pound
﻿22:42:14 : RCon admin #0: (Global) BASES MUST BE MAINTAINED VIA THE PLOT POLE AND SAFES USED EVERY 7 DAYS OR THEY MAY BE DELETED!!
﻿22:46:14 : RCon admin #0: (Global) NO PVP WITHIN 200m OF TRADER SAFE ZONES excluding ATMS's. Vehicles left in trader zones will be moved to the vehicle pound
﻿23:12:14 : RCon admin #0: (Global) BASES MUST BE MAINTAINED VIA THE PLOT POLE AND SAFES USED EVERY 7 DAYS OR THEY MAY BE DELETED!!
﻿23:16:14 : RCon admin #0: (Global) NO PVP WITHIN 200m OF TRADER SAFE ZONES excluding ATMS's. Vehicles left in trader zones will be moved to the vehicle pound
﻿23:17:14 : RCon admin #0: (Global) Server will restart in 10 minutes
﻿23:22:14 : RCon admin #0: (Global) Server will restart in 5 minutes: Prepare to Logout
﻿23:24:14 : RCon admin #0: (Global) The Server is about to restart. LOG OUT NOW OR YOUR GEAR MAY BE LOST!!
﻿23:25:14 : RCon admin #0: (Global) YOU SHOULD BE LOGGED OUT BY NOW! IF YOU ARENT YOU WILL BE AUTO KICKED AND YOUR GEAR MAY BE LOST! NO REFUNDS!
﻿23:27:47 : Rcon client logging in
﻿23:27:47 : RCon admin #0 (78.31.67.100:54054) logged in
﻿23:42:48 : RCon admin #0: (Global) BASES MUST BE MAINTAINED VIA THE PLOT POLE AND SAFES USED EVERY 7 DAYS OR THEY MAY BE DELETED!!
﻿23:46:48 : RCon admin #0: (Global) NO PVP WITHIN 200m OF TRADER SAFE ZONES excluding ATMS's. Vehicles left in trader zones will be moved to the vehicle pound
