00:02:31 : RCon admin #0: (Global) NO PVP WITHIN 200m OF TRADER SAFE ZONES excluding ATMS's. Vehicles left in trader zones will be moved to the vehicle pound
﻿00:03:31 : RCon admin #0: (Global) Server will restart in 10 minutes
﻿00:08:31 : RCon admin #0: (Global) Server will restart in 5 minutes: Prepare to Logout
﻿00:10:31 : RCon admin #0: (Global) The Server is about to restart. LOG OUT NOW OR YOUR GEAR MAY BE LOST!!
﻿00:11:31 : RCon admin #0: (Global) YOU SHOULD BE LOGGED OUT BY NOW! IF YOU ARENT YOU WILL BE AUTO KICKED AND YOUR GEAR MAY BE LOST! NO REFUNDS!
﻿00:14:05 : Rcon client logging in
﻿00:14:05 : RCon admin #0 (78.31.67.100:53049) logged in
﻿00:29:05 : RCon admin #0: (Global) BASES MUST BE MAINTAINED VIA THE PLOT POLE AND SAFES USED EVERY 7 DAYS OR THEY MAY BE DELETED!!
﻿00:33:05 : RCon admin #0: (Global) NO PVP WITHIN 200m OF TRADER SAFE ZONES excluding ATMS's. Vehicles left in trader zones will be moved to the vehicle pound
﻿00:59:05 : RCon admin #0: (Global) BASES MUST BE MAINTAINED VIA THE PLOT POLE AND SAFES USED EVERY 7 DAYS OR THEY MAY BE DELETED!!
﻿01:03:05 : RCon admin #0: (Global) NO PVP WITHIN 200m OF TRADER SAFE ZONES excluding ATMS's. Vehicles left in trader zones will be moved to the vehicle pound
﻿01:29:05 : RCon admin #0: (Global) BASES MUST BE MAINTAINED VIA THE PLOT POLE AND SAFES USED EVERY 7 DAYS OR THEY MAY BE DELETED!!
﻿01:33:05 : RCon admin #0: (Global) NO PVP WITHIN 200m OF TRADER SAFE ZONES excluding ATMS's. Vehicles left in trader zones will be moved to the vehicle pound
﻿01:59:05 : RCon admin #0: (Global) BASES MUST BE MAINTAINED VIA THE PLOT POLE AND SAFES USED EVERY 7 DAYS OR THEY MAY BE DELETED!!
﻿02:03:05 : RCon admin #0: (Global) NO PVP WITHIN 200m OF TRADER SAFE ZONES excluding ATMS's. Vehicles left in trader zones will be moved to the vehicle pound
﻿02:04:05 : RCon admin #0: (Global) Server will restart in 10 minutes
﻿02:09:06 : RCon admin #0: (Global) Server will restart in 5 minutes: Prepare to Logout
﻿02:11:05 : RCon admin #0: (Global) The Server is about to restart. LOG OUT NOW OR YOUR GEAR MAY BE LOST!!
﻿02:12:06 : RCon admin #0: (Global) YOU SHOULD BE LOGGED OUT BY NOW! IF YOU ARENT YOU WILL BE AUTO KICKED AND YOUR GEAR MAY BE LOST! NO REFUNDS!
﻿02:14:39 : Rcon client logging in
﻿02:14:39 : RCon admin #0 (78.31.67.100:57155) logged in
﻿02:29:39 : RCon admin #0: (Global) BASES MUST BE MAINTAINED VIA THE PLOT POLE AND SAFES USED EVERY 7 DAYS OR THEY MAY BE DELETED!!
﻿02:33:39 : RCon admin #0: (Global) NO PVP WITHIN 200m OF TRADER SAFE ZONES excluding ATMS's. Vehicles left in trader zones will be moved to the vehicle pound
﻿02:59:39 : RCon admin #0: (Global) BASES MUST BE MAINTAINED VIA THE PLOT POLE AND SAFES USED EVERY 7 DAYS OR THEY MAY BE DELETED!!
﻿03:03:39 : RCon admin #0: (Global) NO PVP WITHIN 200m OF TRADER SAFE ZONES excluding ATMS's. Vehicles left in trader zones will be moved to the vehicle pound
﻿03:29:39 : RCon admin #0: (Global) BASES MUST BE MAINTAINED VIA THE PLOT POLE AND SAFES USED EVERY 7 DAYS OR THEY MAY BE DELETED!!
﻿03:33:39 : RCon admin #0: (Global) NO PVP WITHIN 200m OF TRADER SAFE ZONES excluding ATMS's. Vehicles left in trader zones will be moved to the vehicle pound
﻿03:59:39 : RCon admin #0: (Global) BASES MUST BE MAINTAINED VIA THE PLOT POLE AND SAFES USED EVERY 7 DAYS OR THEY MAY BE DELETED!!
﻿04:03:39 : RCon admin #0: (Global) NO PVP WITHIN 200m OF TRADER SAFE ZONES excluding ATMS's. Vehicles left in trader zones will be moved to the vehicle pound
﻿04:04:40 : RCon admin #0: (Global) Server will restart in 10 minutes
﻿04:09:40 : RCon admin #0: (Global) Server will restart in 5 minutes: Prepare to Logout
﻿04:11:40 : RCon admin #0: (Global) The Server is about to restart. LOG OUT NOW OR YOUR GEAR MAY BE LOST!!
﻿04:12:40 : RCon admin #0: (Global) YOU SHOULD BE LOGGED OUT BY NOW! IF YOU ARENT YOU WILL BE AUTO KICKED AND YOUR GEAR MAY BE LOST! NO REFUNDS!
﻿04:15:13 : Rcon client logging in
﻿04:15:13 : RCon admin #0 (78.31.67.100:61650) logged in
﻿04:30:13 : RCon admin #0: (Global) BASES MUST BE MAINTAINED VIA THE PLOT POLE AND SAFES USED EVERY 7 DAYS OR THEY MAY BE DELETED!!
﻿04:34:13 : RCon admin #0: (Global) NO PVP WITHIN 200m OF TRADER SAFE ZONES excluding ATMS's. Vehicles left in trader zones will be moved to the vehicle pound
﻿05:00:13 : RCon admin #0: (Global) BASES MUST BE MAINTAINED VIA THE PLOT POLE AND SAFES USED EVERY 7 DAYS OR THEY MAY BE DELETED!!
﻿05:04:14 : RCon admin #0: (Global) NO PVP WITHIN 200m OF TRADER SAFE ZONES excluding ATMS's. Vehicles left in trader zones will be moved to the vehicle pound
﻿05:30:13 : RCon admin #0: (Global) BASES MUST BE MAINTAINED VIA THE PLOT POLE AND SAFES USED EVERY 7 DAYS OR THEY MAY BE DELETED!!
﻿05:34:13 : RCon admin #0: (Global) NO PVP WITHIN 200m OF TRADER SAFE ZONES excluding ATMS's. Vehicles left in trader zones will be moved to the vehicle pound
﻿06:00:13 : RCon admin #0: (Global) BASES MUST BE MAINTAINED VIA THE PLOT POLE AND SAFES USED EVERY 7 DAYS OR THEY MAY BE DELETED!!
﻿06:04:13 : RCon admin #0: (Global) NO PVP WITHIN 200m OF TRADER SAFE ZONES excluding ATMS's. Vehicles left in trader zones will be moved to the vehicle pound
﻿06:05:13 : RCon admin #0: (Global) Server will restart in 10 minutes
﻿06:10:13 : RCon admin #0: (Global) Server will restart in 5 minutes: Prepare to Logout
﻿06:12:13 : RCon admin #0: (Global) The Server is about to restart. LOG OUT NOW OR YOUR GEAR MAY BE LOST!!
﻿06:13:13 : RCon admin #0: (Global) YOU SHOULD BE LOGGED OUT BY NOW! IF YOU ARENT YOU WILL BE AUTO KICKED AND YOUR GEAR MAY BE LOST! NO REFUNDS!
﻿06:15:47 : Rcon client logging in
﻿06:15:47 : RCon admin #0 (78.31.67.100:52504) logged in
﻿06:30:48 : RCon admin #0: (Global) BASES MUST BE MAINTAINED VIA THE PLOT POLE AND SAFES USED EVERY 7 DAYS OR THEY MAY BE DELETED!!
﻿06:34:48 : RCon admin #0: (Global) NO PVP WITHIN 200m OF TRADER SAFE ZONES excluding ATMS's. Vehicles left in trader zones will be moved to the vehicle pound
﻿07:00:48 : RCon admin #0: (Global) BASES MUST BE MAINTAINED VIA THE PLOT POLE AND SAFES USED EVERY 7 DAYS OR THEY MAY BE DELETED!!
﻿07:04:48 : RCon admin #0: (Global) NO PVP WITHIN 200m OF TRADER SAFE ZONES excluding ATMS's. Vehicles left in trader zones will be moved to the vehicle pound
﻿07:30:48 : RCon admin #0: (Global) BASES MUST BE MAINTAINED VIA THE PLOT POLE AND SAFES USED EVERY 7 DAYS OR THEY MAY BE DELETED!!
﻿07:34:48 : RCon admin #0: (Global) NO PVP WITHIN 200m OF TRADER SAFE ZONES excluding ATMS's. Vehicles left in trader zones will be moved to the vehicle pound
﻿08:00:48 : RCon admin #0: (Global) BASES MUST BE MAINTAINED VIA THE PLOT POLE AND SAFES USED EVERY 7 DAYS OR THEY MAY BE DELETED!!
﻿08:04:48 : RCon admin #0: (Global) NO PVP WITHIN 200m OF TRADER SAFE ZONES excluding ATMS's. Vehicles left in trader zones will be moved to the vehicle pound
﻿08:05:48 : RCon admin #0: (Global) Server will restart in 10 minutes
﻿08:10:48 : RCon admin #0: (Global) Server will restart in 5 minutes: Prepare to Logout
﻿08:12:48 : RCon admin #0: (Global) The Server is about to restart. LOG OUT NOW OR YOUR GEAR MAY BE LOST!!
﻿08:13:48 : RCon admin #0: (Global) YOU SHOULD BE LOGGED OUT BY NOW! IF YOU ARENT YOU WILL BE AUTO KICKED AND YOUR GEAR MAY BE LOST! NO REFUNDS!
﻿08:16:21 : Rcon client logging in
﻿08:16:21 : RCon admin #0 (78.31.67.100:50803) logged in
﻿08:31:22 : RCon admin #0: (Global) BASES MUST BE MAINTAINED VIA THE PLOT POLE AND SAFES USED EVERY 7 DAYS OR THEY MAY BE DELETED!!
﻿08:35:22 : RCon admin #0: (Global) NO PVP WITHIN 200m OF TRADER SAFE ZONES excluding ATMS's. Vehicles left in trader zones will be moved to the vehicle pound
﻿09:01:22 : RCon admin #0: (Global) BASES MUST BE MAINTAINED VIA THE PLOT POLE AND SAFES USED EVERY 7 DAYS OR THEY MAY BE DELETED!!
﻿09:05:22 : RCon admin #0: (Global) NO PVP WITHIN 200m OF TRADER SAFE ZONES excluding ATMS's. Vehicles left in trader zones will be moved to the vehicle pound
﻿09:31:22 : RCon admin #0: (Global) BASES MUST BE MAINTAINED VIA THE PLOT POLE AND SAFES USED EVERY 7 DAYS OR THEY MAY BE DELETED!!
﻿09:35:22 : RCon admin #0: (Global) NO PVP WITHIN 200m OF TRADER SAFE ZONES excluding ATMS's. Vehicles left in trader zones will be moved to the vehicle pound
﻿10:01:22 : RCon admin #0: (Global) BASES MUST BE MAINTAINED VIA THE PLOT POLE AND SAFES USED EVERY 7 DAYS OR THEY MAY BE DELETED!!
﻿10:05:22 : RCon admin #0: (Global) NO PVP WITHIN 200m OF TRADER SAFE ZONES excluding ATMS's. Vehicles left in trader zones will be moved to the vehicle pound
﻿10:06:22 : RCon admin #0: (Global) Server will restart in 10 minutes
﻿10:11:22 : RCon admin #0: (Global) Server will restart in 5 minutes: Prepare to Logout
﻿10:13:22 : RCon admin #0: (Global) The Server is about to restart. LOG OUT NOW OR YOUR GEAR MAY BE LOST!!
﻿10:14:22 : RCon admin #0: (Global) YOU SHOULD BE LOGGED OUT BY NOW! IF YOU ARENT YOU WILL BE AUTO KICKED AND YOUR GEAR MAY BE LOST! NO REFUNDS!
﻿10:16:55 : Rcon client logging in
﻿10:16:55 : RCon admin #0 (78.31.67.100:59443) logged in
﻿10:31:56 : RCon admin #0: (Global) BASES MUST BE MAINTAINED VIA THE PLOT POLE AND SAFES USED EVERY 7 DAYS OR THEY MAY BE DELETED!!
﻿10:35:56 : RCon admin #0: (Global) NO PVP WITHIN 200m OF TRADER SAFE ZONES excluding ATMS's. Vehicles left in trader zones will be moved to the vehicle pound
﻿11:01:56 : RCon admin #0: (Global) BASES MUST BE MAINTAINED VIA THE PLOT POLE AND SAFES USED EVERY 7 DAYS OR THEY MAY BE DELETED!!
﻿11:05:56 : RCon admin #0: (Global) NO PVP WITHIN 200m OF TRADER SAFE ZONES excluding ATMS's. Vehicles left in trader zones will be moved to the vehicle pound
﻿11:31:56 : RCon admin #0: (Global) BASES MUST BE MAINTAINED VIA THE PLOT POLE AND SAFES USED EVERY 7 DAYS OR THEY MAY BE DELETED!!
﻿11:35:56 : RCon admin #0: (Global) NO PVP WITHIN 200m OF TRADER SAFE ZONES excluding ATMS's. Vehicles left in trader zones will be moved to the vehicle pound
﻿12:01:56 : RCon admin #0: (Global) BASES MUST BE MAINTAINED VIA THE PLOT POLE AND SAFES USED EVERY 7 DAYS OR THEY MAY BE DELETED!!
﻿12:05:56 : RCon admin #0: (Global) NO PVP WITHIN 200m OF TRADER SAFE ZONES excluding ATMS's. Vehicles left in trader zones will be moved to the vehicle pound
﻿12:06:56 : RCon admin #0: (Global) Server will restart in 10 minutes
﻿12:11:56 : RCon admin #0: (Global) Server will restart in 5 minutes: Prepare to Logout
﻿12:13:56 : RCon admin #0: (Global) The Server is about to restart. LOG OUT NOW OR YOUR GEAR MAY BE LOST!!
﻿12:14:56 : RCon admin #0: (Global) YOU SHOULD BE LOGGED OUT BY NOW! IF YOU ARENT YOU WILL BE AUTO KICKED AND YOUR GEAR MAY BE LOST! NO REFUNDS!
﻿12:17:29 : Rcon client logging in
﻿12:17:29 : RCon admin #0 (78.31.67.100:51294) logged in
﻿12:32:29 : RCon admin #0: (Global) BASES MUST BE MAINTAINED VIA THE PLOT POLE AND SAFES USED EVERY 7 DAYS OR THEY MAY BE DELETED!!
﻿12:36:29 : RCon admin #0: (Global) NO PVP WITHIN 200m OF TRADER SAFE ZONES excluding ATMS's. Vehicles left in trader zones will be moved to the vehicle pound
﻿13:02:29 : RCon admin #0: (Global) BASES MUST BE MAINTAINED VIA THE PLOT POLE AND SAFES USED EVERY 7 DAYS OR THEY MAY BE DELETED!!
﻿13:06:29 : RCon admin #0: (Global) NO PVP WITHIN 200m OF TRADER SAFE ZONES excluding ATMS's. Vehicles left in trader zones will be moved to the vehicle pound
﻿13:32:29 : RCon admin #0: (Global) BASES MUST BE MAINTAINED VIA THE PLOT POLE AND SAFES USED EVERY 7 DAYS OR THEY MAY BE DELETED!!
﻿13:36:29 : RCon admin #0: (Global) NO PVP WITHIN 200m OF TRADER SAFE ZONES excluding ATMS's. Vehicles left in trader zones will be moved to the vehicle pound
﻿14:02:29 : RCon admin #0: (Global) BASES MUST BE MAINTAINED VIA THE PLOT POLE AND SAFES USED EVERY 7 DAYS OR THEY MAY BE DELETED!!
﻿14:06:29 : RCon admin #0: (Global) NO PVP WITHIN 200m OF TRADER SAFE ZONES excluding ATMS's. Vehicles left in trader zones will be moved to the vehicle pound
﻿14:07:29 : RCon admin #0: (Global) Server will restart in 10 minutes
﻿14:12:29 : RCon admin #0: (Global) Server will restart in 5 minutes: Prepare to Logout
﻿14:14:29 : RCon admin #0: (Global) The Server is about to restart. LOG OUT NOW OR YOUR GEAR MAY BE LOST!!
﻿14:15:29 : RCon admin #0: (Global) YOU SHOULD BE LOGGED OUT BY NOW! IF YOU ARENT YOU WILL BE AUTO KICKED AND YOUR GEAR MAY BE LOST! NO REFUNDS!
﻿14:18:03 : Rcon client logging in
﻿14:18:03 : RCon admin #0 (78.31.67.100:58758) logged in
﻿14:33:04 : RCon admin #0: (Global) BASES MUST BE MAINTAINED VIA THE PLOT POLE AND SAFES USED EVERY 7 DAYS OR THEY MAY BE DELETED!!
﻿14:37:03 : RCon admin #0: (Global) NO PVP WITHIN 200m OF TRADER SAFE ZONES excluding ATMS's. Vehicles left in trader zones will be moved to the vehicle pound
﻿15:02:51 : Player #0 Ziltoid (86.131.103.232:2304) connected
﻿15:02:52 : Player #0 Ziltoid - GUID: bc07c7c39c76cf95a7a434d686d9df66 (unverified)
﻿15:02:52 : Verified GUID (bc07c7c39c76cf95a7a434d686d9df66) of player #0 Ziltoid
﻿15:02:53 : Player #0 Ziltoid - Legacy GUID: 977383e15b6c706cac44ca953ba440c7
﻿15:03:06 : RCon admin #0: (Global) BASES MUST BE MAINTAINED VIA THE PLOT POLE AND SAFES USED EVERY 7 DAYS OR THEY MAY BE DELETED!!
﻿15:07:03 : RCon admin #0: (Global) NO PVP WITHIN 200m OF TRADER SAFE ZONES excluding ATMS's. Vehicles left in trader zones will be moved to the vehicle pound
﻿15:32:40 : Lost Connection!
﻿15:32:40 : Closing socket & exiting!
﻿15:35:49 : Rcon client logging in
﻿15:35:49 : RCon admin #0 (78.31.67.100:54856) logged in
﻿15:36:32 : Lost Connection!
﻿15:36:32 : Closing socket & exiting!
﻿15:40:39 : Rcon client logging in
﻿15:40:39 : RCon admin #0 (78.31.67.100:54857) logged in
﻿15:45:33 : Lost Connection!
﻿15:45:33 : Closing socket & exiting!
﻿15:47:23 : Rcon client logging in
﻿15:47:23 : RCon admin #0 (78.31.67.100:63956) logged in
﻿15:54:18 : Rcon client logging in
﻿15:54:18 : RCon admin #0 (78.31.67.100:61945) logged in
﻿16:01:16 : Lost Connection!
﻿16:01:16 : Closing socket & exiting!
﻿16:03:11 : Rcon client logging in
﻿16:03:11 : RCon admin #0 (78.31.67.100:57925) logged in
﻿16:11:57 : Lost Connection!
﻿16:11:57 : Closing socket & exiting!
﻿16:15:00 : Rcon client logging in
﻿16:15:00 : RCon admin #0 (78.31.67.100:50995) logged in
﻿16:15:12 : Player #0 Ziltoid (86.131.103.232:2304) connected
﻿16:15:13 : Player #0 Ziltoid - GUID: bc07c7c39c76cf95a7a434d686d9df66 (unverified)
﻿16:15:13 : Verified GUID (bc07c7c39c76cf95a7a434d686d9df66) of player #0 Ziltoid
﻿16:15:14 : Player #0 Ziltoid - Legacy GUID: 977383e15b6c706cac44ca953ba440c7
﻿16:27:20 : Lost Connection!
﻿16:27:20 : Closing socket & exiting!
﻿16:30:46 : Rcon client logging in
﻿16:30:46 : RCon admin #0 (78.31.67.100:59001) logged in
﻿16:31:25 : Player #0 Ziltoid (86.131.103.232:2304) connected
﻿16:31:26 : Player #0 Ziltoid - GUID: bc07c7c39c76cf95a7a434d686d9df66 (unverified)
﻿16:31:26 : Verified GUID (bc07c7c39c76cf95a7a434d686d9df66) of player #0 Ziltoid
﻿16:31:27 : Player #0 Ziltoid - Legacy GUID: 977383e15b6c706cac44ca953ba440c7
﻿16:35:19 : Player #0 Ziltoid disconnected
﻿16:35:34 : Lost Connection!
﻿16:35:34 : Closing socket & exiting!
﻿16:37:17 : Rcon client logging in
﻿16:37:17 : RCon admin #0 (78.31.67.100:59003) logged in
﻿16:43:23 : Lost Connection!
﻿16:43:23 : Closing socket & exiting!
﻿16:44:16 : Rcon client logging in
﻿16:44:16 : RCon admin #0 (78.31.67.100:59005) logged in
﻿16:44:17 : Player #0 Ziltoid - GUID: bc07c7c39c76cf95a7a434d686d9df66 (unverified)
﻿16:44:18 : Verified GUID (bc07c7c39c76cf95a7a434d686d9df66) of player #0 Ziltoid
﻿16:44:18 : Player #0 Ziltoid - Legacy GUID: 977383e15b6c706cac44ca953ba440c7
﻿16:59:17 : RCon admin #0: (Global) BASES MUST BE MAINTAINED VIA THE PLOT POLE AND SAFES USED EVERY 7 DAYS OR THEY MAY BE DELETED!!
﻿17:03:17 : RCon admin #0: (Global) NO PVP WITHIN 200m OF TRADER SAFE ZONES excluding ATMS's. Vehicles left in trader zones will be moved to the vehicle pound
﻿17:11:51 : Lost Connection!
﻿17:11:51 : Closing socket & exiting!
﻿17:13:33 : Rcon client logging in
﻿17:13:33 : RCon admin #0 (78.31.67.100:55997) logged in
﻿17:13:43 : Player #0 Ziltoid (86.131.103.232:2304) connected
﻿17:13:44 : Player #0 Ziltoid - GUID: bc07c7c39c76cf95a7a434d686d9df66 (unverified)
﻿17:13:45 : Verified GUID (bc07c7c39c76cf95a7a434d686d9df66) of player #0 Ziltoid
﻿17:13:45 : Player #0 Ziltoid - Legacy GUID: 977383e15b6c706cac44ca953ba440c7
﻿17:28:33 : RCon admin #0: (Global) BASES MUST BE MAINTAINED VIA THE PLOT POLE AND SAFES USED EVERY 7 DAYS OR THEY MAY BE DELETED!!
﻿17:28:45 : Player #0 Ziltoid disconnected
﻿17:32:33 : RCon admin #0: (Global) NO PVP WITHIN 200m OF TRADER SAFE ZONES excluding ATMS's. Vehicles left in trader zones will be moved to the vehicle pound
﻿17:58:33 : RCon admin #0: (Global) BASES MUST BE MAINTAINED VIA THE PLOT POLE AND SAFES USED EVERY 7 DAYS OR THEY MAY BE DELETED!!
﻿18:02:33 : RCon admin #0: (Global) NO PVP WITHIN 200m OF TRADER SAFE ZONES excluding ATMS's. Vehicles left in trader zones will be moved to the vehicle pound
﻿18:10:29 : Player #0 Ziltoid (86.131.103.232:2304) connected
﻿18:10:30 : Player #0 Ziltoid - GUID: bc07c7c39c76cf95a7a434d686d9df66 (unverified)
﻿18:10:31 : Verified GUID (bc07c7c39c76cf95a7a434d686d9df66) of player #0 Ziltoid
﻿18:10:31 : Player #0 Ziltoid - Legacy GUID: 977383e15b6c706cac44ca953ba440c7
﻿18:13:35 : Player #0 Ziltoid disconnected
﻿18:13:59 : Player #0 User (86.131.103.232:2304) connected
﻿18:13:59 : Player #0 User - GUID: bc07c7c39c76cf95a7a434d686d9df66 (unverified)
﻿18:14:00 : Verified GUID (bc07c7c39c76cf95a7a434d686d9df66) of player #0 User
﻿18:14:01 : Player #0 User - Legacy GUID: 977383e15b6c706cac44ca953ba440c7
﻿18:15:55 : Player #0 User disconnected
﻿18:16:01 : Player #0 User (86.131.103.232:2304) connected
﻿18:16:02 : Player #0 User - GUID: bc07c7c39c76cf95a7a434d686d9df66 (unverified)
﻿18:16:02 : Verified GUID (bc07c7c39c76cf95a7a434d686d9df66) of player #0 User
﻿18:16:03 : Player #0 User - Legacy GUID: 977383e15b6c706cac44ca953ba440c7
﻿18:17:21 : Player #0 User disconnected
﻿18:18:32 : Player #0 User (86.131.103.232:2304) connected
﻿18:18:32 : Player #0 User - GUID: bc07c7c39c76cf95a7a434d686d9df66 (unverified)
﻿18:18:33 : Verified GUID (bc07c7c39c76cf95a7a434d686d9df66) of player #0 User
﻿18:18:34 : Player #0 User - Legacy GUID: 977383e15b6c706cac44ca953ba440c7
﻿18:19:57 : Player #0 User disconnected
﻿18:20:37 : Player #0 Bobsicle (86.131.103.232:2304) connected
﻿18:20:38 : Player #0 Bobsicle - GUID: bc07c7c39c76cf95a7a434d686d9df66 (unverified)
﻿18:20:38 : Verified GUID (bc07c7c39c76cf95a7a434d686d9df66) of player #0 Bobsicle
﻿18:20:39 : Player #0 Bobsicle - Legacy GUID: 977383e15b6c706cac44ca953ba440c7
﻿18:22:29 : Player #0 Bobsicle disconnected
﻿18:28:33 : RCon admin #0: (Global) BASES MUST BE MAINTAINED VIA THE PLOT POLE AND SAFES USED EVERY 7 DAYS OR THEY MAY BE DELETED!!
﻿18:32:33 : RCon admin #0: (Global) NO PVP WITHIN 200m OF TRADER SAFE ZONES excluding ATMS's. Vehicles left in trader zones will be moved to the vehicle pound
﻿18:50:41 : Player #0 Wargasm (86.131.103.232:2304) connected
﻿18:50:42 : Player #0 Wargasm - GUID: bc07c7c39c76cf95a7a434d686d9df66 (unverified)
﻿18:50:42 : Verified GUID (bc07c7c39c76cf95a7a434d686d9df66) of player #0 Wargasm
﻿18:50:43 : Player #0 Wargasm - Legacy GUID: 977383e15b6c706cac44ca953ba440c7
﻿18:51:32 : Player #0 Wargasm disconnected
﻿18:56:59 : Player #0 [UKN] Wargasm (86.131.103.232:2304) connected
﻿18:56:59 : Player #0 [UKN] Wargasm - GUID: bc07c7c39c76cf95a7a434d686d9df66 (unverified)
﻿18:57:00 : Verified GUID (bc07c7c39c76cf95a7a434d686d9df66) of player #0 [UKN] Wargasm
﻿18:57:01 : Player #0 [UKN] Wargasm - Legacy GUID: 977383e15b6c706cac44ca953ba440c7
﻿18:58:33 : RCon admin #0: (Global) BASES MUST BE MAINTAINED VIA THE PLOT POLE AND SAFES USED EVERY 7 DAYS OR THEY MAY BE DELETED!!
﻿19:02:33 : RCon admin #0: (Global) NO PVP WITHIN 200m OF TRADER SAFE ZONES excluding ATMS's. Vehicles left in trader zones will be moved to the vehicle pound
﻿19:03:33 : RCon admin #0: (Global) Server will restart in 10 minutes
﻿19:08:33 : RCon admin #0: (Global) Server will restart in 5 minutes: Prepare to Logout
﻿19:10:33 : RCon admin #0: (Global) The Server is about to restart. LOG OUT NOW OR YOUR GEAR MAY BE LOST!!
﻿19:11:33 : RCon admin #0: (Global) YOU SHOULD BE LOGGED OUT BY NOW! IF YOU ARENT YOU WILL BE AUTO KICKED AND YOUR GEAR MAY BE LOST! NO REFUNDS!
﻿19:14:07 : Rcon client logging in
﻿19:14:07 : RCon admin #0 (78.31.67.100:59322) logged in
﻿19:29:08 : RCon admin #0: (Global) BASES MUST BE MAINTAINED VIA THE PLOT POLE AND SAFES USED EVERY 7 DAYS OR THEY MAY BE DELETED!!
﻿19:30:17 : Lost Connection!
﻿19:30:17 : Closing socket & exiting!
﻿19:32:49 : Rcon client logging in
﻿19:32:49 : RCon admin #0 (78.31.67.100:50245) logged in
﻿19:47:50 : RCon admin #0: (Global) BASES MUST BE MAINTAINED VIA THE PLOT POLE AND SAFES USED EVERY 7 DAYS OR THEY MAY BE DELETED!!
﻿19:51:50 : RCon admin #0: (Global) NO PVP WITHIN 200m OF TRADER SAFE ZONES excluding ATMS's. Vehicles left in trader zones will be moved to the vehicle pound
﻿20:17:50 : RCon admin #0: (Global) BASES MUST BE MAINTAINED VIA THE PLOT POLE AND SAFES USED EVERY 7 DAYS OR THEY MAY BE DELETED!!
﻿20:21:50 : RCon admin #0: (Global) NO PVP WITHIN 200m OF TRADER SAFE ZONES excluding ATMS's. Vehicles left in trader zones will be moved to the vehicle pound
﻿20:47:50 : RCon admin #0: (Global) BASES MUST BE MAINTAINED VIA THE PLOT POLE AND SAFES USED EVERY 7 DAYS OR THEY MAY BE DELETED!!
﻿20:51:50 : RCon admin #0: (Global) NO PVP WITHIN 200m OF TRADER SAFE ZONES excluding ATMS's. Vehicles left in trader zones will be moved to the vehicle pound
﻿21:17:50 : RCon admin #0: (Global) BASES MUST BE MAINTAINED VIA THE PLOT POLE AND SAFES USED EVERY 7 DAYS OR THEY MAY BE DELETED!!
﻿21:21:50 : RCon admin #0: (Global) NO PVP WITHIN 200m OF TRADER SAFE ZONES excluding ATMS's. Vehicles left in trader zones will be moved to the vehicle pound
﻿21:22:50 : RCon admin #0: (Global) Server will restart in 10 minutes
﻿21:27:50 : RCon admin #0: (Global) Server will restart in 5 minutes: Prepare to Logout
﻿21:29:50 : RCon admin #0: (Global) The Server is about to restart. LOG OUT NOW OR YOUR GEAR MAY BE LOST!!
﻿21:30:50 : RCon admin #0: (Global) YOU SHOULD BE LOGGED OUT BY NOW! IF YOU ARENT YOU WILL BE AUTO KICKED AND YOUR GEAR MAY BE LOST! NO REFUNDS!
﻿21:33:23 : Rcon client logging in
﻿21:33:23 : RCon admin #0 (78.31.67.100:53891) logged in
﻿21:48:24 : RCon admin #0: (Global) BASES MUST BE MAINTAINED VIA THE PLOT POLE AND SAFES USED EVERY 7 DAYS OR THEY MAY BE DELETED!!
﻿21:52:24 : RCon admin #0: (Global) NO PVP WITHIN 200m OF TRADER SAFE ZONES excluding ATMS's. Vehicles left in trader zones will be moved to the vehicle pound
﻿22:18:24 : RCon admin #0: (Global) BASES MUST BE MAINTAINED VIA THE PLOT POLE AND SAFES USED EVERY 7 DAYS OR THEY MAY BE DELETED!!
﻿22:21:17 : Player #0 [UKN] Wargasm (86.131.103.232:2304) connected
﻿22:21:18 : Player #0 [UKN] Wargasm - GUID: bc07c7c39c76cf95a7a434d686d9df66 (unverified)
﻿22:21:19 : Verified GUID (bc07c7c39c76cf95a7a434d686d9df66) of player #0 [UKN] Wargasm
﻿22:21:19 : Player #0 [UKN] Wargasm - Legacy GUID: 977383e15b6c706cac44ca953ba440c7
﻿22:22:24 : RCon admin #0: (Global) NO PVP WITHIN 200m OF TRADER SAFE ZONES excluding ATMS's. Vehicles left in trader zones will be moved to the vehicle pound
﻿22:48:24 : RCon admin #0: (Global) BASES MUST BE MAINTAINED VIA THE PLOT POLE AND SAFES USED EVERY 7 DAYS OR THEY MAY BE DELETED!!
﻿22:52:24 : RCon admin #0: (Global) NO PVP WITHIN 200m OF TRADER SAFE ZONES excluding ATMS's. Vehicles left in trader zones will be moved to the vehicle pound
﻿23:18:24 : RCon admin #0: (Global) BASES MUST BE MAINTAINED VIA THE PLOT POLE AND SAFES USED EVERY 7 DAYS OR THEY MAY BE DELETED!!
﻿23:22:24 : RCon admin #0: (Global) NO PVP WITHIN 200m OF TRADER SAFE ZONES excluding ATMS's. Vehicles left in trader zones will be moved to the vehicle pound
﻿23:23:23 : RCon admin #0: (Global) Server will restart in 10 minutes
﻿23:28:24 : RCon admin #0: (Global) Server will restart in 5 minutes: Prepare to Logout
﻿23:30:24 : RCon admin #0: (Global) The Server is about to restart. LOG OUT NOW OR YOUR GEAR MAY BE LOST!!
﻿23:31:24 : RCon admin #0: (Global) YOU SHOULD BE LOGGED OUT BY NOW! IF YOU ARENT YOU WILL BE AUTO KICKED AND YOUR GEAR MAY BE LOST! NO REFUNDS!
﻿23:33:57 : Rcon client logging in
﻿23:33:57 : RCon admin #0 (78.31.67.100:58245) logged in
﻿23:48:57 : RCon admin #0: (Global) BASES MUST BE MAINTAINED VIA THE PLOT POLE AND SAFES USED EVERY 7 DAYS OR THEY MAY BE DELETED!!
﻿23:52:58 : RCon admin #0: (Global) NO PVP WITHIN 200m OF TRADER SAFE ZONES excluding ATMS's. Vehicles left in trader zones will be moved to the vehicle pound
