00:12:48 : RCon admin #0: (Global) BASES MUST BE MAINTAINED VIA THE PLOT POLE AND SAFES USED EVERY 7 DAYS OR THEY MAY BE DELETED!!
﻿00:16:48 : RCon admin #0: (Global) NO PVP WITHIN 200m OF TRADER SAFE ZONES excluding ATMS's. Vehicles left in trader zones will be moved to the vehicle pound
﻿00:42:48 : RCon admin #0: (Global) BASES MUST BE MAINTAINED VIA THE PLOT POLE AND SAFES USED EVERY 7 DAYS OR THEY MAY BE DELETED!!
﻿00:46:48 : RCon admin #0: (Global) NO PVP WITHIN 200m OF TRADER SAFE ZONES excluding ATMS's. Vehicles left in trader zones will be moved to the vehicle pound
﻿01:12:48 : RCon admin #0: (Global) BASES MUST BE MAINTAINED VIA THE PLOT POLE AND SAFES USED EVERY 7 DAYS OR THEY MAY BE DELETED!!
﻿01:16:48 : RCon admin #0: (Global) NO PVP WITHIN 200m OF TRADER SAFE ZONES excluding ATMS's. Vehicles left in trader zones will be moved to the vehicle pound
﻿01:17:48 : RCon admin #0: (Global) Server will restart in 10 minutes
﻿01:22:48 : RCon admin #0: (Global) Server will restart in 5 minutes: Prepare to Logout
﻿01:24:48 : RCon admin #0: (Global) The Server is about to restart. LOG OUT NOW OR YOUR GEAR MAY BE LOST!!
﻿01:25:48 : RCon admin #0: (Global) YOU SHOULD BE LOGGED OUT BY NOW! IF YOU ARENT YOU WILL BE AUTO KICKED AND YOUR GEAR MAY BE LOST! NO REFUNDS!
﻿01:28:21 : Rcon client logging in
﻿01:28:21 : RCon admin #0 (78.31.67.100:64021) logged in
﻿01:43:21 : RCon admin #0: (Global) BASES MUST BE MAINTAINED VIA THE PLOT POLE AND SAFES USED EVERY 7 DAYS OR THEY MAY BE DELETED!!
﻿01:47:21 : RCon admin #0: (Global) NO PVP WITHIN 200m OF TRADER SAFE ZONES excluding ATMS's. Vehicles left in trader zones will be moved to the vehicle pound
﻿02:13:21 : RCon admin #0: (Global) BASES MUST BE MAINTAINED VIA THE PLOT POLE AND SAFES USED EVERY 7 DAYS OR THEY MAY BE DELETED!!
﻿02:17:21 : RCon admin #0: (Global) NO PVP WITHIN 200m OF TRADER SAFE ZONES excluding ATMS's. Vehicles left in trader zones will be moved to the vehicle pound
﻿02:43:21 : RCon admin #0: (Global) BASES MUST BE MAINTAINED VIA THE PLOT POLE AND SAFES USED EVERY 7 DAYS OR THEY MAY BE DELETED!!
﻿02:47:21 : RCon admin #0: (Global) NO PVP WITHIN 200m OF TRADER SAFE ZONES excluding ATMS's. Vehicles left in trader zones will be moved to the vehicle pound
﻿03:13:21 : RCon admin #0: (Global) BASES MUST BE MAINTAINED VIA THE PLOT POLE AND SAFES USED EVERY 7 DAYS OR THEY MAY BE DELETED!!
﻿03:17:21 : RCon admin #0: (Global) NO PVP WITHIN 200m OF TRADER SAFE ZONES excluding ATMS's. Vehicles left in trader zones will be moved to the vehicle pound
﻿03:18:21 : RCon admin #0: (Global) Server will restart in 10 minutes
﻿03:23:21 : RCon admin #0: (Global) Server will restart in 5 minutes: Prepare to Logout
﻿03:25:21 : RCon admin #0: (Global) The Server is about to restart. LOG OUT NOW OR YOUR GEAR MAY BE LOST!!
﻿03:26:21 : RCon admin #0: (Global) YOU SHOULD BE LOGGED OUT BY NOW! IF YOU ARENT YOU WILL BE AUTO KICKED AND YOUR GEAR MAY BE LOST! NO REFUNDS!
﻿03:28:55 : Rcon client logging in
﻿03:28:55 : RCon admin #0 (78.31.67.100:52083) logged in
﻿03:43:55 : RCon admin #0: (Global) BASES MUST BE MAINTAINED VIA THE PLOT POLE AND SAFES USED EVERY 7 DAYS OR THEY MAY BE DELETED!!
﻿03:47:55 : RCon admin #0: (Global) NO PVP WITHIN 200m OF TRADER SAFE ZONES excluding ATMS's. Vehicles left in trader zones will be moved to the vehicle pound
﻿04:13:56 : RCon admin #0: (Global) BASES MUST BE MAINTAINED VIA THE PLOT POLE AND SAFES USED EVERY 7 DAYS OR THEY MAY BE DELETED!!
﻿04:17:56 : RCon admin #0: (Global) NO PVP WITHIN 200m OF TRADER SAFE ZONES excluding ATMS's. Vehicles left in trader zones will be moved to the vehicle pound
﻿04:43:55 : RCon admin #0: (Global) BASES MUST BE MAINTAINED VIA THE PLOT POLE AND SAFES USED EVERY 7 DAYS OR THEY MAY BE DELETED!!
﻿04:47:55 : RCon admin #0: (Global) NO PVP WITHIN 200m OF TRADER SAFE ZONES excluding ATMS's. Vehicles left in trader zones will be moved to the vehicle pound
﻿05:13:55 : RCon admin #0: (Global) BASES MUST BE MAINTAINED VIA THE PLOT POLE AND SAFES USED EVERY 7 DAYS OR THEY MAY BE DELETED!!
﻿05:17:55 : RCon admin #0: (Global) NO PVP WITHIN 200m OF TRADER SAFE ZONES excluding ATMS's. Vehicles left in trader zones will be moved to the vehicle pound
﻿05:18:55 : RCon admin #0: (Global) Server will restart in 10 minutes
﻿05:23:55 : RCon admin #0: (Global) Server will restart in 5 minutes: Prepare to Logout
﻿05:25:55 : RCon admin #0: (Global) The Server is about to restart. LOG OUT NOW OR YOUR GEAR MAY BE LOST!!
﻿05:26:55 : RCon admin #0: (Global) YOU SHOULD BE LOGGED OUT BY NOW! IF YOU ARENT YOU WILL BE AUTO KICKED AND YOUR GEAR MAY BE LOST! NO REFUNDS!
﻿05:29:29 : Rcon client logging in
﻿05:29:29 : RCon admin #0 (78.31.67.100:50518) logged in
﻿05:44:30 : RCon admin #0: (Global) BASES MUST BE MAINTAINED VIA THE PLOT POLE AND SAFES USED EVERY 7 DAYS OR THEY MAY BE DELETED!!
﻿05:48:30 : RCon admin #0: (Global) NO PVP WITHIN 200m OF TRADER SAFE ZONES excluding ATMS's. Vehicles left in trader zones will be moved to the vehicle pound
﻿06:14:30 : RCon admin #0: (Global) BASES MUST BE MAINTAINED VIA THE PLOT POLE AND SAFES USED EVERY 7 DAYS OR THEY MAY BE DELETED!!
﻿06:18:30 : RCon admin #0: (Global) NO PVP WITHIN 200m OF TRADER SAFE ZONES excluding ATMS's. Vehicles left in trader zones will be moved to the vehicle pound
﻿06:44:30 : RCon admin #0: (Global) BASES MUST BE MAINTAINED VIA THE PLOT POLE AND SAFES USED EVERY 7 DAYS OR THEY MAY BE DELETED!!
﻿06:48:30 : RCon admin #0: (Global) NO PVP WITHIN 200m OF TRADER SAFE ZONES excluding ATMS's. Vehicles left in trader zones will be moved to the vehicle pound
﻿07:14:30 : RCon admin #0: (Global) BASES MUST BE MAINTAINED VIA THE PLOT POLE AND SAFES USED EVERY 7 DAYS OR THEY MAY BE DELETED!!
﻿07:18:30 : RCon admin #0: (Global) NO PVP WITHIN 200m OF TRADER SAFE ZONES excluding ATMS's. Vehicles left in trader zones will be moved to the vehicle pound
﻿07:19:30 : RCon admin #0: (Global) Server will restart in 10 minutes
﻿07:24:30 : RCon admin #0: (Global) Server will restart in 5 minutes: Prepare to Logout
﻿07:26:30 : RCon admin #0: (Global) The Server is about to restart. LOG OUT NOW OR YOUR GEAR MAY BE LOST!!
﻿07:27:30 : RCon admin #0: (Global) YOU SHOULD BE LOGGED OUT BY NOW! IF YOU ARENT YOU WILL BE AUTO KICKED AND YOUR GEAR MAY BE LOST! NO REFUNDS!
﻿07:30:03 : Rcon client logging in
﻿07:30:03 : RCon admin #0 (78.31.67.100:53582) logged in
﻿07:45:04 : RCon admin #0: (Global) BASES MUST BE MAINTAINED VIA THE PLOT POLE AND SAFES USED EVERY 7 DAYS OR THEY MAY BE DELETED!!
﻿07:49:04 : RCon admin #0: (Global) NO PVP WITHIN 200m OF TRADER SAFE ZONES excluding ATMS's. Vehicles left in trader zones will be moved to the vehicle pound
﻿08:15:04 : RCon admin #0: (Global) BASES MUST BE MAINTAINED VIA THE PLOT POLE AND SAFES USED EVERY 7 DAYS OR THEY MAY BE DELETED!!
﻿08:19:04 : RCon admin #0: (Global) NO PVP WITHIN 200m OF TRADER SAFE ZONES excluding ATMS's. Vehicles left in trader zones will be moved to the vehicle pound
﻿08:45:04 : RCon admin #0: (Global) BASES MUST BE MAINTAINED VIA THE PLOT POLE AND SAFES USED EVERY 7 DAYS OR THEY MAY BE DELETED!!
﻿08:49:04 : RCon admin #0: (Global) NO PVP WITHIN 200m OF TRADER SAFE ZONES excluding ATMS's. Vehicles left in trader zones will be moved to the vehicle pound
﻿09:15:04 : RCon admin #0: (Global) BASES MUST BE MAINTAINED VIA THE PLOT POLE AND SAFES USED EVERY 7 DAYS OR THEY MAY BE DELETED!!
﻿09:19:04 : RCon admin #0: (Global) NO PVP WITHIN 200m OF TRADER SAFE ZONES excluding ATMS's. Vehicles left in trader zones will be moved to the vehicle pound
﻿09:20:04 : RCon admin #0: (Global) Server will restart in 10 minutes
﻿09:25:04 : RCon admin #0: (Global) Server will restart in 5 minutes: Prepare to Logout
﻿09:27:04 : RCon admin #0: (Global) The Server is about to restart. LOG OUT NOW OR YOUR GEAR MAY BE LOST!!
﻿09:28:04 : RCon admin #0: (Global) YOU SHOULD BE LOGGED OUT BY NOW! IF YOU ARENT YOU WILL BE AUTO KICKED AND YOUR GEAR MAY BE LOST! NO REFUNDS!
﻿09:30:37 : Rcon client logging in
﻿09:30:37 : RCon admin #0 (78.31.67.100:58740) logged in
﻿09:45:38 : RCon admin #0: (Global) BASES MUST BE MAINTAINED VIA THE PLOT POLE AND SAFES USED EVERY 7 DAYS OR THEY MAY BE DELETED!!
﻿09:49:38 : RCon admin #0: (Global) NO PVP WITHIN 200m OF TRADER SAFE ZONES excluding ATMS's. Vehicles left in trader zones will be moved to the vehicle pound
﻿10:15:38 : RCon admin #0: (Global) BASES MUST BE MAINTAINED VIA THE PLOT POLE AND SAFES USED EVERY 7 DAYS OR THEY MAY BE DELETED!!
﻿10:19:38 : RCon admin #0: (Global) NO PVP WITHIN 200m OF TRADER SAFE ZONES excluding ATMS's. Vehicles left in trader zones will be moved to the vehicle pound
﻿10:45:38 : RCon admin #0: (Global) BASES MUST BE MAINTAINED VIA THE PLOT POLE AND SAFES USED EVERY 7 DAYS OR THEY MAY BE DELETED!!
﻿10:49:38 : RCon admin #0: (Global) NO PVP WITHIN 200m OF TRADER SAFE ZONES excluding ATMS's. Vehicles left in trader zones will be moved to the vehicle pound
﻿11:15:38 : RCon admin #0: (Global) BASES MUST BE MAINTAINED VIA THE PLOT POLE AND SAFES USED EVERY 7 DAYS OR THEY MAY BE DELETED!!
﻿11:19:38 : RCon admin #0: (Global) NO PVP WITHIN 200m OF TRADER SAFE ZONES excluding ATMS's. Vehicles left in trader zones will be moved to the vehicle pound
﻿11:20:38 : RCon admin #0: (Global) Server will restart in 10 minutes
﻿11:25:38 : RCon admin #0: (Global) Server will restart in 5 minutes: Prepare to Logout
﻿11:27:38 : RCon admin #0: (Global) The Server is about to restart. LOG OUT NOW OR YOUR GEAR MAY BE LOST!!
﻿11:28:38 : RCon admin #0: (Global) YOU SHOULD BE LOGGED OUT BY NOW! IF YOU ARENT YOU WILL BE AUTO KICKED AND YOUR GEAR MAY BE LOST! NO REFUNDS!
﻿11:31:11 : Rcon client logging in
﻿11:31:12 : RCon admin #0 (78.31.67.100:64480) logged in
﻿11:46:12 : RCon admin #0: (Global) BASES MUST BE MAINTAINED VIA THE PLOT POLE AND SAFES USED EVERY 7 DAYS OR THEY MAY BE DELETED!!
﻿11:50:12 : RCon admin #0: (Global) NO PVP WITHIN 200m OF TRADER SAFE ZONES excluding ATMS's. Vehicles left in trader zones will be moved to the vehicle pound
﻿12:16:12 : RCon admin #0: (Global) BASES MUST BE MAINTAINED VIA THE PLOT POLE AND SAFES USED EVERY 7 DAYS OR THEY MAY BE DELETED!!
﻿12:20:12 : RCon admin #0: (Global) NO PVP WITHIN 200m OF TRADER SAFE ZONES excluding ATMS's. Vehicles left in trader zones will be moved to the vehicle pound
﻿12:46:12 : RCon admin #0: (Global) BASES MUST BE MAINTAINED VIA THE PLOT POLE AND SAFES USED EVERY 7 DAYS OR THEY MAY BE DELETED!!
﻿12:50:12 : RCon admin #0: (Global) NO PVP WITHIN 200m OF TRADER SAFE ZONES excluding ATMS's. Vehicles left in trader zones will be moved to the vehicle pound
﻿13:07:19 : Lost Connection!
﻿13:07:19 : Closing socket & exiting!
﻿13:10:42 : Rcon client logging in
﻿13:10:42 : RCon admin #0 (78.31.67.100:59699) logged in
﻿13:10:56 : Player #0 Ziltoid (5.80.3.54:2304) connected
﻿13:10:57 : Player #0 Ziltoid - GUID: bc07c7c39c76cf95a7a434d686d9df66 (unverified)
﻿13:10:58 : Verified GUID (bc07c7c39c76cf95a7a434d686d9df66) of player #0 Ziltoid
﻿13:10:58 : Player #0 Ziltoid - Legacy GUID: 977383e15b6c706cac44ca953ba440c7
﻿13:25:43 : RCon admin #0: (Global) BASES MUST BE MAINTAINED VIA THE PLOT POLE AND SAFES USED EVERY 7 DAYS OR THEY MAY BE DELETED!!
﻿13:29:42 : RCon admin #0: (Global) NO PVP WITHIN 200m OF TRADER SAFE ZONES excluding ATMS's. Vehicles left in trader zones will be moved to the vehicle pound
﻿13:35:44 : Player #0 Ziltoid disconnected
﻿13:55:42 : RCon admin #0: (Global) BASES MUST BE MAINTAINED VIA THE PLOT POLE AND SAFES USED EVERY 7 DAYS OR THEY MAY BE DELETED!!
﻿13:59:42 : RCon admin #0: (Global) NO PVP WITHIN 200m OF TRADER SAFE ZONES excluding ATMS's. Vehicles left in trader zones will be moved to the vehicle pound
﻿14:23:05 : Player #0 Ziltoid (5.80.3.54:2304) connected
﻿14:23:05 : Player #0 Ziltoid - GUID: bc07c7c39c76cf95a7a434d686d9df66 (unverified)
﻿14:23:06 : Verified GUID (bc07c7c39c76cf95a7a434d686d9df66) of player #0 Ziltoid
﻿14:23:07 : Player #0 Ziltoid - Legacy GUID: 977383e15b6c706cac44ca953ba440c7
﻿14:25:42 : RCon admin #0: (Global) BASES MUST BE MAINTAINED VIA THE PLOT POLE AND SAFES USED EVERY 7 DAYS OR THEY MAY BE DELETED!!
﻿14:29:42 : RCon admin #0: (Global) NO PVP WITHIN 200m OF TRADER SAFE ZONES excluding ATMS's. Vehicles left in trader zones will be moved to the vehicle pound
﻿14:31:24 : Player #0 Ziltoid disconnected
﻿14:55:42 : RCon admin #0: (Global) BASES MUST BE MAINTAINED VIA THE PLOT POLE AND SAFES USED EVERY 7 DAYS OR THEY MAY BE DELETED!!
﻿14:59:42 : RCon admin #0: (Global) NO PVP WITHIN 200m OF TRADER SAFE ZONES excluding ATMS's. Vehicles left in trader zones will be moved to the vehicle pound
﻿15:00:42 : RCon admin #0: (Global) Server will restart in 10 minutes
﻿15:05:42 : RCon admin #0: (Global) Server will restart in 5 minutes: Prepare to Logout
﻿15:07:42 : RCon admin #0: (Global) The Server is about to restart. LOG OUT NOW OR YOUR GEAR MAY BE LOST!!
﻿15:08:42 : RCon admin #0: (Global) YOU SHOULD BE LOGGED OUT BY NOW! IF YOU ARENT YOU WILL BE AUTO KICKED AND YOUR GEAR MAY BE LOST! NO REFUNDS!
﻿15:11:16 : Rcon client logging in
﻿15:11:16 : RCon admin #0 (78.31.67.100:60436) logged in
﻿15:26:17 : RCon admin #0: (Global) BASES MUST BE MAINTAINED VIA THE PLOT POLE AND SAFES USED EVERY 7 DAYS OR THEY MAY BE DELETED!!
﻿15:30:17 : RCon admin #0: (Global) NO PVP WITHIN 200m OF TRADER SAFE ZONES excluding ATMS's. Vehicles left in trader zones will be moved to the vehicle pound
﻿15:56:17 : RCon admin #0: (Global) BASES MUST BE MAINTAINED VIA THE PLOT POLE AND SAFES USED EVERY 7 DAYS OR THEY MAY BE DELETED!!
﻿16:00:17 : RCon admin #0: (Global) NO PVP WITHIN 200m OF TRADER SAFE ZONES excluding ATMS's. Vehicles left in trader zones will be moved to the vehicle pound
﻿16:26:17 : RCon admin #0: (Global) BASES MUST BE MAINTAINED VIA THE PLOT POLE AND SAFES USED EVERY 7 DAYS OR THEY MAY BE DELETED!!
﻿16:30:17 : RCon admin #0: (Global) NO PVP WITHIN 200m OF TRADER SAFE ZONES excluding ATMS's. Vehicles left in trader zones will be moved to the vehicle pound
﻿16:56:17 : RCon admin #0: (Global) BASES MUST BE MAINTAINED VIA THE PLOT POLE AND SAFES USED EVERY 7 DAYS OR THEY MAY BE DELETED!!
﻿17:00:17 : RCon admin #0: (Global) NO PVP WITHIN 200m OF TRADER SAFE ZONES excluding ATMS's. Vehicles left in trader zones will be moved to the vehicle pound
﻿17:01:17 : RCon admin #0: (Global) Server will restart in 10 minutes
﻿17:06:17 : RCon admin #0: (Global) Server will restart in 5 minutes: Prepare to Logout
﻿17:08:17 : RCon admin #0: (Global) The Server is about to restart. LOG OUT NOW OR YOUR GEAR MAY BE LOST!!
﻿17:09:17 : RCon admin #0: (Global) YOU SHOULD BE LOGGED OUT BY NOW! IF YOU ARENT YOU WILL BE AUTO KICKED AND YOUR GEAR MAY BE LOST! NO REFUNDS!
﻿17:11:50 : Rcon client logging in
﻿17:11:50 : RCon admin #0 (78.31.67.100:53249) logged in
﻿17:26:51 : RCon admin #0: (Global) BASES MUST BE MAINTAINED VIA THE PLOT POLE AND SAFES USED EVERY 7 DAYS OR THEY MAY BE DELETED!!
﻿17:30:51 : RCon admin #0: (Global) NO PVP WITHIN 200m OF TRADER SAFE ZONES excluding ATMS's. Vehicles left in trader zones will be moved to the vehicle pound
﻿17:56:51 : RCon admin #0: (Global) BASES MUST BE MAINTAINED VIA THE PLOT POLE AND SAFES USED EVERY 7 DAYS OR THEY MAY BE DELETED!!
﻿18:00:51 : RCon admin #0: (Global) NO PVP WITHIN 200m OF TRADER SAFE ZONES excluding ATMS's. Vehicles left in trader zones will be moved to the vehicle pound
﻿18:26:51 : RCon admin #0: (Global) BASES MUST BE MAINTAINED VIA THE PLOT POLE AND SAFES USED EVERY 7 DAYS OR THEY MAY BE DELETED!!
﻿18:30:51 : RCon admin #0: (Global) NO PVP WITHIN 200m OF TRADER SAFE ZONES excluding ATMS's. Vehicles left in trader zones will be moved to the vehicle pound
﻿18:56:51 : RCon admin #0: (Global) BASES MUST BE MAINTAINED VIA THE PLOT POLE AND SAFES USED EVERY 7 DAYS OR THEY MAY BE DELETED!!
﻿19:00:51 : RCon admin #0: (Global) NO PVP WITHIN 200m OF TRADER SAFE ZONES excluding ATMS's. Vehicles left in trader zones will be moved to the vehicle pound
﻿19:01:51 : RCon admin #0: (Global) Server will restart in 10 minutes
﻿19:06:51 : RCon admin #0: (Global) Server will restart in 5 minutes: Prepare to Logout
﻿19:08:51 : RCon admin #0: (Global) The Server is about to restart. LOG OUT NOW OR YOUR GEAR MAY BE LOST!!
﻿19:09:51 : RCon admin #0: (Global) YOU SHOULD BE LOGGED OUT BY NOW! IF YOU ARENT YOU WILL BE AUTO KICKED AND YOUR GEAR MAY BE LOST! NO REFUNDS!
﻿19:12:24 : Rcon client logging in
﻿19:12:24 : RCon admin #0 (78.31.67.100:58620) logged in
﻿19:27:25 : RCon admin #0: (Global) BASES MUST BE MAINTAINED VIA THE PLOT POLE AND SAFES USED EVERY 7 DAYS OR THEY MAY BE DELETED!!
﻿19:31:24 : RCon admin #0: (Global) NO PVP WITHIN 200m OF TRADER SAFE ZONES excluding ATMS's. Vehicles left in trader zones will be moved to the vehicle pound
﻿19:57:24 : RCon admin #0: (Global) BASES MUST BE MAINTAINED VIA THE PLOT POLE AND SAFES USED EVERY 7 DAYS OR THEY MAY BE DELETED!!
﻿20:01:25 : RCon admin #0: (Global) NO PVP WITHIN 200m OF TRADER SAFE ZONES excluding ATMS's. Vehicles left in trader zones will be moved to the vehicle pound
﻿20:27:24 : RCon admin #0: (Global) BASES MUST BE MAINTAINED VIA THE PLOT POLE AND SAFES USED EVERY 7 DAYS OR THEY MAY BE DELETED!!
﻿20:31:25 : RCon admin #0: (Global) NO PVP WITHIN 200m OF TRADER SAFE ZONES excluding ATMS's. Vehicles left in trader zones will be moved to the vehicle pound
﻿20:57:24 : RCon admin #0: (Global) BASES MUST BE MAINTAINED VIA THE PLOT POLE AND SAFES USED EVERY 7 DAYS OR THEY MAY BE DELETED!!
﻿21:01:24 : RCon admin #0: (Global) NO PVP WITHIN 200m OF TRADER SAFE ZONES excluding ATMS's. Vehicles left in trader zones will be moved to the vehicle pound
﻿21:02:24 : RCon admin #0: (Global) Server will restart in 10 minutes
﻿21:07:25 : RCon admin #0: (Global) Server will restart in 5 minutes: Prepare to Logout
﻿21:09:25 : RCon admin #0: (Global) The Server is about to restart. LOG OUT NOW OR YOUR GEAR MAY BE LOST!!
﻿21:10:24 : RCon admin #0: (Global) YOU SHOULD BE LOGGED OUT BY NOW! IF YOU ARENT YOU WILL BE AUTO KICKED AND YOUR GEAR MAY BE LOST! NO REFUNDS!
﻿21:12:58 : Rcon client logging in
﻿21:12:58 : RCon admin #0 (78.31.67.100:55919) logged in
﻿21:27:58 : RCon admin #0: (Global) BASES MUST BE MAINTAINED VIA THE PLOT POLE AND SAFES USED EVERY 7 DAYS OR THEY MAY BE DELETED!!
﻿21:31:59 : RCon admin #0: (Global) NO PVP WITHIN 200m OF TRADER SAFE ZONES excluding ATMS's. Vehicles left in trader zones will be moved to the vehicle pound
﻿21:57:59 : RCon admin #0: (Global) BASES MUST BE MAINTAINED VIA THE PLOT POLE AND SAFES USED EVERY 7 DAYS OR THEY MAY BE DELETED!!
﻿22:01:59 : RCon admin #0: (Global) NO PVP WITHIN 200m OF TRADER SAFE ZONES excluding ATMS's. Vehicles left in trader zones will be moved to the vehicle pound
﻿22:27:59 : RCon admin #0: (Global) BASES MUST BE MAINTAINED VIA THE PLOT POLE AND SAFES USED EVERY 7 DAYS OR THEY MAY BE DELETED!!
﻿22:31:59 : RCon admin #0: (Global) NO PVP WITHIN 200m OF TRADER SAFE ZONES excluding ATMS's. Vehicles left in trader zones will be moved to the vehicle pound
﻿22:57:59 : RCon admin #0: (Global) BASES MUST BE MAINTAINED VIA THE PLOT POLE AND SAFES USED EVERY 7 DAYS OR THEY MAY BE DELETED!!
﻿23:01:59 : RCon admin #0: (Global) NO PVP WITHIN 200m OF TRADER SAFE ZONES excluding ATMS's. Vehicles left in trader zones will be moved to the vehicle pound
﻿23:02:59 : RCon admin #0: (Global) Server will restart in 10 minutes
﻿23:07:59 : RCon admin #0: (Global) Server will restart in 5 minutes: Prepare to Logout
﻿23:09:59 : RCon admin #0: (Global) The Server is about to restart. LOG OUT NOW OR YOUR GEAR MAY BE LOST!!
﻿23:10:58 : RCon admin #0: (Global) YOU SHOULD BE LOGGED OUT BY NOW! IF YOU ARENT YOU WILL BE AUTO KICKED AND YOUR GEAR MAY BE LOST! NO REFUNDS!
﻿23:13:32 : Rcon client logging in
﻿23:13:32 : RCon admin #0 (78.31.67.100:58423) logged in
﻿23:28:33 : RCon admin #0: (Global) BASES MUST BE MAINTAINED VIA THE PLOT POLE AND SAFES USED EVERY 7 DAYS OR THEY MAY BE DELETED!!
﻿23:32:33 : RCon admin #0: (Global) NO PVP WITHIN 200m OF TRADER SAFE ZONES excluding ATMS's. Vehicles left in trader zones will be moved to the vehicle pound
﻿23:58:33 : RCon admin #0: (Global) BASES MUST BE MAINTAINED VIA THE PLOT POLE AND SAFES USED EVERY 7 DAYS OR THEY MAY BE DELETED!!
