

=====================================================================
== C:\Users\Administrator\Desktop\overpoch\arma2oaserveroverpoch.exe
== "arma2oaserveroverpoch.exe"  -ip=78.31.67.100 -port=6300 -noPause  "-config=instance_11_Chernarus\config.cfg" "-cfg=instance_11_Chernarus\basic.cfg" "-profiles=instance_11_Chernarus" -name=instance_11_Chernarus "-mod=@DayzOverwatch;@DayZ_Epoch;@DayZ_Epoch_Server;"
=====================================================================
Exe timestamp: 2016/12/12 13:39:47
Current time:  2017/02/28 21:17:57

Version 1.63.131129
Item STR_EQUIP_NAME_41 listed twice
Item STR_EQUIP_DESC_41 listed twice
Conflicting addon Monaro in 'holdenmonarocop\', previous definition in 'holdenmonaro\'
File nissan_350z\config.cpp, line 244: '/CfgVehicles/350zBase/Library.libTextDesc': Missing ';' prior '}'
Unsupported language English in stringtable
Unknown entity: 'C inatallations and equipment, fuel and ammunition storage facilities and parked tactical aircraft. The original BS-1 system was designed for the 7.62mm Kalashnikov AKMS assault rifle with PBS-1 silencers. When the Soviet army switched over to 5.45x39mm ammunition, they were replaced with AKS-74UB compact assault rifles with PBS-4 silencers. The original GSN-19 grenade launcher system was slightly reworked, primarily to use different launching ammunition new mounting brackets better suited
Unknown entity: 'C equipment, and then cause enough damage to render the target inoperative. The grenade has no propelling system in itself, instead being launched by special blank cartridges which are loaded into a detachable box magazine.</German>
		<English>From world.guns.ru: &lt'
Unknown entity: 'C inatallations and equipment, fuel and ammunition storage facilities and parked tactical aircraft. The original BS-1 system was designed for the 7.62mm Kalashnikov AKMS assault rifle with PBS-1 silencers. When the Soviet army switched over to 5.45x39mm ammunition, they were replaced with AKS-74UB compact assault rifles with PBS-4 silencers. The original GSN-19 grenade launcher system was slightly reworked, primarily to use different launching ammunition new mounting brackets better suited
Unknown entity: 'C equipment, and then cause enough damage to render the target inoperative. The grenade has no propelling system in itself, instead being launched by special blank cartridges which are loaded into a detachable box magazine.</English>
		<Italian>From world.guns.ru: &lt'
Unknown entity: 'C inatallations and equipment, fuel and ammunition storage facilities and parked tactical aircraft. The original BS-1 system was designed for the 7.62mm Kalashnikov AKMS assault rifle with PBS-1 silencers. When the Soviet army switched over to 5.45x39mm ammunition, they were replaced with AKS-74UB compact assault rifles with PBS-4 silencers. The original GSN-19 grenade launcher system was slightly reworked, primarily to use different launching ammunition new mounting brackets better suited
Unknown entity: 'C equipment, and then cause enough damage to render the target inoperative. The grenade has no propelling system in itself, instead being launched by special blank cartridges which are loaded into a detachable box magazine.</Italian>
		<Spanish>From world.guns.ru: &lt'
Unknown entity: 'C inatallations and equipment, fuel and ammunition storage facilities and parked tactical aircraft. The original BS-1 system was designed for the 7.62mm Kalashnikov AKMS assault rifle with PBS-1 silencers. When the Soviet army switched over to 5.45x39mm ammunition, they were replaced with AKS-74UB compact assault rifles with PBS-4 silencers. The original GSN-19 grenade launcher system was slightly reworked, primarily to use different launching ammunition new mounting brackets better suited
Unknown entity: 'C equipment, and then cause enough damage to render the target inoperative. The grenade has no propelling system in itself, instead being launched by special blank cartridges which are loaded into a detachable box magazine.</Spanish>
		<French>From world.guns.ru: &lt'
Unknown entity: 'C inatallations and equipment, fuel and ammunition storage facilities and parked tactical aircraft. The original BS-1 system was designed for the 7.62mm Kalashnikov AKMS assault rifle with PBS-1 silencers. When the Soviet army switched over to 5.45x39mm ammunition, the AKMS assault rifles with PBS-1 silencer were replaced with AKS-74UB compact assault rifles with PBS-4 silencers. The original GSN-19 grenade launcher system was slightly reworked, primarily to use different launching ammunit
Unknown entity: 'C equipment, and then cause enough damage to render the target inoperative. The grenade has no propelling system in itself, instead being launched by special blank cartridges which are loaded into a detachable box magazine.</French>
		<Czech>From world.guns.ru: &lt'
Unknown entity: 'C inatallations and equipment, fuel and ammunition storage facilities and parked tactical aircraft. The original BS-1 system was designed for the 7.62mm Kalashnikov AKMS assault rifle with PBS-1 silencers. When the Soviet army switched over to 5.45x39mm ammunition, the AKMS assault rifles with PBS-1 silencer were replaced with AKS-74UB compact assault rifles with PBS-4 silencers. The original GSN-19 grenade launcher system was slightly reworked, primarily to use different launching ammunit
Unknown entity: 'C equipment, and then cause enough damage to render the target inoperative. The grenade has no propelling system in itself, instead being launched by special blank cartridges which are loaded into a detachable box magazine.</Czech>
		<Russian>From world.guns.ru: &lt'
Unknown entity: 'C inatallations and equipment, fuel and ammunition storage facilities and parked tactical aircraft. The original BS-1 system was designed for the 7.62mm Kalashnikov AKMS assault rifle with PBS-1 silencers. When the Soviet army switched over to 5.45x39mm ammunition, the AKMS assault rifles with PBS-1 silencer were replaced with AKS-74UB compact assault rifles with PBS-4 silencers. The original GSN-19 grenade launcher system was slightly reworked, primarily to use different launching ammunit
Unknown entity: 'C equipment, and then cause enough damage to render the target inoperative. The grenade has no propelling system in itself, instead being launched by special blank cartridges which are loaded into a detachable box magazine.</Russian>
		<Polish>From world.guns.ru: &lt'
Unknown entity: 'C inatallations and equipment, fuel and ammunition storage facilities and parked tactical aircraft. The original BS-1 system was designed for the 7.62mm Kalashnikov AKMS assault rifle with PBS-1 silencers. When the Soviet army switched over to 5.45x39mm ammunition, the AKMS assault rifles with PBS-1 silencer were replaced with AKS-74UB compact assault rifles with PBS-4 silencers. The original GSN-19 grenade launcher system was slightly reworked, primarily to use different launching ammunit
Unknown entity: 'C equipment, and then cause enough damage to render the target inoperative. The grenade has no propelling system in itself, instead being launched by special blank cartridges which are loaded into a detachable box magazine.</Polish>
		<Hungarian>From world.guns.ru: &lt'
Unknown entity: 'C inatallations and equipment, fuel and ammunition storage facilities and parked tactical aircraft. The original BS-1 system was designed for the 7.62mm Kalashnikov AKMS assault rifle with PBS-1 silencers. When the Soviet army switched over to 5.45x39mm ammunition, the AKMS assault rifles with PBS-1 silencer were replaced with AKS-74UB compact assault rifles with PBS-4 silencers. The original GSN-19 grenade launcher system was slightly reworked, primarily to use different launching ammunit
Unknown entity: 'C equipment, and then cause enough damage to render the target inoperative. The grenade has no propelling system in itself, instead being launched by special blank cartridges which are loaded into a detachable box magazine.</Hungarian>
    </Key>
    <Key ID="STR_VIL_AKS74UB_BS1_SHORT">
      <German>Compact assault rifle with silenced grenade launcher&lt'
Item STR_VIL_DN_BS1 listed twice
Item STR_AUTHOR_VILAS listed twice
Item STR_VIL_EASTERN listed twice
Item STR_VIL_WEAPONS listed twice
Item str_dss_10rnd_vss listed twice
Item str_dss_20rnd_vss listed twice
Item str_dn_20rnd_9x39_sp5_vss listed twice
Item str_dn_ak_107_gl_pso listed twice
Item str_dn_ak_107_kobra listed twice
Item str_dn_M40A3 listed twice
Item str_dn_rpk_74 listed twice
Item str_ep1_dn_fn_fal listed twice
Updating base class ->NonStrategic, by ca\config.bin/CfgVehicles/HouseBase/
Updating base class ->HouseBase, by ca\config.bin/CfgVehicles/Ruins/
Updating base class ->DestructionEffects, by ca\config.bin/CfgVehicles/House/DestructionEffects/
Updating base class ->FlagCarrierCore, by ca\ca_pmc\config.bin/CfgVehicles/FlagCarrier/
Updating base class ->Car, by holdenmonaro\config.bin/CfgVehicles/Car_sedan/
Updating base class ->Man, by nof_fsk\config.cpp/CfgVehicles/CAManBase/
Updating base class ->BulletCore, by ca\weapons\config.bin/CfgAmmo/BulletBase/
Updating base class ->GrenadeCore, by ca\weapons\config.bin/CfgAmmo/GrenadeBase/
Updating base class ->VehicleMagazine, by ca\weapons\config.bin/CfgMagazines/14Rnd_FFAR/
Updating base class ->PistolCore, by ca\weapons\config.bin/cfgWeapons/Pistol/
Updating base class ->Default, by ca\weapons\config.bin/cfgWeapons/GrenadeLauncher/
Updating base class ->RifleCore, by ca\weapons\config.bin/cfgWeapons/Rifle/
Updating base class ->LauncherCore, by ca\weapons\config.bin/cfgWeapons/RocketPods/
Updating base class ->RocketPods, by ca\weapons\config.bin/cfgWeapons/FFARLauncher/
Updating base class ->Default, by ca\weapons\config.bin/cfgWeapons/ItemCore/
Updating base class ->Bag_Base_EP1, by ca\weapons_e\ammoboxes\config.bin/cfgVehicles/US_Patrol_Pack_EP1/
Updating base class ->Bag_Base_EP1, by ca\weapons_e\ammoboxes\config.bin/cfgVehicles/US_Backpack_EP1/
Updating base class ->Bag_Base_EP1, by ca\weapons_e\ammoboxes\config.bin/cfgVehicles/CZ_Backpack_EP1/
Updating base class Man->CAManBase, by ca\characters\config.bin/CfgVehicles/Civilian/
Updating base class TalkTopics->TalkTopics, by bb_mercs_desert\config.bin/CfgVehicles/SoldierWB/TalkTopics/
Updating base class ->USMC_Soldier_Base, by ca\characters2\config.bin/CfgVehicles/USMC_Soldier/
Updating base class ->USMC_Soldier_Base, by ca\characters2\config.bin/CfgVehicles/USMC_Soldier_Light/
Updating base class ->USMC_Soldier_Base, by ca\characters2\config.bin/CfgVehicles/USMC_Soldier2/
Updating base class ->USMC_Soldier_Base, by ca\characters2\config.bin/CfgVehicles/USMC_Soldier_GL/
Updating base class ->USMC_Soldier_Base, by ca\characters2\config.bin/CfgVehicles/USMC_Soldier_Officer/
Updating base class ->USMC_Soldier_Base, by ca\characters2\config.bin/CfgVehicles/USMC_Soldier_SL/
Updating base class ->USMC_Soldier_Base, by ca\characters2\config.bin/CfgVehicles/USMC_Soldier_TL/
Updating base class ->USMC_Soldier_AT_Base, by ca\characters2\config.bin/CfgVehicles/USMC_Soldier_LAT/
Updating base class ->USMC_Soldier_AT_Base, by ca\characters2\config.bin/CfgVehicles/USMC_Soldier_AT/
Updating base class ->USMC_Soldier_AT_Base, by ca\characters2\config.bin/CfgVehicles/USMC_Soldier_HAT/
Updating base class ->USMC_Soldier_AT_Base, by ca\characters2\config.bin/CfgVehicles/USMC_Soldier_AA/
Updating base class ->USMC_Soldier_Base, by ca\characters2\config.bin/CfgVehicles/USMC_Soldier_Medic/
Updating base class ->USMC_Soldier_Base, by ca\characters2\config.bin/CfgVehicles/USMC_Soldier_AR/
Updating base class ->USMC_Soldier_Base, by ca\characters2\config.bin/CfgVehicles/USMC_Soldier_MG/
Updating base class ->USMC_SoldierS_Sniper, by ca\characters2\config.bin/CfgVehicles/USMC_SoldierS_SniperH/
Updating base class ->USMC_Soldier_Base, by ca\characters2\config.bin/CfgVehicles/USMC_SoldierM_Marksman/
Updating base class ->USMC_Soldier_Base, by ca\characters2\config.bin/CfgVehicles/USMC_SoldierS/
Updating base class ->USMC_Soldier_Base, by ca\characters2\config.bin/CfgVehicles/USMC_SoldierS_Engineer/
Updating base class ->FR_Base, by ca\characters2\config.bin/CfgVehicles/FR_TL/
Updating base class ->FR_Base, by ca\characters2\config.bin/CfgVehicles/FR_R/
Updating base class ->FR_Base, by ca\characters2\config.bin/CfgVehicles/FR_Marksman/
Updating base class ->FR_Base, by ca\characters2\config.bin/CfgVehicles/FR_Corpsman/
Updating base class ->FR_Base, by ca\characters2\config.bin/CfgVehicles/FR_AR/
Updating base class ->FR_Base, by ca\characters2\config.bin/CfgVehicles/FR_GL/
Updating base class ->FR_Base, by ca\characters2\config.bin/CfgVehicles/FR_Sapper/
Updating base class ->FR_Base, by ca\characters2\config.bin/CfgVehicles/FR_AC/
Updating base class ->RU_Soldier_Base, by ca\characters2\config.bin/CfgVehicles/RU_Soldier2/
Updating base class Soldier->MVD_Soldier_Base, by ca\characters2\config.bin/CfgVehicles/MVD_Soldier/
Updating base class ->Citizen, by ca\characters2\config.bin/CfgVehicles/Citizen1/
Updating base class ->US_Soldier_Base_EP1, by ca\characters_e\config.bin/CfgVehicles/US_Delta_Force_EP1/
Updating base class ->US_Soldier_Base_EP1, by ca\characters_e\config.bin/CfgVehicles/US_Delta_Force_TL_EP1/
Updating base class ->US_Delta_Force_EP1, by ca\characters_e\config.bin/CfgVehicles/US_Delta_Force_Medic_EP1/
Updating base class ->US_Delta_Force_EP1, by ca\characters_e\config.bin/CfgVehicles/US_Delta_Force_AR_EP1/
Updating base class ->US_Delta_Force_EP1, by ca\characters_e\config.bin/CfgVehicles/US_Delta_Force_Marksman_EP1/
Updating base class ->US_Delta_Force_EP1, by ca\characters_e\config.bin/CfgVehicles/US_Delta_Force_Air_Controller_EP1/
Updating base class ->HMMWV_Base, by ca\wheeled\config.bin/CfgVehicles/HMMWV_M2/
Updating base class ->HMMWV_Base, by ca\wheeled\config.bin/CfgVehicles/HMMWV_TOW/
Updating base class ->HMMWV_Base, by ca\wheeled\config.bin/CfgVehicles/HMMWV_MK19/
Updating base class Car->SkodaBase, by ca\wheeled\config.bin/CfgVehicles/car_sedan/
Updating base class ->Pickup_PK_base, by ca\wheeled\datsun_armed\config.bin/CfgVehicles/Pickup_PK_GUE/
Updating base class ->Offroad_DSHKM_base, by ca\wheeled\hilux_armed\config.bin/CfgVehicles/Offroad_DSHKM_Gue/
Updating base class ->Offroad_DSHKM_base, by ca\wheeled\hilux_armed\config.bin/CfgVehicles/Offroad_SPG9_Gue/
Updating base class ->UH60_Base, by ca\air\config.bin/CfgVehicles/MH60S/
Updating base class ->House, by ca\misc3\config.bin/CfgVehicles/Land_Fire/
Updating base class ->House, by ca\misc3\config.bin/CfgVehicles/Land_A_tent/
Updating base class ->Camp_base, by ca\misc3\config.bin/CfgVehicles/ACamp/
Updating base class ->Car, by ca\wheeled2\lada\config.bin/CfgVehicles/Lada_base/
Updating base class StreetLamp_EP1->StreetLamp, by z\addons\dayz_code\config.bin/CfgNonAIVehicles/Land_Lamp_Small_EP1/
Updating base class StreetLamp_EP1->StreetLamp, by z\addons\dayz_code\config.bin/CfgNonAIVehicles/Land_Lamp_Street1_EP1/
Updating base class StreetLamp_EP1->StreetLamp, by z\addons\dayz_code\config.bin/CfgNonAIVehicles/Land_Lamp_Street2_EP1/
Updating base class StreetLamp_EP1->StreetLamp, by z\addons\dayz_code\config.bin/CfgNonAIVehicles/Land_Lampa_Ind_EP1/
Updating base class StreetLamp_EP1->StreetLamp, by z\addons\dayz_code\config.bin/CfgNonAIVehicles/Land_PowLines_Conc2L_EP1/
Updating base class StreetLamp_BaseMediumOrange->StreetLamp, by z\addons\dayz_code\config.bin/CfgNonAIVehicles/Land_lampa_sidl/
Updating base class StreetLamp_BaseMediumOrange->StreetLamp, by z\addons\dayz_code\config.bin/CfgNonAIVehicles/Land_lampa_sidl_2/
Updating base class StreetLamp_BaseMediumOrange->StreetLamp, by z\addons\dayz_code\config.bin/CfgNonAIVehicles/Land_lampa_sidl_3/
Updating base class StreetLamp_BaseWeakYellow->StreetLamp, by z\addons\dayz_code\config.bin/CfgNonAIVehicles/Land_lampa_ind/
Updating base class StreetLamp_BaseWeakYellow->StreetLamp, by z\addons\dayz_code\config.bin/CfgNonAIVehicles/Land_lampa_ind_zebr/
Updating base class RscStandardDisplay->, by z\addons\dayz_code\config.bin/RscDisplayStart/
Updating base class RscShortcutButton->RscShortcutButtonMain, by z\addons\dayz_code\config.bin/RscDisplayMain/controls/CA_Exit/
Updating base class RscText->, by z\addons\dayz_code\config.bin/RscTitles/Default/
Updating base class zZombie_Base->zZombie_new_Base, by z\addons\dayz_code\config.bin/CfgVehicles/z_villager1/
Updating base class zZombie_Base->zZombie_new_Base, by z\addons\dayz_code\config.bin/CfgVehicles/z_worker1/
Updating base class Soldier_Crew_PMC->Soldier_Bodyguard_M4_PMC, by z\addons\dayz_code\config.bin/CfgVehicles/SurvivorW2_DZ/
Updating base class HighCommand->Logic, by z\addons\dayz_code\config.bin/CfgVehicles/HighCommandSubordinate/
Updating base class ->ViewOptics, by z\addons\dayz_code\config.bin/CfgVehicles/Mi17_base/Turrets/MainTurret/ViewOptics/
Updating base class HouseBase->, by z\addons\dayz_code\config.bin/CfgVehicles/House/
Updating base class NonStrategic->BuiltItems, by z\addons\dayz_code\config.bin/CfgVehicles/Fort_RazorWire/
Updating base class MeleeHatchet->MeleeWeapon, by z\addons\dayz_code\config.bin/CfgWeapons/MeleeCrowbar/
Updating base class Default->OW_Nope, by z\addons\dayz_code\config.bin/CfgFaces/Man/Merc_Face1/
Updating base class Default->OW_Nope, by z\addons\dayz_code\config.bin/CfgFaces/Man/Merc_Face2/
Updating base class Default->OW_Nope, by z\addons\dayz_code\config.bin/CfgFaces/Man/Merc_Face3/
Updating base class Default->OW_Nope, by z\addons\dayz_code\config.bin/CfgFaces/Man/Merc_Face4/
Updating base class Default->OW_Nope, by z\addons\dayz_code\config.bin/CfgFaces/Man/Merc_Face5/
Updating base class Default->OW_Nope, by z\addons\dayz_code\config.bin/CfgFaces/Man/Merc_Face5_camo/
Updating base class Default->OW_Nope, by z\addons\dayz_code\config.bin/CfgFaces/Man/Merc_Face6/
Updating base class Default->OW_Nope, by z\addons\dayz_code\config.bin/CfgFaces/Man/Merc_Face6_camo/
Updating base class Default->OW_Nope, by z\addons\dayz_code\config.bin/CfgFaces/Man/Merc_Face7/
Updating base class Default->OW_Nope, by z\addons\dayz_code\config.bin/CfgFaces/Man/Merc_Face8/
Updating base class Default->OW_Nope, by z\addons\dayz_code\config.bin/CfgFaces/Man/Merc_Face8_camo/
Updating base class Default->OW_Nope, by z\addons\dayz_code\config.bin/CfgFaces/Man/Merc_Face9/
Updating base class Default->OW_Nope, by z\addons\dayz_code\config.bin/CfgFaces/Man/Merc_Face10/
Updating base class Default->OW_Nope, by z\addons\dayz_code\config.bin/CfgFaces/Man/Merc_Face11/
Updating base class Default->OW_Nope, by z\addons\dayz_code\config.bin/CfgFaces/Man/Merc_Face12/
Updating base class Default->OW_Nope, by z\addons\dayz_code\config.bin/CfgFaces/Man/Merc_Face13/
Updating base class Default->OW_Nope, by z\addons\dayz_code\config.bin/CfgFaces/Man/Merc_Face13_camo/
Updating base class Default->OW_Nope, by z\addons\dayz_code\config.bin/CfgFaces/Man/Merc_Face14/
Updating base class Default->OW_Nope, by z\addons\dayz_code\config.bin/CfgFaces/Man/Merc_Face15/
Updating base class Default->OW_Nope, by z\addons\dayz_code\config.bin/CfgFaces/Man/Merc_Face16/
Updating base class Default->OW_Nope, by z\addons\dayz_code\config.bin/CfgFaces/Man/Merc_Face17/
Updating base class Default->OW_Nope, by z\addons\dayz_code\config.bin/CfgFaces/Man/Merc_Face18/
Updating base class Default->OW_Nope, by z\addons\dayz_code\config.bin/CfgFaces/Man/Merc_Face19/
Updating base class Default->OW_Nope, by z\addons\dayz_code\config.bin/CfgFaces/Man/Merc_Face20/
Updating base class Default->OW_Nope, by z\addons\dayz_code\config.bin/CfgFaces/Man/Merc_Face21/
Updating base class Default->OW_Nope, by z\addons\dayz_code\config.bin/CfgFaces/Man/Merc_Face22/
Updating base class Default->OW_Nope, by z\addons\dayz_code\config.bin/CfgFaces/Man/Merc_Face23/
Updating base class Default->OW_Nope, by z\addons\dayz_code\config.bin/CfgFaces/Man/Merc_Face24/
Updating base class Default->OW_Nope, by z\addons\dayz_code\config.bin/CfgFaces/Man/Merc_Face25/
Updating base class Default->OW_Nope, by z\addons\dayz_code\config.bin/CfgFaces/Man/Merc_Face26/
Updating base class ->OW_Nope, by z\addons\dayz_code\config.bin/CfgFaces/Man/Merc_Face27/
Updating base class ->OW_Nope, by z\addons\dayz_code\config.bin/CfgFaces/Man/Merc_Face28/
Updating base class Default->OW_Nope, by z\addons\dayz_code\config.bin/CfgFaces/Man/Merc_Face29/
Updating base class Default->OW_Nope, by z\addons\dayz_code\config.bin/CfgFaces/Man/Merc_Face30/
Updating base class Default->OW_Nope, by z\addons\dayz_code\config.bin/CfgFaces/Man/Merc_Face31/
Updating base class Default->OW_Nope, by z\addons\dayz_code\config.bin/CfgFaces/Man/Merc_Face32/
Updating base class Default->OW_Nope, by z\addons\dayz_code\config.bin/CfgFaces/Man/Merc_Face33/
Updating base class ->None, by z\addons\dayz_code\config.bin/CfgGlasses/Pro_Helmet/
Updating base class ->None, by z\addons\dayz_code\config.bin/CfgGlasses/Pro_Helmet_g/
Updating base class ->None, by z\addons\dayz_code\config.bin/CfgGlasses/Pro_Helmet_2/
Updating base class ->None, by z\addons\dayz_code\config.bin/CfgGlasses/Kevlar_Helmet/
Updating base class ->None, by z\addons\dayz_code\config.bin/CfgGlasses/Kevlar_Helmet_g/
Updating base class ->None, by z\addons\dayz_code\config.bin/CfgGlasses/wdl_helmet/
Updating base class ->None, by z\addons\dayz_code\config.bin/CfgGlasses/Barett/
Updating base class ->None, by z\addons\dayz_code\config.bin/CfgGlasses/US_green_beret/
Updating base class ->None, by z\addons\dayz_code\config.bin/CfgGlasses/US_black_beret/
Updating base class ->None, by z\addons\dayz_code\config.bin/CfgGlasses/Barett_g/
Updating base class ->None, by z\addons\dayz_code\config.bin/CfgGlasses/Bdu_cap/
Updating base class ->None, by z\addons\dayz_code\config.bin/CfgGlasses/Bdu_cap_g/
Updating base class ->None, by z\addons\dayz_code\config.bin/CfgGlasses/b_TacticalGlasses/
Updating base class ->None, by z\addons\dayz_code\config.bin/CfgGlasses/headset/
Updating base class ->None, by z\addons\dayz_code\config.bin/CfgGlasses/headset_g/
Updating base class ->None, by z\addons\dayz_code\config.bin/CfgGlasses/gasmask/
Updating base class ->None, by z\addons\dayz_code\config.bin/CfgGlasses/gasmask2/
Updating base class ->None, by z\addons\dayz_code\config.bin/CfgGlasses/gasmask_helmet/
Updating base class ->None, by z\addons\dayz_code\config.bin/CfgGlasses/gasmask_red/
Updating base class ->None, by z\addons\dayz_code\config.bin/CfgGlasses/gasmask_helmet2/
Updating base class ->None, by z\addons\dayz_code\config.bin/CfgGlasses/pilot_mask/
Updating base class ->None, by z\addons\dayz_code\config.bin/CfgGlasses/pilot_mask_v/
Updating base class ->None, by z\addons\dayz_code\config.bin/CfgGlasses/pilot_v/
Updating base class ->None, by z\addons\dayz_code\config.bin/CfgGlasses/skull_cap/
Updating base class ->None, by z\addons\dayz_code\config.bin/CfgGlasses/skull_cap2/
Updating base class ->None, by z\addons\dayz_code\config.bin/CfgGlasses/taliban_hat_shadow/
Updating base class ->None, by z\addons\dayz_code\config.bin/CfgGlasses/dive_mask/
Updating base class ->None, by z\addons\dayz_code\config.bin/CfgGlasses/BlackSun_sof_w/
Updating base class ->None, by z\addons\dayz_code\config.bin/CfgGlasses/RedSun_sof_w/
Updating base class ->None, by z\addons\dayz_code\config.bin/CfgGlasses/None_sof_w/
Updating base class ->None, by z\addons\dayz_code\config.bin/CfgGlasses/goggles_winter/
Updating base class VehicleMagazine->CA_Magazine, by z\addons\dayz_code\config.bin/CfgMagazines/29Rnd_30mm_AGS30/
Updating base class VehicleMagazine->CA_Magazine, by z\addons\dayz_code\config.bin/CfgMagazines/48Rnd_40mm_MK19/
Updating base class 4000Rnd_762x51_M134->CA_Magazine, by z\addons\dayz_code\config.bin/CfgMagazines/2000Rnd_762x51_M134/
Updating base class VehicleMagazine->CA_Magazine, by z\addons\dayz_code\config.bin/CfgMagazines/100Rnd_127x99_M2/
Updating base class VehicleMagazine->CA_Magazine, by z\addons\dayz_code\config.bin/CfgMagazines/50Rnd_127x107_DSHKM/
Updating base class Hatchet_Swing->Melee_Swing, by z\addons\dayz_code\config.bin/CfgMagazines/crowbar_swing/
Updating base class CA_Magazine->Melee_Swing, by z\addons\dayz_code\config.bin/CfgMagazines/Hatchet_Swing/
Updating base class Land_HouseV_1I2->House, by zero_buildings\config.cpp/CfgVehicles/Land_HouseV_1L2/
Updating base class Land_HouseV_1I2->House, by zero_buildings\config.cpp/CfgVehicles/Land_HouseV_3I3/
Updating base class ->Plane, by ca\air2\mv22\config.bin/CfgVehicles/MV22/
Updating base class ViewOptics->, by ca\air2\uh1y\config.bin/CfgVehicles/UH1_Base/Turrets/MainTurret/ViewOptics/
Updating base class ->HouseBase, by ca\misc_e\config.bin/CfgVehicles/House/
Updating base class ->Land_CamoNet_EAST, by ca\misc_e\config.bin/CfgVehicles/Land_CamoNet_EAST_EP1/
Updating base class ->Land_CamoNetB_EAST, by ca\misc_e\config.bin/CfgVehicles/Land_CamoNetB_EAST_EP1/
Updating base class ->Sign_1L_Noentry, by ca\misc_e\config.bin/CfgVehicles/Sign_1L_Noentry_EP1/
Updating base class ->Sign_circle, by ca\misc_e\config.bin/CfgVehicles/Helper_Base_EP1/
Updating base class ->Rifle, by ca\weapons_baf\config.bin/cfgWeapons/BAF_AS50_scoped/
Updating base class ->Rifle, by ca\weapons_e\config.bin/cfgWeapons/M60A4_EP1/
Updating base class ->M249, by ca\weapons_e\config.bin/cfgWeapons/M249_EP1/
Updating base class ->M249, by ca\weapons_e\config.bin/cfgWeapons/M249_m145_EP1/
Updating base class ->m107, by ca\weapons_e\m107\config.bin/CfgWeapons/m107_TWS_EP1/
Updating base class ->M240, by ca\weapons_e\m240\config.bin/CfgWeapons/m240_scoped_EP1/
Updating base class ->V3S_Base, by ca\wheeled_e\v3s\config.bin/CfgVehicles/V3S_Base_EP1/
Updating base class ->V3S_Base_EP1, by ca\wheeled_e\v3s\config.bin/CfgVehicles/V3S_Refuel_TK_GUE_EP1/
Updating base class AKS_BASE->AK_BASE, by vilas_aks_cfg\config.cpp/cfgWeapons/AKS_74_UN_kobra/
Updating base class House->DZE_OpenHouse, by warehouse\config.bin/CfgVehicles/Land_Ind_Pec_03/
Updating base class ->C130J_base, by ca\air_e\config.bin/CfgVehicles/C130J_US_EP1/
Updating base class ->Helicopter, by ca\air_e\ah6j\config.bin/CfgVehicles/AH6_Base_EP1/
Updating base class ->Plane, by ca\air_e\an2\config.bin/CfgVehicles/An2_Base_EP1/
Updating base class ->CH47_base_EP1, by ca\air_e\ch47\config.bin/CfgVehicles/CH_47F_EP1/
Updating base class ViewOptics->, by ca\air_e\uh1h\config.bin/CfgVehicles/UH1H_base/Turrets/MainTurret/ViewOptics/
Updating base class ->Soldier_Base_PMC, by ca\characters_pmc\config.bin/cfgVehicles/Soldier_Crew_PMC/
Updating base class ->Soldier_Base_PMC, by ca\characters_pmc\config.bin/cfgVehicles/Soldier_TL_PMC/
Updating base class ->Soldier_Base_PMC, by ca\characters_pmc\config.bin/cfgVehicles/Soldier_Bodyguard_M4_PMC/
Updating base class ->Soldier_Base_PMC, by ca\characters_pmc\config.bin/cfgVehicles/Soldier_Bodyguard_AA12_PMC/
Updating base class ->BAF_Soldier_MTP, by ca\characters_w_baf\config.bin/CfgVehicles/BAF_Soldier_W/
Updating base class ->BAF_Soldier_L_MTP, by ca\characters_w_baf\config.bin/CfgVehicles/BAF_Soldier_L_W/
Updating base class ->BAF_Soldier_Officer_MTP, by ca\characters_w_baf\config.bin/CfgVehicles/BAF_Soldier_Officer_W/
Updating base class ->BAF_Soldier_SniperH_MTP, by ca\characters_w_baf\config.bin/CfgVehicles/BAF_Soldier_SniperH_W/
Updating base class ->M113Ambul_Base, by ca\tracked_e\m113\config.bin/CfgVehicles/M113Ambul_UN_EP1/
Updating base class ->M113_Base, by ca\tracked_e\m113\config.bin/CfgVehicles/M113_UN_EP1/
Updating base class ->M113Ambul_Base, by ca\tracked_e\m113\config.bin/CfgVehicles/M113Ambul_TK_EP1/
Updating base class ->M113_Base, by ca\tracked_e\m113\config.bin/CfgVehicles/M113_TK_EP1/
Updating base class ->Helicopter, by ca\air_d_baf\config.bin/CfgVehicles/BAF_Merlin_HC3_D/
Updating base class AK_BASE->AKS_BASE, by ca\communityconfigurationproject_e\ai_madeaks74unkobrafullysilenced\config.bin/CfgWeapons/AKS_74_UN_kobra/
Updating base class ReammoBox->Small_items, by corepatch\corepatch_additionalobjects\config.cpp/CfgVehicles/CardboardBox/
Updating base class ->Mode_FullAuto, by corepatch\corepatch_ccp_68220\config.cpp/CfgWeapons/G36a/FullAuto/
Updating base class ->Mode_SemiAuto, by corepatch\corepatch_ccp_68220\config.cpp/CfgWeapons/G36a/Single/
Updating base class CA_Magazine->4000Rnd_762x51_M134, by corepatch\corepatch_ccp_71142_cit_13602_25047\config.cpp/CfgMagazines/2000Rnd_762x51_M134/
21:18:02 Initializing Steam server - Game Port: 6300, Steam Query Port: 6301
21:18:03 Connected to Steam servers
21:18:10 Server error: Player without identity Ziltoid (id 231029250)
21:18:10 Server error: Player without identity Ziltoid (id 231029250)
21:18:10 Server error: Player without identity Ziltoid (id 231029250)
21:18:10 Server error: Player without identity Ziltoid (id 231029250)
21:18:10 Server error: Player without identity Ziltoid (id 231029250)
21:18:10 Server error: Player without identity Ziltoid (id 231029250)
21:18:10 Server error: Player without identity Ziltoid (id 231029250)
21:18:10 Server error: Player without identity Ziltoid (id 231029250)
21:18:10 Server error: Player without identity Ziltoid (id 231029250)
21:18:10 Server error: Player without identity Ziltoid (id 231029250)
21:18:10 Server error: Player without identity Ziltoid (id 231029250)
21:18:10 Server error: Player without identity Ziltoid (id 231029250)
21:18:10 Server error: Player without identity Ziltoid (id 231029250)
21:18:10 Server error: Player without identity Ziltoid (id 231029250)
21:18:10 Server error: Player without identity Ziltoid (id 231029250)
21:18:10 Server error: Player without identity Ziltoid (id 231029250)
21:18:10 Server error: Player without identity Ziltoid (id 231029250)
21:18:10 Server error: Player without identity Ziltoid (id 231029250)
21:18:10 Server error: Player without identity Ziltoid (id 231029250)
21:18:10 Server error: Player without identity Ziltoid (id 231029250)
21:18:10 Server error: Player without identity Ziltoid (id 231029250)
21:18:17 Strange convex component81 in zero_buildings\models\housev_3i3_i.p3d:geometryFire
21:18:18 Strange convex component288 in warehouse\models\warehouse.p3d:geometry
21:18:18 Strange convex component289 in warehouse\models\warehouse.p3d:geometry
21:18:18 Strange convex component290 in warehouse\models\warehouse.p3d:geometry
21:18:18 Strange convex component291 in warehouse\models\warehouse.p3d:geometry
21:18:18 Strange convex component292 in warehouse\models\warehouse.p3d:geometry
21:18:18 Strange convex component293 in warehouse\models\warehouse.p3d:geometry
21:18:18 Strange convex component294 in warehouse\models\warehouse.p3d:geometry
21:18:18 Strange convex component295 in warehouse\models\warehouse.p3d:geometry
21:18:18 Strange convex component296 in warehouse\models\warehouse.p3d:geometry
21:18:18 Strange convex component297 in warehouse\models\warehouse.p3d:geometry
21:18:18 Strange convex component298 in warehouse\models\warehouse.p3d:geometry
21:18:18 Strange convex component299 in warehouse\models\warehouse.p3d:geometry
21:18:18 Strange convex component300 in warehouse\models\warehouse.p3d:geometry
21:18:18 Strange convex component301 in warehouse\models\warehouse.p3d:geometry
21:18:18 Strange convex component302 in warehouse\models\warehouse.p3d:geometry
21:18:18 Strange convex component303 in warehouse\models\warehouse.p3d:geometry
21:18:18 Strange convex component304 in warehouse\models\warehouse.p3d:geometry
21:18:18 Strange convex component305 in warehouse\models\warehouse.p3d:geometry
21:18:18 Strange convex component306 in warehouse\models\warehouse.p3d:geometry
21:18:18 Strange convex component307 in warehouse\models\warehouse.p3d:geometry
21:18:18 Strange convex component308 in warehouse\models\warehouse.p3d:geometry
21:18:18 Strange convex component309 in warehouse\models\warehouse.p3d:geometry
21:18:18 Strange convex component310 in warehouse\models\warehouse.p3d:geometry
21:18:18 Strange convex component311 in warehouse\models\warehouse.p3d:geometry
21:18:18 Strange convex component312 in warehouse\models\warehouse.p3d:geometry
21:18:18 Strange convex component313 in warehouse\models\warehouse.p3d:geometry
21:18:18 Strange convex component314 in warehouse\models\warehouse.p3d:geometry
21:18:18 Strange convex component315 in warehouse\models\warehouse.p3d:geometry
21:18:18 Strange convex component316 in warehouse\models\warehouse.p3d:geometry
21:18:18 Strange convex component317 in warehouse\models\warehouse.p3d:geometry
21:18:18 Strange convex component252 in warehouse\models\warehouse.p3d:geometryFire
21:18:18 Strange convex component253 in warehouse\models\warehouse.p3d:geometryFire
21:18:18 Strange convex component254 in warehouse\models\warehouse.p3d:geometryFire
21:18:18 Strange convex component255 in warehouse\models\warehouse.p3d:geometryFire
21:18:18 Strange convex component256 in warehouse\models\warehouse.p3d:geometryFire
21:18:18 Strange convex component257 in warehouse\models\warehouse.p3d:geometryFire
21:18:18 Strange convex component258 in warehouse\models\warehouse.p3d:geometryFire
21:18:18 Strange convex component259 in warehouse\models\warehouse.p3d:geometryFire
21:18:18 Strange convex component260 in warehouse\models\warehouse.p3d:geometryFire
21:18:18 Strange convex component261 in warehouse\models\warehouse.p3d:geometryFire
21:18:18 Strange convex component262 in warehouse\models\warehouse.p3d:geometryFire
21:18:18 Strange convex component263 in warehouse\models\warehouse.p3d:geometryFire
21:18:18 Strange convex component264 in warehouse\models\warehouse.p3d:geometryFire
21:18:18 Strange convex component265 in warehouse\models\warehouse.p3d:geometryFire
21:18:18 Strange convex component266 in warehouse\models\warehouse.p3d:geometryFire
21:18:18 Strange convex component267 in warehouse\models\warehouse.p3d:geometryFire
21:18:18 Strange convex component268 in warehouse\models\warehouse.p3d:geometryFire
21:18:18 Strange convex component269 in warehouse\models\warehouse.p3d:geometryFire
21:18:18 Strange convex component270 in warehouse\models\warehouse.p3d:geometryFire
21:18:18 Strange convex component271 in warehouse\models\warehouse.p3d:geometryFire
21:18:18 Strange convex component272 in warehouse\models\warehouse.p3d:geometryFire
21:18:18 Strange convex component273 in warehouse\models\warehouse.p3d:geometryFire
21:18:18 Strange convex component274 in warehouse\models\warehouse.p3d:geometryFire
21:18:18 Strange convex component275 in warehouse\models\warehouse.p3d:geometryFire
21:18:18 Strange convex component276 in warehouse\models\warehouse.p3d:geometryFire
21:18:18 Strange convex component277 in warehouse\models\warehouse.p3d:geometryFire
21:18:18 Strange convex component278 in warehouse\models\warehouse.p3d:geometryFire
21:18:18 Strange convex component279 in warehouse\models\warehouse.p3d:geometryFire
21:18:18 Strange convex component280 in warehouse\models\warehouse.p3d:geometryFire
21:18:18 Strange convex component281 in warehouse\models\warehouse.p3d:geometryFire
21:18:18 Strange convex component249 in warehouse\models\warehouse.p3d:geometryView
21:18:18 Strange convex component250 in warehouse\models\warehouse.p3d:geometryView
21:18:18 Strange convex component251 in warehouse\models\warehouse.p3d:geometryView
21:18:18 Strange convex component252 in warehouse\models\warehouse.p3d:geometryView
21:18:18 Strange convex component253 in warehouse\models\warehouse.p3d:geometryView
21:18:18 Strange convex component254 in warehouse\models\warehouse.p3d:geometryView
21:18:18 Strange convex component255 in warehouse\models\warehouse.p3d:geometryView
21:18:18 Strange convex component256 in warehouse\models\warehouse.p3d:geometryView
21:18:18 Strange convex component257 in warehouse\models\warehouse.p3d:geometryView
21:18:18 Strange convex component258 in warehouse\models\warehouse.p3d:geometryView
21:18:18 Strange convex component259 in warehouse\models\warehouse.p3d:geometryView
21:18:18 Strange convex component260 in warehouse\models\warehouse.p3d:geometryView
21:18:18 Strange convex component261 in warehouse\models\warehouse.p3d:geometryView
21:18:18 Strange convex component262 in warehouse\models\warehouse.p3d:geometryView
21:18:18 Strange convex component263 in warehouse\models\warehouse.p3d:geometryView
21:18:18 Strange convex component264 in warehouse\models\warehouse.p3d:geometryView
21:18:18 Strange convex component265 in warehouse\models\warehouse.p3d:geometryView
21:18:18 Strange convex component266 in warehouse\models\warehouse.p3d:geometryView
21:18:18 Strange convex component267 in warehouse\models\warehouse.p3d:geometryView
21:18:18 Strange convex component268 in warehouse\models\warehouse.p3d:geometryView
21:18:18 Strange convex component269 in warehouse\models\warehouse.p3d:geometryView
21:18:18 Strange convex component270 in warehouse\models\warehouse.p3d:geometryView
21:18:18 Strange convex component271 in warehouse\models\warehouse.p3d:geometryView
21:18:18 Strange convex component272 in warehouse\models\warehouse.p3d:geometryView
21:18:18 Strange convex component273 in warehouse\models\warehouse.p3d:geometryView
21:18:18 Strange convex component274 in warehouse\models\warehouse.p3d:geometryView
21:18:18 Strange convex component275 in warehouse\models\warehouse.p3d:geometryView
21:18:18 Strange convex component276 in warehouse\models\warehouse.p3d:geometryView
21:18:18 Strange convex component277 in warehouse\models\warehouse.p3d:geometryView
21:18:18 Strange convex component278 in warehouse\models\warehouse.p3d:geometryView
21:18:20 "DayZ Epoch: PRELOAD Functions\init [[<No group>:0 (FunctionsManager)],any]"
21:18:20 "DayZ Epoch: MPframework inited"
21:18:20 "Loading Server Options"
21:18:20 "infiSTAR.de - Waiting for BIS_fnc_init..."
21:18:21 Strange convex component93 in zero_buildings\models\mil_house_i.p3d:geometryView
21:18:21 Strange convex component94 in zero_buildings\models\mil_house_i.p3d:geometryView
21:18:21 Strange convex component95 in zero_buildings\models\mil_house_i.p3d:geometryView
21:18:21 Strange convex component96 in zero_buildings\models\mil_house_i.p3d:geometryView
21:18:21 Strange convex component99 in zero_buildings\models\mil_house_i.p3d:geometryView
21:18:21 Strange convex component100 in zero_buildings\models\mil_house_i.p3d:geometryView
21:18:21 Strange convex component101 in zero_buildings\models\mil_house_i.p3d:geometryView
21:18:21 Strange convex component102 in zero_buildings\models\mil_house_i.p3d:geometryView
21:18:21 Strange convex component103 in zero_buildings\models\mil_house_i.p3d:geometryView
21:18:21 Strange convex component104 in zero_buildings\models\mil_house_i.p3d:geometryView
21:18:21 Strange convex component105 in zero_buildings\models\mil_house_i.p3d:geometryView
21:18:21 Strange convex component106 in zero_buildings\models\mil_house_i.p3d:geometryView
21:18:21 Strange convex component107 in zero_buildings\models\mil_house_i.p3d:geometryView
21:18:21 Strange convex component108 in zero_buildings\models\mil_house_i.p3d:geometryView
21:18:21 Strange convex component109 in zero_buildings\models\mil_house_i.p3d:geometryView
21:18:21 Strange convex component110 in zero_buildings\models\mil_house_i.p3d:geometryView
21:18:21 Strange convex component111 in zero_buildings\models\mil_house_i.p3d:geometryView
21:18:21 Strange convex component112 in zero_buildings\models\mil_house_i.p3d:geometryView
21:18:21 Strange convex component113 in zero_buildings\models\mil_house_i.p3d:geometryView
21:18:21 Strange convex component114 in zero_buildings\models\mil_house_i.p3d:geometryView
21:18:21 Strange convex component115 in zero_buildings\models\mil_house_i.p3d:geometryView
21:18:21 Strange convex component116 in zero_buildings\models\mil_house_i.p3d:geometryView
21:18:21 Strange convex component117 in zero_buildings\models\mil_house_i.p3d:geometryView
21:18:21 Strange convex component118 in zero_buildings\models\mil_house_i.p3d:geometryView
21:18:21 Strange convex component119 in zero_buildings\models\mil_house_i.p3d:geometryView
21:18:21 Strange convex component120 in zero_buildings\models\mil_house_i.p3d:geometryView
21:18:21 Strange convex component121 in zero_buildings\models\mil_house_i.p3d:geometryView
21:18:21 Strange convex component122 in zero_buildings\models\mil_house_i.p3d:geometryView
21:18:21 Strange convex component123 in zero_buildings\models\mil_house_i.p3d:geometryView
21:18:21 Strange convex component124 in zero_buildings\models\mil_house_i.p3d:geometryView
21:18:21 Strange convex component125 in zero_buildings\models\mil_house_i.p3d:geometryView
21:18:21 Strange convex component126 in zero_buildings\models\mil_house_i.p3d:geometryView
21:18:21 Strange convex component127 in zero_buildings\models\mil_house_i.p3d:geometryView
21:18:21 Strange convex component128 in zero_buildings\models\mil_house_i.p3d:geometryView
21:18:21 Strange convex component129 in zero_buildings\models\mil_house_i.p3d:geometryView
21:18:21 Strange convex component130 in zero_buildings\models\mil_house_i.p3d:geometryView
21:18:21 Strange convex component131 in zero_buildings\models\mil_house_i.p3d:geometryView
21:18:21 Strange convex component132 in zero_buildings\models\mil_house_i.p3d:geometryView
21:18:21 Strange convex component133 in zero_buildings\models\mil_house_i.p3d:geometryView
21:18:21 Strange convex component134 in zero_buildings\models\mil_house_i.p3d:geometryView
21:18:23 "infiSTAR.de - BIS_fnc_init done - AntiHack STARTING...!"
21:18:23 Warning Message: Script low_admins.sqf not found
21:18:23 Warning Message: Script normal_admins.sqf not found
21:18:23 Warning Message: Script super_admins.sqf not found
21:18:23 Warning Message: Script blacklist.sqf not found
21:18:23 "infiSTAR.de - iproductVersion: 27-Jun-2016 15-16-24-v1431A | Server productVersion: ["ArmA 2 OA","ArmA2OA",163,131129] | worldName: Chernarus | dayz_instance: 11 | missionName: DayZ_Epoch_11"
21:18:23 "infiSTAR.de - _fnc_RandomGen: {
_abc = ['z','y','x','w','v','u','t','s','r','q','p','o','n','m','l','k','j','i','h','g','f','e','d','c','b','a'];
_gen = _abc select (random ((count _abc)-1));
_arr = ['6','U','1','l','w','q','e','L','Q','c','1','c','k','H','D','C','d','U','X','W','8','w','Q','e','X','T','j','b','h','M'];
for '_i' from 0 to (8+(round(random 3))) do {_gen = _gen + str(round(random 9)) + (_arr select (random ((count _arr)-1)));};
_gen
}"
21:18:23 "infiSTAR.de - _simple: q3w6w3C3D3W817X884X8T7w1e"
21:18:23 "infiSTAR.de - _dialogIds: e3W815H281e0Q288H2U0j"
21:18:23 "infiSTAR.de - _badtxts: i0q3T6U4c7H0X7U5k61564Q"
21:18:23 "infiSTAR.de - _randvar1: c819U5c117T016L8w7Q41"
21:18:23 "infiSTAR.de - _randvar2: n1c5q6D3w9X98587l4e"
21:18:23 "infiSTAR.de - _randvar0: h1Q4c310q9j3X8e2C7e"
21:18:23 "infiSTAR.de - _randvar3: f210l1C2l2X0W3Q815w7Q6e4T"
21:18:23 "infiSTAR.de - _randvar4: s5Q9e517H5w681c0L71113W8D"
21:18:23 "infiSTAR.de - _randvar5: u3Q0Q4U6w186H8q4C8w8w"
21:18:23 "infiSTAR.de - _randvar6: z8Q6M5e5D3X4w0Q1M6k8U7j"
21:18:23 "infiSTAR.de - _randvar8: x1w0w8W2q4j8c1D1H4C2H6w"
21:18:23 "infiSTAR.de - _randvar11: e364Q8c9b2W2L5e113q5U5H"
21:18:23 "infiSTAR.de - _randvar12: k5q5e8c786k7w6d5l2b2D"
21:18:23 "infiSTAR.de - _randvar13: d2e5X8U3D8c5H2c7w1W6Q"
21:18:23 "infiSTAR.de - _randvar19: k9H8h8c6w3k3X8c8D1d2b6D"
21:18:23 "infiSTAR.de - _randvar20: m1C2T1w3c2U4Q4w6X0e"
21:18:23 "infiSTAR.de - _randvar27: j2U410w2T6M5L2X7C8C2D"
21:18:23 "infiSTAR.de - _randvar26: l7d4Q2d2c3Q4L1q7U3X6c"
21:18:23 "infiSTAR.de - _randvar25: x5j688l0X2d6w4C8W7Q8U3H"
21:18:23 "infiSTAR.de - _randvar31: x6Q7H4d6e3w1Q6j3e1b116e"
21:18:23 "infiSTAR.de - _randvar32: s2Q885b2X0e4d116Q2M1h2M"
21:18:23 "infiSTAR.de - _randvar33: l6X3w6j3U3b4w112U1w6T"
21:18:23 "infiSTAR.de - _randvar34: t8d2M5k1U6w588C5Q98"
21:18:23 "infiSTAR.de - _randvar35: o6w4T514T2Q7L1l8e8h1L2l"
21:18:23 "infiSTAR.de - _randvar36: w3e7j6C2U7D2e2U0q6H"
21:18:23 "infiSTAR.de - _randvar327537: k6L2w2b7D9X1U6e5H7C9h4Q36"
21:18:23 "infiSTAR.de - _randvar38: x3c2j3U7Q6X6k8q9C7h9Q"
21:18:23 "infiSTAR.de - _randvar39: s1l4h462Q6Q3e8M7l28"
21:18:23 "infiSTAR.de - _clickOnMapTimer: w7c9c1L6U519w6U6C6W4j3X3U"
21:18:23 "infiSTAR.de - _clickOnMapCaught: s5e5k1w9U5w811w9Q8C514e6b"
21:18:23 "infiSTAR.de - _fnc_handlerandvar10: m7h4k9X461Q5j2w2c8U6U9j"
21:18:23 "infiSTAR.de - _remark: u0C8X5T1D0l7e8d0T8Q6L5L"
21:18:23 "infiSTAR.de - _AHpos: p0h415W9w0c4d11613k3X"
21:18:23 "infiSTAR.de - _loadedcheckpos: y8U5j3d2D6d0j9U9X3c1e3T"
21:18:23 "infiSTAR.de - _loadedchecktime: q4Q7D3X8e585b7q7X3D5q"
21:18:23 "infiSTAR.de - _MenuChecksRunningx: t6c3Q4D8D2b2c3Q6l7q7L"
21:18:23 "infiSTAR.de - _oneachframe: x8U8W8d5X7h1L0j1w3k"
21:18:23 "infiSTAR.de - _anotherloop: x1Q5M316U7j0X7c4D7h"
21:18:23 "infiSTAR.de - _clientoncetwo: t6X4c3q9b8X4e5H5Q2Q3X"
21:18:23 "infiSTAR.de - _lastUnlock: u8C1Q6Q2H1H114j383c6b217h"
21:18:23 "infiSTAR.de - _AdminReqCheck: k3c1d4w1b1h915H4c2q"
21:18:23 "infiSTAR.de - _antidupeCheckVar: j713q9U2U3D285b4U96514c"
21:18:23 "infiSTAR.de - _antidupePVCheckVar: PVAHR_0_e1b5c314c7C0W6C7k3c0w7b"
21:18:23 "infiSTAR.de - _antidupePVResVar: PVAHR_0_f1U1U2H1q1c1D1b6C0b8Q1h1k"
21:18:23 "infiSTAR.de - _antiantihack_rndvar: PVAHR_0_b0e6q1X3D2T8e8Q766w1W"
21:18:23 "infiSTAR.de - _randvar327510: PVAHR_0_v483j1j1w4X2k284d7b0w5e"
21:18:24 "infiSTAR.de - AntiHack LOADED!"
21:18:24 "infiSTAR.de - CREATING AdminMenu"
21:18:24 "infiSTAR.de - AdminMenu LOADED!"
21:18:24 "infiSTAR.de - ADDING PublicVariableEventHandlers"
21:18:24 "infiSTAR.de - AntiHack FULLY LOADED"
21:18:24 BIKE: loading version 2.5.1 ...
21:18:24 BIKE: adding bike to safe vehicle list...
21:18:24 "Loading Server Monitor & Server Executions!"
21:18:24 "Loading Dedicated Executions!"
21:18:24 "Res3tting B!S effects..."
21:18:24 "Fully loaded Init"
21:18:24 Warning: z\addons\dayz_communityassets\models\compass.p3d:0 Error while trying to generate ST for points: 863, 853, 852
21:18:25 Cannot create non-ai vehicle Land_stanek_3,
21:18:25 ca\structures\ruins\glass_cullet_01.p3d: No geometry and no visual shape
21:18:25 ca\structures\ruins\glass_cullet_01.p3d: No geometry and no visual shape
21:18:25 ca\structures\ruins\glass_cullet_01.p3d: No geometry and no visual shape
21:18:25 ca\structures\ruins\glass_cullet_01.p3d: No geometry and no visual shape
21:18:25 ca\structures\ruins\glass_cullet_01.p3d: No geometry and no visual shape
21:18:25 ca\structures\ruins\glass_cullet_01.p3d: No geometry and no visual shape
21:18:25 ca\structures\ruins\glass_cullet_01.p3d: No geometry and no visual shape
21:18:25 ca\structures\ruins\glass_cullet_01.p3d: No geometry and no visual shape
21:18:25 ca\structures\ruins\glass_cullet_01.p3d: No geometry and no visual shape
21:18:25 ca\structures\ruins\glass_cullet_01.p3d: No geometry and no visual shape
21:18:25 ca\structures\ruins\glass_cullet_01.p3d: No geometry and no visual shape
21:18:25 ca\structures\ruins\glass_cullet_01.p3d: No geometry and no visual shape
21:18:25 ca\structures\ruins\glass_cullet_01.p3d: No geometry and no visual shape
21:18:25 ca\structures\ruins\glass_cullet_01.p3d: No geometry and no visual shape
21:18:25 ca\structures\ruins\glass_cullet_01.p3d: No geometry and no visual shape
21:18:25 ca\structures\ruins\glass_cullet_01.p3d: No geometry and no visual shape
21:18:25 ca\structures\ruins\glass_cullet_01.p3d: No geometry and no visual shape
21:18:25 ca\structures\ruins\glass_cullet_01.p3d: No geometry and no visual shape
21:18:25 ca\structures\ruins\glass_cullet_01.p3d: No geometry and no visual shape
21:18:25 ca\structures\ruins\glass_cullet_01.p3d: No geometry and no visual shape
21:18:25 Cannot create non-ai vehicle LAND_MASH,
21:18:25 Cannot create non-ai vehicle LAND_Stan_east,
21:18:25 Cannot create non-ai vehicle LAND_P_Stavebni_kozy,
21:18:25 Cannot create non-ai vehicle LAND_Misc_palletsfoiled,
21:18:25 Cannot create non-ai vehicle LAND_Misc_palletsfoiled_heap,
21:18:25 Cannot create non-ai vehicle LAND_P_ytong,
21:18:25 Cannot create non-ai vehicle LAND_Misc_palletsfoiled,
21:18:25 Cannot create non-ai vehicle LAND_Misc_palletsfoiled,
21:18:25 Cannot create non-ai vehicle LAND_P_Ladder,
21:18:25 Cannot create non-ai vehicle LAND_garbage_misc,
21:18:25 "HIVE: Starting"
21:18:25 "HIVE: trying to get objects"
21:18:25 "HIVE: found 444 objects"
21:18:25 "HIVE: Commence Object Streaming..."
21:18:25 "HIVE: got 190 Epoch Objects and 254 Vehicles"
21:18:25 AH6X_DZ: FLIR_turret - unknown animation source FLIR_turret
21:18:25 AH6X_DZ: FLIR_gun - unknown animation source FLIR_gun
21:18:25 UH1Y_DZE: ObsTurret - unknown animation source ObsTurret
21:18:25 UH1Y_DZE: ObsGun - unknown animation source ObsGun
21:18:25 350z_pink: ABSwitch - unknown animation source ABSwitch
21:18:26 "[VEHICLE CLEANUP ZONE]: selecting world to cleanup ..."
21:18:26 350z_blue: ABSwitch - unknown animation source ABSwitch
21:18:26 350z_white: ABSwitch - unknown animation source ABSwitch
21:18:26 350z_black: ABSwitch - unknown animation source ABSwitch
21:18:27 350z_yellow: ABSwitch - unknown animation source ABSwitch
21:18:27 350z_city: ABSwitch - unknown animation source ABSwitch
21:18:27 350z_gold: ABSwitch - unknown animation source ABSwitch
21:18:27 350z_v: ABSwitch - unknown animation source ABSwitch
21:18:27 350z_green: ABSwitch - unknown animation source ABSwitch
21:18:28 350z_red: ABSwitch - unknown animation source ABSwitch
21:18:28 350z: ABSwitch - unknown animation source ABSwitch
21:18:28 350z_silver: ABSwitch - unknown animation source ABSwitch
21:18:28 "HIVE: Spawning # of Vehicles: 60"
21:18:28 "HIVE: Spawning # of Debris: 0"
21:18:28 "HIVE: Spawning # of Ammo Boxes: 0"
21:18:28 "HIVE: Spawning # of Veins: 1"
21:18:28 "Total Number of spawn locations 5"
21:18:28 "[VEHICLE CLEANUP ZONE]: SUV_Pink (SUV Pink) by Aircraft Dealer @045046 [4536.23,10679.1,0.000335693] [ID:58542,UID:0] Cargo: [[[],[]],[[],[]],[[],[]]]"
21:18:28 "HIVE: WRITE: "CHILD:305:58542:[120,[6663.63,14138.9,0.0614319]]:0.744:""
21:18:28 "[VEHICLE CLEANUP ZONE]: SUV_Pink TP from [4536.23,10679.1,0.000335693] 045046 to [6663.71,14138.8] 066012"
21:18:29 "[VEHICLE CLEANUP ZONE]: UAZ_Unarmed_UN_EP1 (UAZ) by Aircraft Dealer @044045 [4455.5,10805.2,0] [ID:58549,UID:0] Cargo: [[[],[]],[[],[]],[[],[]]]"
21:18:29 "HIVE: WRITE: "CHILD:305:58549:[147,[6677.73,14114.4,0.062439]]:0.589:""
21:18:29 "[VEHICLE CLEANUP ZONE]: UAZ_Unarmed_UN_EP1 TP from [4455.5,10805.2,0] 044045 to [6677.79,14114.4] 066012"
21:18:29 "PUBLISH: Attempt 2fdb6080# 1059905: lada.p3d"
21:18:29 "HIVE: WRITE: "CHILD:308:11:Lada1:0:0:[28,[12923.2,6830.7,0.0243416]]:[]:[["motor",0.375776],["sklo predni P",0.254438],["sklo predni L",0.428223],["karoserie",0.500215],["palivo",0.527196],["wheel_1_1_steering",0.563997],["wheel_2_1_steering",0.164017],["wheel_1_4_steering",0.124428],["wheel_2_4_steering",0.389845],["wheel_1_3_steering",0.510065],["wheel_2_3_steering",0.188126],["wheel_1_2_steering",0.125513],["wheel_2_2_steering",0.2957],["glass1",0.507433],["glass2",0.374778],["glass3",0.415076],["glass4",0.456575]]:0.564951:12923268307028:""
21:18:29 "PUBLISH: Attempt 2f5190c0# 1059906: ch_47f.p3d"
21:18:29 "HIVE: WRITE: "CHILD:308:11:CH_47F_EP1_DZE:0:0:[28,[6483.37,6081.85,0.823364]]:[]:[["mala vrtule",0.352182],["velka vrtule",0.36403],["NEtrup",0.204666],["motor",0.45683],["elektronika",0.445957],["munice",0.329152],["sklo predni P",0.277391],["sklo predni L",0.314686],["glass1",0.488452],["glass2",0.254182],["glass3",0.322168],["glass4",0.387562],["glass5",0.134143],["glass6",0.352708]]:0.298752:6483460819828:""
21:18:29 "PUBLISH: Attempt 2d7c90c0# 1059907: s1203.p3d"
21:18:29 "HIVE: WRITE: "CHILD:308:11:S1203_TK_CIV_EP1:0:0:[65,[3353.42,3966.29,0.0325928]]:[]:[["wheel_1_1_steering",0.160128],["wheel_1_2_steering",0.438444],["wheel_2_1_steering",0.442684],["wheel_2_2_steering",0.118694],["motor",0.416287],["sklo predni P",0.422556],["sklo predni L",0.131427],["karoserie",0.184523],["palivo",0.439051],["wheel_1_4_steering",0.521607],["wheel_2_4_steering",0.251514],["wheel_1_3_steering",0.254854],["wheel_2_3_steering",0.53942],["glass1",0.206456],["glass2",0.151142],["glass3",0.395279],["glass4",0.255671]]:0.73034:3353439663065:""
21:18:29 "PUBLISH: Attempt 2f596080# 1059909: 350z.p3d"
21:18:29 "HIVE: WRITE: "CHILD:308:11:350z_white:0:0:[155,[10308.7,1935.72,0.0081563]]:[]:[["motor",0.344617],["karoserie",0.447607],["palivo",0.425152],["levy predni tlumic",0.573968],["pravy predni tlumic",0.204002],["levy zadni tlumic",0.159808],["pravy zadni tlumic",0.34373],["sklo predni L",0.461178],["sklo predni P",0.478],["sklo predni P",0.483936],["sklo predni L",0.456705],["wheel_1_4_steering",0.566407],["wheel_2_4_steering",0.559452],["wheel_1_3_steering",0.397019],["wheel_2_3_steering",0.348695],["glass3",0.447265],["glass4",0.582773]]:0.687813:103087193570155:""
21:18:30 "PUBLISH: Attempt 2f5950c0# 1059910: civcarbu.p3d"
21:18:30 "HIVE: WRITE: "CHILD:308:11:Civcarbu:0:0:[21,[5368.43,8690.74,0.00543213]]:[]:[["motor",0.515089],["karoserie",0.441113],["palivo",0.216214],["levy predni tlumic",0.455625],["pravy predni tlumic",0.429831],["levy zadni tlumic",0.395327],["pravy zadni tlumic",0.268673],["sklo predni L",0.586081],["sklo predni P",0.258456],["sklo predni P",0.107856],["sklo predni L",0.349584],["wheel_1_4_steering",0.477434],["wheel_2_4_steering",0.21905],["wheel_1_3_steering",0.315216],["wheel_2_3_steering",0.161265],["glass3",0.117624],["glass4",0.119426]]:0.4517:5368486907021:""
21:18:30 "PUBLISH: Attempt 2f342080# 1059912: 350z.p3d"
21:18:30 "HIVE: WRITE: "CHILD:308:11:350z:0:0:[121,[6167.58,7778.89,0.000457764]]:[]:[["motor",0.573923],["karoserie",0.372013],["palivo",0.223522],["levy predni tlumic",0.14479],["pravy predni tlumic",0.342238],["levy zadni tlumic",0.302088],["pravy zadni tlumic",0.261295],["sklo predni L",0.446043],["sklo predni P",0.235744],["sklo predni P",0.48923],["sklo predni L",0.15652],["wheel_1_4_steering",0.375324],["wheel_2_4_steering",0.206085],["wheel_1_3_steering",0.221215],["wheel_2_3_steering",0.11428],["glass3",0.264199],["glass4",0.39658]]:0.973649:61676777890121:""
21:18:30 "PUBLISH: Attempt 2f343040# 1059913: 350z.p3d"
21:18:30 "DEBUG: Too many vehicles at [10112.1,5534.08]"
21:18:30 "HIVE: WRITE: "CHILD:308:11:350z_yellow:0:0:[145,[3173,5153.62,0.0252228]]:[]:[["motor",0.335626],["karoserie",0.127506],["palivo",0.394019],["levy predni tlumic",0.143349],["pravy predni tlumic",0.442588],["levy zadni tlumic",0.546471],["pravy zadni tlumic",0.488049],["sklo predni L",0.138015],["sklo predni P",0.26797],["sklo predni P",0.371181],["sklo predni L",0.571071],["wheel_1_4_steering",0.170647],["wheel_2_4_steering",0.441474],["wheel_1_3_steering",0.454851],["wheel_2_3_steering",0.31562],["glass3",0.232603],["glass4",0.393477]]:0.229624:31730515360145:""
21:18:30 "PUBLISH: Attempt bf010c0# 1059914: 350z.p3d"
21:18:30 "HIVE: WRITE: "CHILD:308:11:350z_green:0:0:[32,[11401.1,12235.3,0.0216827]]:[]:[["motor",0.155803],["karoserie",0.337897],["palivo",0.332621],["levy predni tlumic",0.499451],["pravy predni tlumic",0.175384],["levy zadni tlumic",0.140629],["pravy zadni tlumic",0.47245],["sklo predni L",0.220523],["sklo predni P",0.158057],["sklo predni P",0.148073],["sklo predni L",0.169719],["wheel_1_4_steering",0.340055],["wheel_2_4_steering",0.445795],["wheel_1_3_steering",0.223026],["wheel_2_3_steering",0.196913],["glass3",0.311424],["glass4",0.173769]]:0.1611:114011122353032:""
21:18:31 "PUBLISH: Attempt 2f594100# 1059911: 350z.p3d"
21:18:31 "HIVE: WRITE: "CHILD:308:11:350z_silver:0:0:[7,[10107.3,5545.85,0.0119171]]:[]:[["motor",0.526246],["karoserie",0.249091],["palivo",0.283048],["levy predni tlumic",0.299775],["pravy predni tlumic",0.348823],["levy zadni tlumic",0.352346],["pravy zadni tlumic",0.51751],["sklo predni L",0.300499],["sklo predni P",0.196899],["sklo predni P",0.592757],["sklo predni L",0.279216],["wheel_1_4_steering",0.283825],["wheel_2_4_steering",0.376142],["wheel_1_3_steering",0.159903],["wheel_2_3_steering",0.435705],["glass3",0.403162],["glass4",0.261445]]:0.959883:1010735545807:""
21:18:31 "PUBLISH: Attempt bf00100# 1059915: datsun1_civil_3_open.p3d"
21:18:31 "HIVE: WRITE: "CHILD:308:11:datsun1_civil_3_open:0:0:[50,[4751.56,6874.4,0.050293]]:[]:[["motor",0.266307],["sklo predni P",0.390181],["sklo predni L",0.528291],["karoserie",0.342602],["palivo",0.323131],["wheel_1_1_steering",0.453526],["wheel_2_1_steering",0.470892],["wheel_1_4_steering",0.172963],["wheel_2_4_steering",0.4447],["wheel_1_3_steering",0.538779],["wheel_2_3_steering",0.509936],["wheel_1_2_steering",0.419561],["wheel_2_2_steering",0.466983],["glass1",0.459734],["glass2",0.57261],["glass3",0.472425],["glass4",0.210185]]:0.786627:4751668744150:""
21:18:31 "PUBLISH: Attempt becb040# 1059916: an2.p3d"
21:18:31 "HIVE: WRITE: "CHILD:308:11:AN2_DZ:0:0:[56,[1634.28,2853.01,0.639954]]:[]:[["glass1",0.134239],["glass2",0.129942],["glass3",0.390994],["glass4",0.127031],["telo",0.219146]]:0.698286:1634328530656:""
21:18:31 "PUBLISH: Attempt 2f597040# 1059908: datsun_pk.p3d"
21:18:31 "HIVE: WRITE: "CHILD:308:11:Pickup_PK_GUE_DZE:0:0:[168,[12728.2,9472.03,0.00466108]]:[]:[["motor",0.178307],["sklo predni P",0.186489],["sklo predni L",0.180589],["karoserie",0.413062],["palivo",0.215336],["wheel_1_1_steering",0.148389],["wheel_2_1_steering",0.400814],["wheel_1_4_steering",0.213879],["wheel_2_4_steering",0.342968],["wheel_1_3_steering",0.242499],["wheel_2_3_steering",0.376992],["wheel_1_2_steering",0.381718],["wheel_2_2_steering",0.24345],["glass1",0.558258],["glass2",0.291116],["glass3",0.162937],["glass4",0.321159]]:0.724243:127282947200168:""
21:18:32 "PUBLISH: Attempt beca080# 1059917: 350z.p3d"
21:18:32 "HIVE: WRITE: "CHILD:308:11:350z_city:0:0:[47,[4144,8755.52,0.000701904]]:[]:[["motor",0.456115],["karoserie",0.299217],["palivo",0.373744],["levy predni tlumic",0.474838],["pravy predni tlumic",0.513689],["levy zadni tlumic",0.542284],["pravy zadni tlumic",0.443523],["sklo predni L",0.492739],["sklo predni P",0.338391],["sklo predni P",0.597192],["sklo predni L",0.481011],["wheel_1_4_steering",0.118149],["wheel_2_4_steering",0.436277],["wheel_1_3_steering",0.592488],["wheel_2_3_steering",0.239213],["glass3",0.171182],["glass4",0.35202]]:0.707545:4144087555047:""
21:18:32 "PUBLISH: Attempt bec90c0# 1059918: skodovka_blue.p3d"
21:18:32 "PUBLISH: Attempt 156b7040# 1059920: car_hatchback.p3d"
21:18:32 "HIVE: WRITE: "CHILD:308:11:car_hatchback:0:0:[160,[7481.99,5092.42,0.000274658]]:[]:[["motor",0.183955],["sklo predni P",0.450509],["sklo predni L",0.43991],["karoserie",0.305191],["palivo",0.484132],["wheel_1_1_steering",0.464827],["wheel_2_1_steering",0.12366],["wheel_1_4_steering",0.128118],["wheel_2_4_steering",0.501806],["wheel_1_3_steering",0.146281],["wheel_2_3_steering",0.426964],["wheel_1_2_steering",0.286159],["wheel_2_2_steering",0.142754],["glass1",0.574861],["glass2",0.42999],["glass3",0.353251],["glass4",0.230795]]:0.488628:74820509240160:""
21:18:32 "PUBLISH: Attempt 156b50c0# 1059922: car_sedan.p3d"
21:18:32 "HIVE: WRITE: "CHILD:308:11:car_sedan:0:0:[82,[4407.31,3870.89,0.128891]]:[]:[["motor",0.563399],["sklo predni P",0.390873],["sklo predni L",0.508143],["karoserie",0.222159],["palivo",0.538343],["wheel_1_1_steering",0.145525],["wheel_2_1_steering",0.285854],["wheel_1_4_steering",0.583293],["wheel_2_4_steering",0.596786],["wheel_1_3_steering",0.482717],["wheel_2_3_steering",0.113329],["wheel_1_2_steering",0.333356],["wheel_2_2_steering",0.418913],["glass1",0.346247],["glass2",0.419932],["glass3",0.488092],["glass4",0.589383]]:0.495792:4407338709182:""
21:18:32 "HIVE: WRITE: "CHILD:308:11:SkodaBlue:0:0:[75,[5150.54,2078.94,0]]:[]:[["motor",0.464656],["sklo predni P",0.307075],["sklo predni L",0.552895],["karoserie",0.134841],["palivo",0.569408],["wheel_1_1_steering",0.505554],["wheel_2_1_steering",0.579074],["wheel_1_4_steering",0.173385],["wheel_2_4_steering",0.152333],["wheel_1_3_steering",0.398051],["wheel_2_3_steering",0.327175],["wheel_1_2_steering",0.549139],["wheel_2_2_steering",0.512866],["glass1",0.467838],["glass2",0.570263],["glass3",0.450333],["glass4",0.545153]]:0.188243:5150520789075:""
21:18:32 "PUBLISH: Attempt 156a3040# 1059924: datsun_pk.p3d"
21:18:32 "HIVE: WRITE: "CHILD:308:11:Pickup_PK_TK_GUE_EP1_DZE:0:0:[168,[6122.33,1911.79,0.142398]]:[]:[["motor",0.401811],["sklo predni P",0.152925],["sklo predni L",0.537605],["karoserie",0.220661],["palivo",0.573346],["wheel_1_1_steering",0.372719],["wheel_2_1_steering",0.307307],["wheel_1_4_steering",0.597613],["wheel_2_4_steering",0.190093],["wheel_1_3_steering",0.478587],["wheel_2_3_steering",0.187256],["wheel_1_2_steering",0.329895],["wheel_2_2_steering",0.162361],["glass1",0.536679],["glass2",0.397528],["glass3",0.421084],["glass4",0.230855]]:0.696872:61223191181168:""
21:18:33 "PUBLISH: Attempt 156b4100# 1059923: suv.p3d"
21:18:33 "HIVE: WRITE: "CHILD:308:11:SUV_TK_CIV_EP1:0:0:[33,[2070.34,7367.23,0.0800476]]:[]:[["wheel_1_1_steering",0.326559],["wheel_1_2_steering",0.493061],["wheel_2_1_steering",0.382165],["wheel_2_2_steering",0.279135],["palivo",0.175766],["motor",0.330681],["glass1",0.325875],["glass2",0.356084],["glass3",0.495815],["glass4",0.428929],["sklo predni P",0.477487],["sklo predni L",0.411917],["karoserie",0.438438],["wheel_1_4_steering",0.252413],["wheel_2_4_steering",0.340438],["wheel_1_3_steering",0.353596],["wheel_2_3_steering",0.325802]]:0.0531314:2070373672133:""
21:18:33 "DEBUG: Too many vehicles at [4965.67,12585.9]"
21:18:33 "PUBLISH: Attempt 156a2080# 1059925: kamaz_refuel.p3d"
21:18:33 "HIVE: WRITE: "CHILD:308:11:KamazRefuel_DZ:0:0:[110,[7536.63,4753.52,0.0684204]]:[]:[["wheel_1_1_steering",0.300437],["wheel_2_1_steering",0.101862],["wheel_1_4_steering",0.53969],["wheel_2_4_steering",0.322309],["wheel_1_3_steering",0.392982],["wheel_2_3_steering",0.513616],["wheel_1_2_steering",0.138437],["wheel_2_2_steering",0.487699],["motor",0.233322],["sklo predni P",0.168425],["sklo predni L",0.549073],["karoserie",0.370097],["palivo",0.28977],["glass1",0.330506],["glass2",0.25948],["glass3",0.340211],["glass4",0.283508]]:0.862844:75366475351110:""
21:18:33 "PUBLISH: Attempt 156a0100# 1059926: civcar.p3d"
21:18:33 "HIVE: WRITE: "CHILD:308:11:Civcar:0:0:[8,[1818.54,7640.25,0.0115662]]:[]:[["motor",0.48374],["karoserie",0.301098],["palivo",0.214693],["levy predni tlumic",0.333804],["pravy predni tlumic",0.14287],["levy zadni tlumic",0.351913],["pravy zadni tlumic",0.274215],["sklo predni L",0.277076],["sklo predni P",0.130528],["sklo predni P",0.124939],["sklo predni L",0.543729],["wheel_1_4_steering",0.190255],["wheel_2_4_steering",0.361174],["wheel_1_3_steering",0.513717],["wheel_2_3_steering",0.304103],["glass3",0.578141],["glass4",0.58357]]:0.145722:181857640208:""
21:18:34 "DEBUG: Too many vehicles at [12024,3715.19]"
21:18:34 "PUBLISH: Attempt 1568c100# 1059928: 350z.p3d"
21:18:34 "HIVE: WRITE: "CHILD:308:11:350z_city:0:0:[167,[4399.26,6472.93,0.00839233]]:[]:[["motor",0.213422],["karoserie",0.446852],["palivo",0.494173],["levy predni tlumic",0.504973],["pravy predni tlumic",0.237381],["levy zadni tlumic",0.528212],["pravy zadni tlumic",0.192444],["sklo predni L",0.566696],["sklo predni P",0.292169],["sklo predni P",0.22508],["sklo predni L",0.479964],["wheel_1_4_steering",0.452492],["wheel_2_4_steering",0.544518],["wheel_1_3_steering",0.250665],["wheel_2_3_steering",0.108345],["glass3",0.316263],["glass4",0.325718]]:0.267946:43993647290167:""
21:18:34 "PUBLISH: Attempt 1c2f4100# 1059929: suv.p3d"
21:18:34 "HIVE: WRITE: "CHILD:308:11:SUV_Red:0:0:[59,[9602.65,1979.82,0.00795507]]:[]:[["wheel_1_1_steering",0.162371],["wheel_1_2_steering",0.328594],["wheel_2_1_steering",0.393475],["wheel_2_2_steering",0.58813],["palivo",0.516424],["motor",0.140004],["glass1",0.303866],["glass2",0.195745],["glass3",0.246395],["glass4",0.552092],["sklo predni P",0.445742],["sklo predni L",0.500924],["karoserie",0.438255],["wheel_1_4_steering",0.522798],["wheel_2_4_steering",0.158984],["wheel_1_3_steering",0.502267],["wheel_2_3_steering",0.56823]]:0.118362:9602619798059:""
21:18:34 "PUBLISH: Attempt 1564b040# 1059930: suv.p3d"
21:18:34 "HIVE: WRITE: "CHILD:308:11:SUV_Red:0:0:[3,[7643.93,4554.89,0.0448608]]:[]:[["wheel_1_1_steering",0.156198],["wheel_1_2_steering",0.564573],["wheel_2_1_steering",0.39985],["wheel_2_2_steering",0.254088],["palivo",0.360073],["motor",0.353655],["glass1",0.278543],["glass2",0.252134],["glass3",0.575733],["glass4",0.115975],["sklo predni P",0.388096],["sklo predni L",0.330778],["karoserie",0.456566],["wheel_1_4_steering",0.555195],["wheel_2_4_steering",0.175312],["wheel_1_3_steering",0.376328],["wheel_2_3_steering",0.179056]]:0.0267208:764394554903:""
21:18:35 "PUBLISH: Attempt 1564a080# 1059931: suv.p3d"
21:18:35 "HIVE: WRITE: "CHILD:308:11:SUV_White:0:0:[148,[6902.93,11379.7,0.0557556]]:[]:[["wheel_1_1_steering",0.452004],["wheel_1_2_steering",0.410621],["wheel_2_1_steering",0.291871],["wheel_2_2_steering",0.189557],["palivo",0.428495],["motor",0.525905],["glass1",0.563135],["glass2",0.524528],["glass3",0.3881],["glass4",0.411203],["sklo predni P",0.461645],["sklo predni L",0.474884],["karoserie",0.535417],["wheel_1_4_steering",0.565593],["wheel_2_4_steering",0.142941],["wheel_1_3_steering",0.333885],["wheel_2_3_steering",0.526166]]:0.140494:690291137971148:""
21:18:35 "EPOCH EVENTS INIT"
21:18:35 "PUBLISH: Attempt 15648100# 1059933: 350z.p3d"
21:18:35 "HIVE: WRITE: "CHILD:308:11:350z_red:0:0:[35,[8745.04,11538.5,0.087265]]:[]:[["motor",0.140733],["karoserie",0.507341],["palivo",0.290653],["levy predni tlumic",0.460953],["pravy predni tlumic",0.412129],["levy zadni tlumic",0.15349],["pravy zadni tlumic",0.113298],["sklo predni L",0.319736],["sklo predni P",0.297868],["sklo predni P",0.156475],["sklo predni L",0.592865],["wheel_1_4_steering",0.463592],["wheel_2_4_steering",0.538514],["wheel_1_3_steering",0.583994],["wheel_2_3_steering",0.544029],["glass3",0.117312],["glass4",0.194161]]:0.234666:87450115385135:""
21:18:35 "PUBLISH: Attempt 1562a080# 1059934: volha.p3d"
21:18:35 "HIVE: WRITE: "CHILD:308:11:Volha_1_TK_CIV_EP1:0:0:[100,[7267.13,5688.25,0.000457764]]:[]:[["wheel_1_1_steering",0.548678],["wheel_1_2_steering",0.561984],["wheel_2_1_steering",0.419037],["wheel_2_2_steering",0.524546],["palivo",0.539746],["motor",0.411772],["glass1",0.125118],["glass2",0.271063],["glass3",0.360456],["glass4",0.17859],["sklo predni P",0.274347],["sklo predni L",0.448745],["karoserie",0.226535],["wheel_1_4_steering",0.450213],["wheel_2_4_steering",0.368194],["wheel_1_3_steering",0.233606],["wheel_2_3_steering",0.477305]]:0.157121:72671568820100:""
21:18:35 "DEBUG: Too many vehicles at [5982.96,10284.9]"
21:18:35 "PUBLISH: Attempt 1560b040# 1059935: datsun_pk.p3d"
21:18:35 "HIVE: WRITE: "CHILD:308:11:Pickup_PK_TK_GUE_EP1_DZE:0:0:[12,[4245.46,8940.84,0.00463867]]:[]:[["motor",0.322383],["sklo predni P",0.162947],["sklo predni L",0.272111],["karoserie",0.21079],["palivo",0.329976],["wheel_1_1_steering",0.22738],["wheel_2_1_steering",0.519211],["wheel_1_4_steering",0.286304],["wheel_2_4_steering",0.314157],["wheel_1_3_steering",0.238359],["wheel_2_3_steering",0.458074],["wheel_1_2_steering",0.248974],["wheel_2_2_steering",0.153141],["glass1",0.535762],["glass2",0.539979],["glass3",0.110746],["glass4",0.226849]]:0.188305:4245589408012:""
21:18:36 "PUBLISH: Attempt bec8100# 1059919: ural.p3d"
21:18:36 "HIVE: WRITE: "CHILD:308:11:Ural_TK_CIV_EP1:0:0:[59,[11991.5,8710.4,0.170425]]:[]:[["glass1",0.288202],["glass2",0.114003],["glass3",0.322347],["glass4",0.370643],["wheel_1_1_steering",0.486926],["wheel_2_1_steering",0.272221],["wheel_1_4_steering",0.369866],["wheel_2_4_steering",0.292008],["wheel_1_3_steering",0.483264],["wheel_2_3_steering",0.289042],["wheel_1_2_steering",0.534401],["wheel_2_2_steering",0.314756],["motor",0.408098],["sklo predni P",0.183273],["sklo predni L",0.582958],["karoserie",0.124068],["palivo",0.535084]]:0.641423:11991587104259:""
21:18:36 "PUBLISH: Attempt 156b6080# 1059921: lr_mg.p3d"
21:18:36 "HIVE: WRITE: "CHILD:308:11:LandRover_MG_TK_EP1_DZ:0:0:[33,[6874.47,3180.98,0.00169659]]:[]:[["glass1",0.261298],["motor",0.567402],["palivo",0.571785],["wheel_1_1_steering",0.588446],["wheel_1_2_steering",0.101219],["wheel_2_1_steering",0.297079],["wheel_2_2_steering",0.443878],["sklo predni P",0.135786],["sklo predni L",0.408818],["karoserie",0.564491],["wheel_1_4_steering",0.259564],["wheel_2_4_steering",0.582365],["wheel_1_3_steering",0.20098],["wheel_2_3_steering",0.324745],["glass2",0.53067],["glass3",0.539741],["glass4",0.21505]]:0.0227886:6874531810033:""
21:18:36 "PUBLISH: Attempt 1560a080# 1059936: 350z.p3d"
21:18:36 "HIVE: WRITE: "CHILD:308:11:350z_pink:0:0:[97,[9665.47,6505.02,0.0720978]]:[]:[["motor",0.391878],["karoserie",0.526564],["palivo",0.228053],["levy predni tlumic",0.300519],["pravy predni tlumic",0.550379],["levy zadni tlumic",0.183217],["pravy zadni tlumic",0.223282],["sklo predni L",0.551058],["sklo predni P",0.595782],["sklo predni P",0.45013],["sklo predni L",0.267996],["wheel_1_4_steering",0.529383],["wheel_2_4_steering",0.139921],["wheel_1_3_steering",0.155546],["wheel_2_3_steering",0.403499],["glass3",0.322469],["glass4",0.571589]]:0.0456411:9665565050197:""
21:18:36 Warning Message: Script z\addons\dayz_server\WAI\customsettings.sqf not found
21:18:36 "WAI: AI Config File Loaded"
21:18:36 "WAI: AI Monitor Started"
21:18:36 "WAI: Initialising missions"
21:18:39 "infiSTAR.de - Player-Log: Ziltoid(76561198028236135) - 0h 00min | ******ADMIN******"
21:18:41 "infiSTAR.de PlayerConnected: ["76561198028236135","Ziltoid"]"
21:18:41 "infiSTAR.de PlayerConnected: ["","__SERVER__"]"
21:18:42 "HIVE: WRITE: "CHILD:388:9665565050197:""
21:18:42 "CUSTOM: Selected "58621""
21:18:42 "PUBLISH: Created 350z_pink with ID "9665565050197""
21:18:42 "HIVE: WRITE: "CHILD:388:6874531810033:""
21:18:42 "CUSTOM: Selected "58620""
21:18:42 "PUBLISH: Created LandRover_MG_TK_EP1_DZ with ID "6874531810033""
21:18:42 "HIVE: WRITE: "CHILD:388:11991587104259:""
21:18:42 "CUSTOM: Selected "58619""
21:18:42 "HIVE: WRITE: "CHILD:388:87450115385135:""
21:18:42 "CUSTOM: Selected "58616""
21:18:42 "PUBLISH: Created 350z_red with ID "87450115385135""
21:18:42 "HIVE: WRITE: "CHILD:388:4245589408012:""
21:18:42 "CUSTOM: Selected "58618""
21:18:42 "PUBLISH: Created Pickup_PK_TK_GUE_EP1_DZE with ID "4245589408012""
21:18:42 "HIVE: WRITE: "CHILD:388:72671568820100:""
21:18:42 "CUSTOM: Selected "58617""
21:18:42 "PUBLISH: Created Volha_1_TK_CIV_EP1 with ID "72671568820100""
21:18:42 "HIVE: WRITE: "CHILD:388:690291137971148:""
21:18:42 "CUSTOM: Selected "58615""
21:18:42 "PUBLISH: Created SUV_White with ID "690291137971148""
21:18:42 "HIVE: WRITE: "CHILD:388:9602619798059:""
21:18:42 "CUSTOM: Selected "58613""
21:18:42 "PUBLISH: Created SUV_Red with ID "9602619798059""
21:18:42 "HIVE: WRITE: "CHILD:388:181857640208:""
21:18:42 "CUSTOM: Selected "58611""
21:18:42 "PUBLISH: Created Civcar with ID "181857640208""
21:18:42 "HIVE: WRITE: "CHILD:388:61223191181168:""
21:18:42 "CUSTOM: Selected "58608""
21:18:42 "PUBLISH: Created Pickup_PK_TK_GUE_EP1_DZE with ID "61223191181168""
21:18:42 "HIVE: WRITE: "CHILD:388:764394554903:""
21:18:42 "CUSTOM: Selected "58614""
21:18:42 "PUBLISH: Created SUV_Red with ID "764394554903""
21:18:42 "HIVE: WRITE: "CHILD:388:43993647290167:""
21:18:42 "CUSTOM: Selected "58612""
21:18:42 "PUBLISH: Created 350z_city with ID "43993647290167""
21:18:42 "HIVE: WRITE: "CHILD:388:61676777890121:""
21:18:42 "CUSTOM: Selected "58597""
21:18:42 "PUBLISH: Created 350z with ID "61676777890121""
21:18:42 "HIVE: WRITE: "CHILD:388:5368486907021:""
21:18:42 "CUSTOM: Selected "58596""
21:18:42 "PUBLISH: Created Civcarbu with ID "5368486907021""
21:18:42 "HIVE: WRITE: "CHILD:388:103087193570155:""
21:18:42 "CUSTOM: Selected "58595""
21:18:42 "PUBLISH: Created 350z_white with ID "103087193570155""
21:18:42 "HIVE: WRITE: "CHILD:388:6483460819828:""
21:18:42 "CUSTOM: Selected "58593""
21:18:42 "PUBLISH: Created CH_47F_EP1_DZE with ID "6483460819828""
21:18:42 "HIVE: WRITE: "CHILD:388:3353439663065:""
21:18:42 "CUSTOM: Selected "58594""
21:18:42 "PUBLISH: Created S1203_TK_CIV_EP1 with ID "3353439663065""
21:18:42 "HIVE: WRITE: "CHILD:388:12923268307028:""
21:18:42 "CUSTOM: Selected "58592""
21:18:42 "PUBLISH: Created Lada1 with ID "12923268307028""
21:18:42 "HIVE: WRITE: "CHILD:388:31730515360145:""
21:18:42 "CUSTOM: Selected "58598""
21:18:42 "PUBLISH: Created 350z_yellow with ID "31730515360145""
21:18:42 "HIVE: WRITE: "CHILD:388:114011122353032:""
21:18:42 "CUSTOM: Selected "58599""
21:18:42 "HIVE: WRITE: "CHILD:388:1010735545807:""
21:18:42 "CUSTOM: Selected "58600""
21:18:42 "HIVE: WRITE: "CHILD:388:75366475351110:""
21:18:42 "CUSTOM: Selected "58610""
21:18:42 "PUBLISH: Created KamazRefuel_DZ with ID "75366475351110""
21:18:42 "HIVE: WRITE: "CHILD:388:1634328530656:""
21:18:42 "CUSTOM: Selected "58602""
21:18:42 "PUBLISH: Created AN2_DZ with ID "1634328530656""
21:18:42 "HIVE: WRITE: "CHILD:388:5150520789075:""
21:18:42 "CUSTOM: Selected "58607""
21:18:42 "PUBLISH: Created SkodaBlue with ID "5150520789075""
21:18:42 "HIVE: WRITE: "CHILD:388:4407338709182:""
21:18:42 "CUSTOM: Selected "58606""
21:18:42 "PUBLISH: Created car_sedan with ID "4407338709182""
21:18:42 "HIVE: WRITE: "CHILD:388:127282947200168:""
21:18:42 "CUSTOM: Selected "58603""
21:18:42 "PUBLISH: Created Pickup_PK_GUE_DZE with ID "127282947200168""
21:18:42 "HIVE: WRITE: "CHILD:388:4144087555047:""
21:18:42 "CUSTOM: Selected "58604""
21:18:42 "PUBLISH: Created 350z_city with ID "4144087555047""
21:18:42 "HIVE: WRITE: "CHILD:388:74820509240160:""
21:18:42 "CUSTOM: Selected "58605""
21:18:42 "HIVE: WRITE: "CHILD:388:4751668744150:""
21:18:42 "CUSTOM: Selected "58601""
21:18:42 "PUBLISH: Created datsun1_civil_3_open with ID "4751668744150""
21:18:42 "HIVE: WRITE: "CHILD:388:2070373672133:""
21:18:42 "CUSTOM: Selected "58609""
21:18:42 "PUBLISH: Created SUV_TK_CIV_EP1 with ID "2070373672133""
21:18:42 "PUBLISH: Created Ural_TK_CIV_EP1 with ID "11991587104259""
21:18:42 "PUBLISH: Created 350z_green with ID "114011122353032""
21:18:42 "PUBLISH: Created 350z_silver with ID "1010735545807""
21:18:42 "PUBLISH: Created car_hatchback with ID "74820509240160""
21:18:44 "TIME SYNC: Local Time set to [2013,8,3,13,18]"
21:18:44 "infiSTAR.de fnc_AdminFirstReq: [1234,B 1-1-C:1 (Ziltoid) REMOTE,"76561198028236135"]"
21:18:44 "infiSTAR.de ******ADMIN-LOGIN******: Ziltoid(76561198028236135)"
21:18:44 "infiSTAR.de fnc_AdminReqProceed: [1234,B 1-1-C:1 (Ziltoid) REMOTE,"76561198028236135"]"
21:18:45 Warning: looped for animation: ca\anims\characters\data\anim\sdr\mov\erc\stp\non\non\amovpercmstpsnonwnondnon_amovpercmstpsraswpstdnon_end.rtm differs (looped now 0)! MoveName: amovpercmstpsnonwnondnon_amovpercmstpsraswpstdnon_end
21:18:47 "infiSTAR.de Log: Ziltoid(76561198028236135) -    Left SafeZone @036132"
21:18:59 "infiSTAR.de PVAH_WriteLog: B 1-1-C:1 (Ziltoid) REMOTE   Ziltoid G_o_d ON"
21:19:01 "infiSTAR.de PVAH_WriteLog: B 1-1-C:1 (Ziltoid) REMOTE   Ziltoid TP infront of you ON"
21:19:03 "infiSTAR.de fnc_AdminFirstReq: [1,B 1-1-C:1 (Ziltoid) REMOTE,B 1-1-C:1 (Ziltoid) REMOTE,[8007.23,2899.97,0]]"
21:19:03 "infiSTAR.de fnc_AdminReqProceed: [1,B 1-1-C:1 (Ziltoid) REMOTE,B 1-1-C:1 (Ziltoid) REMOTE,[8007.23,2899.97,0]]"
21:19:03 "infiSTAR.de PVAH_WriteLog: B 1-1-C:1 (Ziltoid) REMOTE   Admin Ziltoid(76561198028236135) teleported to   GPS: 080124   WorldSpace: [8007.23,2899.97,0]"
21:19:34 "infiSTAR.de fnc_AdminFirstReq: [1,B 1-1-C:1 (Ziltoid) REMOTE,B 1-1-C:1 (Ziltoid) REMOTE,[13422.8,5422.86,0]]"
21:19:34 "infiSTAR.de fnc_AdminReqProceed: [1,B 1-1-C:1 (Ziltoid) REMOTE,B 1-1-C:1 (Ziltoid) REMOTE,[13422.8,5422.86,0]]"
21:19:34 "infiSTAR.de PVAH_WriteLog: B 1-1-C:1 (Ziltoid) REMOTE   Admin Ziltoid(76561198028236135) teleported to   GPS: 134099   WorldSpace: [13422.8,5422.86,0]"
